0:0:0:0:0:0:0:1 - - [23/Feb/2018:10:26:48 +0900] "GET /test?name=1 HTTP/1.1" 200 31
0:0:0:0:0:0:0:1 - - [23/Feb/2018:10:27:08 +0900] "GET /test?name=1 HTTP/1.1" 200 31
0:0:0:0:0:0:0:1 - - [23/Feb/2018:10:27:08 +0900] "GET /favicon.ico HTTP/1.1" 200 946
0:0:0:0:0:0:0:1 - - [23/Feb/2018:10:27:14 +0900] "GET /test/my?name=1 HTTP/1.1" 200 31
0:0:0:0:0:0:0:1 - - [23/Feb/2018:10:27:20 +0900] "GET /test/my?name=1 HTTP/1.1" 200 31
0:0:0:0:0:0:0:1 - - [23/Feb/2018:10:27:20 +0900] "GET /favicon.ico HTTP/1.1" 200 946
0:0:0:0:0:0:0:1 - - [23/Feb/2018:10:27:21 +0900] "GET /test/my?name=1 HTTP/1.1" 200 31
0:0:0:0:0:0:0:1 - - [23/Feb/2018:10:27:21 +0900] "GET /favicon.ico HTTP/1.1" 200 946
0:0:0:0:0:0:0:1 - - [23/Feb/2018:10:27:22 +0900] "GET /test/my?name=1 HTTP/1.1" 200 31
0:0:0:0:0:0:0:1 - - [23/Feb/2018:10:27:22 +0900] "GET /favicon.ico HTTP/1.1" 200 946
0:0:0:0:0:0:0:1 - - [23/Feb/2018:10:27:23 +0900] "GET /test/my?name=1 HTTP/1.1" 200 31
0:0:0:0:0:0:0:1 - - [23/Feb/2018:10:27:23 +0900] "GET /favicon.ico HTTP/1.1" 200 946
0:0:0:0:0:0:0:1 - - [23/Feb/2018:10:44:12 +0900] "GET /test/my?name=1 HTTP/1.1" 200 31
0:0:0:0:0:0:0:1 - - [23/Feb/2018:10:44:12 +0900] "GET /favicon.ico HTTP/1.1" 200 946
0:0:0:0:0:0:0:1 - - [23/Feb/2018:10:44:15 +0900] "GET /test/my?name=1 HTTP/1.1" 200 31
0:0:0:0:0:0:0:1 - - [23/Feb/2018:10:44:15 +0900] "GET /favicon.ico HTTP/1.1" 200 946
0:0:0:0:0:0:0:1 - - [23/Feb/2018:10:44:16 +0900] "GET /test/my?name=1 HTTP/1.1" 200 31
0:0:0:0:0:0:0:1 - - [23/Feb/2018:10:44:16 +0900] "GET /favicon.ico HTTP/1.1" 200 946
0:0:0:0:0:0:0:1 - - [23/Feb/2018:10:44:45 +0900] "GET /test/my?name=1 HTTP/1.1" 200 31
0:0:0:0:0:0:0:1 - - [23/Feb/2018:10:44:45 +0900] "GET /favicon.ico HTTP/1.1" 200 946
0:0:0:0:0:0:0:1 - - [23/Feb/2018:10:44:48 +0900] "GET /test/my?name=1 HTTP/1.1" 200 31
0:0:0:0:0:0:0:1 - - [23/Feb/2018:10:44:48 +0900] "GET /favicon.ico HTTP/1.1" 200 946
0:0:0:0:0:0:0:1 - - [23/Feb/2018:10:44:50 +0900] "GET /test/my?name=1 HTTP/1.1" 200 31
0:0:0:0:0:0:0:1 - - [23/Feb/2018:10:44:50 +0900] "GET /favicon.ico HTTP/1.1" 200 946
0:0:0:0:0:0:0:1 - - [23/Feb/2018:10:45:45 +0900] "GET /test/my?name=1 HTTP/1.1" 200 31
0:0:0:0:0:0:0:1 - - [23/Feb/2018:10:45:45 +0900] "GET /favicon.ico HTTP/1.1" 200 946
0:0:0:0:0:0:0:1 - - [23/Feb/2018:10:45:47 +0900] "GET /test/my?name=1 HTTP/1.1" 200 31
0:0:0:0:0:0:0:1 - - [23/Feb/2018:10:45:47 +0900] "GET /favicon.ico HTTP/1.1" 200 946
0:0:0:0:0:0:0:1 - - [23/Feb/2018:10:45:48 +0900] "GET /test/my?name=1 HTTP/1.1" 200 31
0:0:0:0:0:0:0:1 - - [23/Feb/2018:10:45:48 +0900] "GET /favicon.ico HTTP/1.1" 200 946
0:0:0:0:0:0:0:1 - - [23/Feb/2018:10:45:49 +0900] "GET /test/my?name=1 HTTP/1.1" 200 31
0:0:0:0:0:0:0:1 - - [23/Feb/2018:10:45:49 +0900] "GET /favicon.ico HTTP/1.1" 200 946
0:0:0:0:0:0:0:1 - - [23/Feb/2018:10:45:49 +0900] "GET /test/my?name=1 HTTP/1.1" 200 31
0:0:0:0:0:0:0:1 - - [23/Feb/2018:10:45:49 +0900] "GET /favicon.ico HTTP/1.1" 200 946
0:0:0:0:0:0:0:1 - - [23/Feb/2018:10:45:49 +0900] "GET /test/my?name=1 HTTP/1.1" 200 31
0:0:0:0:0:0:0:1 - - [23/Feb/2018:10:45:49 +0900] "GET /favicon.ico HTTP/1.1" 200 946
0:0:0:0:0:0:0:1 - - [23/Feb/2018:10:45:49 +0900] "GET /test/my?name=1 HTTP/1.1" 200 31
0:0:0:0:0:0:0:1 - - [23/Feb/2018:10:45:49 +0900] "GET /favicon.ico HTTP/1.1" 200 946
0:0:0:0:0:0:0:1 - - [23/Feb/2018:10:45:49 +0900] "GET /test/my?name=1 HTTP/1.1" 200 31
0:0:0:0:0:0:0:1 - - [23/Feb/2018:10:45:49 +0900] "GET /favicon.ico HTTP/1.1" 200 946
0:0:0:0:0:0:0:1 - - [23/Feb/2018:10:45:50 +0900] "GET /test/my?name=1 HTTP/1.1" 200 31
0:0:0:0:0:0:0:1 - - [23/Feb/2018:10:45:50 +0900] "GET /favicon.ico HTTP/1.1" 200 946
0:0:0:0:0:0:0:1 - - [23/Feb/2018:10:45:50 +0900] "GET /test/my?name=1 HTTP/1.1" 200 32
0:0:0:0:0:0:0:1 - - [23/Feb/2018:10:45:50 +0900] "GET /favicon.ico HTTP/1.1" 200 946
0:0:0:0:0:0:0:1 - - [23/Feb/2018:10:45:50 +0900] "GET /test/my?name=1 HTTP/1.1" 200 32
0:0:0:0:0:0:0:1 - - [23/Feb/2018:10:45:50 +0900] "GET /favicon.ico HTTP/1.1" 200 946
0:0:0:0:0:0:0:1 - - [23/Feb/2018:10:45:50 +0900] "GET /test/my?name=1 HTTP/1.1" 200 32
0:0:0:0:0:0:0:1 - - [23/Feb/2018:10:45:50 +0900] "GET /favicon.ico HTTP/1.1" 200 946
0:0:0:0:0:0:0:1 - - [23/Feb/2018:10:45:50 +0900] "GET /test/my?name=1 HTTP/1.1" 200 32
0:0:0:0:0:0:0:1 - - [23/Feb/2018:10:45:50 +0900] "GET /favicon.ico HTTP/1.1" 200 946
0:0:0:0:0:0:0:1 - - [23/Feb/2018:10:50:19 +0900] "GET /test?name=1 HTTP/1.1" 200 31
0:0:0:0:0:0:0:1 - - [23/Feb/2018:10:50:19 +0900] "GET /favicon.ico HTTP/1.1" 200 946
0:0:0:0:0:0:0:1 - - [23/Feb/2018:10:50:26 +0900] "GET /test?name=1 HTTP/1.1" 200 31
0:0:0:0:0:0:0:1 - - [23/Feb/2018:10:50:26 +0900] "GET /favicon.ico HTTP/1.1" 200 946
0:0:0:0:0:0:0:1 - - [23/Feb/2018:10:50:38 +0900] "GET /test/my?name=1 HTTP/1.1" 200 31
0:0:0:0:0:0:0:1 - - [23/Feb/2018:10:50:51 +0900] "GET /test/my?name=1 HTTP/1.1" 200 31
0:0:0:0:0:0:0:1 - - [23/Feb/2018:10:50:51 +0900] "GET /favicon.ico HTTP/1.1" 200 946
0:0:0:0:0:0:0:1 - - [23/Feb/2018:10:51:56 +0900] "GET /test/my?name=1 HTTP/1.1" 200 31
0:0:0:0:0:0:0:1 - - [23/Feb/2018:10:51:56 +0900] "GET /favicon.ico HTTP/1.1" 200 946
0:0:0:0:0:0:0:1 - - [23/Feb/2018:10:53:18 +0900] "GET /test/my?name=1 HTTP/1.1" 200 31
0:0:0:0:0:0:0:1 - - [23/Feb/2018:10:53:18 +0900] "GET /favicon.ico HTTP/1.1" 200 946
0:0:0:0:0:0:0:1 - - [23/Feb/2018:10:55:53 +0900] "GET /test/my?name=1 HTTP/1.1" 200 31
0:0:0:0:0:0:0:1 - - [23/Feb/2018:10:55:53 +0900] "GET /favicon.ico HTTP/1.1" 200 946
0:0:0:0:0:0:0:1 - - [23/Feb/2018:10:56:52 +0900] "GET /test/my?name=1 HTTP/1.1" 200 31
0:0:0:0:0:0:0:1 - - [23/Feb/2018:10:56:52 +0900] "GET /favicon.ico HTTP/1.1" 200 946
0:0:0:0:0:0:0:1 - - [23/Feb/2018:10:58:25 +0900] "GET /test/my?name=1 HTTP/1.1" 200 31
0:0:0:0:0:0:0:1 - - [23/Feb/2018:10:58:25 +0900] "GET /favicon.ico HTTP/1.1" 200 946
0:0:0:0:0:0:0:1 - - [23/Feb/2018:10:58:28 +0900] "GET /test/my?name=1 HTTP/1.1" 200 31
0:0:0:0:0:0:0:1 - - [23/Feb/2018:10:58:28 +0900] "GET /favicon.ico HTTP/1.1" 200 946
0:0:0:0:0:0:0:1 - - [23/Feb/2018:10:58:29 +0900] "GET /test/my?name=1 HTTP/1.1" 200 31
0:0:0:0:0:0:0:1 - - [23/Feb/2018:10:58:29 +0900] "GET /favicon.ico HTTP/1.1" 200 946
0:0:0:0:0:0:0:1 - - [23/Feb/2018:10:58:30 +0900] "GET /test/my?name=1 HTTP/1.1" 200 31
0:0:0:0:0:0:0:1 - - [23/Feb/2018:10:58:30 +0900] "GET /favicon.ico HTTP/1.1" 200 946
0:0:0:0:0:0:0:1 - - [23/Feb/2018:11:03:10 +0900] "GET /test/my?name=1 HTTP/1.1" 200 31
0:0:0:0:0:0:0:1 - - [23/Feb/2018:11:03:10 +0900] "GET /favicon.ico HTTP/1.1" 200 946
0:0:0:0:0:0:0:1 - - [23/Feb/2018:11:09:11 +0900] "GET /test/my?name=1 HTTP/1.1" 200 31
0:0:0:0:0:0:0:1 - - [23/Feb/2018:11:09:11 +0900] "GET /favicon.ico HTTP/1.1" 200 946
0:0:0:0:0:0:0:1 - - [23/Feb/2018:11:10:14 +0900] "GET /test/my?name=1 HTTP/1.1" 200 31
0:0:0:0:0:0:0:1 - - [23/Feb/2018:11:10:14 +0900] "GET /favicon.ico HTTP/1.1" 200 946
0:0:0:0:0:0:0:1 - - [23/Feb/2018:11:10:16 +0900] "GET /test/my?name=1 HTTP/1.1" 200 31
0:0:0:0:0:0:0:1 - - [23/Feb/2018:11:10:16 +0900] "GET /favicon.ico HTTP/1.1" 200 946
0:0:0:0:0:0:0:1 - - [23/Feb/2018:11:10:17 +0900] "GET /test/my?name=1 HTTP/1.1" 200 31
0:0:0:0:0:0:0:1 - - [23/Feb/2018:11:10:17 +0900] "GET /favicon.ico HTTP/1.1" 200 946
0:0:0:0:0:0:0:1 - - [23/Feb/2018:11:11:32 +0900] "GET /test/my?name=1 HTTP/1.1" 200 31
0:0:0:0:0:0:0:1 - - [23/Feb/2018:11:11:32 +0900] "GET /favicon.ico HTTP/1.1" 200 946
0:0:0:0:0:0:0:1 - - [23/Feb/2018:11:11:48 +0900] "GET /test/my?name=1 HTTP/1.1" 200 31
0:0:0:0:0:0:0:1 - - [23/Feb/2018:11:11:48 +0900] "GET /favicon.ico HTTP/1.1" 200 946
0:0:0:0:0:0:0:1 - - [23/Feb/2018:11:12:38 +0900] "GET /test/my?name=1 HTTP/1.1" 200 31
0:0:0:0:0:0:0:1 - - [23/Feb/2018:11:12:38 +0900] "GET /favicon.ico HTTP/1.1" 200 946
0:0:0:0:0:0:0:1 - - [23/Feb/2018:11:12:40 +0900] "GET /test/my?name=1 HTTP/1.1" 200 31
0:0:0:0:0:0:0:1 - - [23/Feb/2018:11:12:40 +0900] "GET /favicon.ico HTTP/1.1" 200 946
0:0:0:0:0:0:0:1 - - [23/Feb/2018:11:14:42 +0900] "GET /test/my?name=1 HTTP/1.1" 200 31
0:0:0:0:0:0:0:1 - - [23/Feb/2018:11:14:42 +0900] "GET /favicon.ico HTTP/1.1" 200 946
0:0:0:0:0:0:0:1 - - [23/Feb/2018:11:15:18 +0900] "GET /test/my?name=1 HTTP/1.1" 200 31
0:0:0:0:0:0:0:1 - - [23/Feb/2018:11:15:18 +0900] "GET /favicon.ico HTTP/1.1" 200 946
0:0:0:0:0:0:0:1 - - [23/Feb/2018:11:20:14 +0900] "GET /test/my?name=1 HTTP/1.1" 200 31
0:0:0:0:0:0:0:1 - - [23/Feb/2018:11:20:14 +0900] "GET /favicon.ico HTTP/1.1" 200 946
0:0:0:0:0:0:0:1 - - [23/Feb/2018:11:20:14 +0900] "GET /test/my?name=1 HTTP/1.1" 200 31
0:0:0:0:0:0:0:1 - - [23/Feb/2018:11:20:14 +0900] "GET /favicon.ico HTTP/1.1" 200 946
0:0:0:0:0:0:0:1 - - [23/Feb/2018:11:20:15 +0900] "GET /test/my?name=1 HTTP/1.1" 200 31
0:0:0:0:0:0:0:1 - - [23/Feb/2018:11:20:15 +0900] "GET /favicon.ico HTTP/1.1" 200 946
0:0:0:0:0:0:0:1 - - [23/Feb/2018:14:09:24 +0900] "GET /test?name=1 HTTP/1.1" 200 31
0:0:0:0:0:0:0:1 - - [23/Feb/2018:14:09:28 +0900] "GET /test2?name=1 HTTP/1.1" 500 472
0:0:0:0:0:0:0:1 - - [23/Feb/2018:14:12:43 +0900] "GET /test?name=1 HTTP/1.1" 200 31
0:0:0:0:0:0:0:1 - - [23/Feb/2018:14:12:50 +0900] "GET /console HTTP/1.1" 302 -
0:0:0:0:0:0:0:1 - - [23/Feb/2018:14:12:50 +0900] "GET /console/ HTTP/1.1" 200 937
0:0:0:0:0:0:0:1 - - [23/Feb/2018:14:12:50 +0900] "GET /console/stylesheet.css HTTP/1.1" 200 4671
0:0:0:0:0:0:0:1 - - [23/Feb/2018:14:12:50 +0900] "GET /console/login.jsp?jsessionid=e69987115d3980555438f8eeacfea687 HTTP/1.1" 200 8512
0:0:0:0:0:0:0:1 - - [23/Feb/2018:14:12:50 +0900] "GET /console/background.gif HTTP/1.1" 200 169
0:0:0:0:0:0:0:1 - - [23/Feb/2018:14:12:53 +0900] "POST /console/login.do?jsessionid=e69987115d3980555438f8eeacfea687 HTTP/1.1" 200 1459
0:0:0:0:0:0:0:1 - - [23/Feb/2018:14:12:53 +0900] "GET /console/header.jsp?jsessionid=e69987115d3980555438f8eeacfea687 HTTP/1.1" 200 8069
0:0:0:0:0:0:0:1 - - [23/Feb/2018:14:12:53 +0900] "GET /console/query.jsp?jsessionid=e69987115d3980555438f8eeacfea687 HTTP/1.1" 200 16429
0:0:0:0:0:0:0:1 - - [23/Feb/2018:14:12:53 +0900] "GET /console/help.jsp?jsessionid=e69987115d3980555438f8eeacfea687 HTTP/1.1" 200 5318
0:0:0:0:0:0:0:1 - - [23/Feb/2018:14:12:53 +0900] "GET /console/icon_rollback.gif HTTP/1.1" 200 331
0:0:0:0:0:0:0:1 - - [23/Feb/2018:14:12:53 +0900] "GET /console/icon_refresh.gif HTTP/1.1" 200 327
0:0:0:0:0:0:0:1 - - [23/Feb/2018:14:12:53 +0900] "GET /console/icon_disconnect.gif HTTP/1.1" 200 114
0:0:0:0:0:0:0:1 - - [23/Feb/2018:14:12:53 +0900] "GET /console/icon_commit.gif HTTP/1.1" 200 323
0:0:0:0:0:0:0:1 - - [23/Feb/2018:14:12:53 +0900] "GET /console/icon_line.gif HTTP/1.1" 200 818
0:0:0:0:0:0:0:1 - - [23/Feb/2018:14:12:53 +0900] "GET /console/icon_stop.gif HTTP/1.1" 200 215
0:0:0:0:0:0:0:1 - - [23/Feb/2018:14:12:53 +0900] "GET /console/icon_history.gif HTTP/1.1" 200 216
0:0:0:0:0:0:0:1 - - [23/Feb/2018:14:12:53 +0900] "GET /console/icon_help.gif HTTP/1.1" 200 373
0:0:0:0:0:0:0:1 - - [23/Feb/2018:14:12:53 +0900] "GET /console/icon_run.gif HTTP/1.1" 200 379
0:0:0:0:0:0:0:1 - - [23/Feb/2018:14:12:53 +0900] "GET /console/icon_run_selected.gif HTTP/1.1" 200 312
0:0:0:0:0:0:0:1 - - [23/Feb/2018:14:12:53 +0900] "GET /console/tables.do?jsessionid=e69987115d3980555438f8eeacfea687 HTTP/1.1" 200 4640
0:0:0:0:0:0:0:1 - - [23/Feb/2018:14:12:53 +0900] "GET /console/tree.js HTTP/1.1" 200 3184
0:0:0:0:0:0:0:1 - - [23/Feb/2018:14:12:53 +0900] "GET /console/tree_plus.gif HTTP/1.1" 200 870
0:0:0:0:0:0:0:1 - - [23/Feb/2018:14:12:53 +0900] "GET /console/tree_column.gif HTTP/1.1" 200 317
0:0:0:0:0:0:0:1 - - [23/Feb/2018:14:12:53 +0900] "GET /console/tree_minus.gif HTTP/1.1" 200 861
0:0:0:0:0:0:0:1 - - [23/Feb/2018:14:12:53 +0900] "GET /console/tree_database.gif HTTP/1.1" 200 545
0:0:0:0:0:0:0:1 - - [23/Feb/2018:14:12:53 +0900] "GET /console/tree_empty.gif HTTP/1.1" 200 62
0:0:0:0:0:0:0:1 - - [23/Feb/2018:14:12:53 +0900] "GET /console/tree_table.gif HTTP/1.1" 200 343
0:0:0:0:0:0:0:1 - - [23/Feb/2018:14:12:53 +0900] "GET /console/tree_users.gif HTTP/1.1" 200 601
0:0:0:0:0:0:0:1 - - [23/Feb/2018:14:12:53 +0900] "GET /console/tree_folder.gif HTTP/1.1" 200 372
0:0:0:0:0:0:0:1 - - [23/Feb/2018:14:12:53 +0900] "GET /console/tree_sequences.gif HTTP/1.1" 200 114
0:0:0:0:0:0:0:1 - - [23/Feb/2018:14:12:53 +0900] "GET /console/tree_info.gif HTTP/1.1" 200 267
0:0:0:0:0:0:0:1 - - [23/Feb/2018:14:12:53 +0900] "GET /console/tree_index_az.gif HTTP/1.1" 200 157
0:0:0:0:0:0:0:1 - - [23/Feb/2018:14:12:53 +0900] "GET /console/tree_type.gif HTTP/1.1" 200 197
0:0:0:0:0:0:0:1 - - [23/Feb/2018:14:12:53 +0900] "GET /console/tree_index.gif HTTP/1.1" 200 152
0:0:0:0:0:0:0:1 - - [23/Feb/2018:14:12:53 +0900] "GET /console/tree_sequence.gif HTTP/1.1" 200 91
0:0:0:0:0:0:0:1 - - [23/Feb/2018:14:12:53 +0900] "GET /console/tree_user.gif HTTP/1.1" 200 500
0:0:0:0:0:0:0:1 - - [23/Feb/2018:14:13:02 +0900] "POST /console/query.do?jsessionid=e69987115d3980555438f8eeacfea687 HTTP/1.1" 200 9828
0:0:0:0:0:0:0:1 - - [23/Feb/2018:14:13:02 +0900] "GET /console/stylesheet.css HTTP/1.1" 304 -
0:0:0:0:0:0:0:1 - - [23/Feb/2018:14:13:02 +0900] "GET /console/table.js HTTP/1.1" 200 7196
0:0:0:0:0:0:0:1 - - [23/Feb/2018:14:13:17 +0900] "POST /console/query.do?jsessionid=e69987115d3980555438f8eeacfea687 HTTP/1.1" 200 13676
0:0:0:0:0:0:0:1 - - [23/Feb/2018:14:13:17 +0900] "GET /console/stylesheet.css HTTP/1.1" 304 -
0:0:0:0:0:0:0:1 - - [23/Feb/2018:14:13:17 +0900] "GET /console/table.js HTTP/1.1" 304 -
0:0:0:0:0:0:0:1 - - [23/Feb/2018:14:14:22 +0900] "POST /console/login.do?jsessionid=e69987115d3980555438f8eeacfea687 HTTP/1.1" 200 1459
0:0:0:0:0:0:0:1 - - [23/Feb/2018:14:14:22 +0900] "GET /console/stylesheet.css HTTP/1.1" 304 -
0:0:0:0:0:0:0:1 - - [23/Feb/2018:14:14:22 +0900] "GET /console/header.jsp?jsessionid=e69987115d3980555438f8eeacfea687 HTTP/1.1" 200 8069
0:0:0:0:0:0:0:1 - - [23/Feb/2018:14:14:22 +0900] "GET /console/query.jsp?jsessionid=e69987115d3980555438f8eeacfea687 HTTP/1.1" 200 16429
0:0:0:0:0:0:0:1 - - [23/Feb/2018:14:14:22 +0900] "GET /console/help.jsp?jsessionid=e69987115d3980555438f8eeacfea687 HTTP/1.1" 200 5318
0:0:0:0:0:0:0:1 - - [23/Feb/2018:14:14:22 +0900] "GET /console/icon_line.gif HTTP/1.1" 304 -
0:0:0:0:0:0:0:1 - - [23/Feb/2018:14:14:22 +0900] "GET /console/icon_disconnect.gif HTTP/1.1" 304 -
0:0:0:0:0:0:0:1 - - [23/Feb/2018:14:14:22 +0900] "GET /console/icon_refresh.gif HTTP/1.1" 304 -
0:0:0:0:0:0:0:1 - - [23/Feb/2018:14:14:22 +0900] "GET /console/icon_rollback.gif HTTP/1.1" 304 -
0:0:0:0:0:0:0:1 - - [23/Feb/2018:14:14:22 +0900] "GET /console/icon_commit.gif HTTP/1.1" 304 -
0:0:0:0:0:0:0:1 - - [23/Feb/2018:14:14:22 +0900] "GET /console/icon_run.gif HTTP/1.1" 304 -
0:0:0:0:0:0:0:1 - - [23/Feb/2018:14:14:22 +0900] "GET /console/icon_run_selected.gif HTTP/1.1" 304 -
0:0:0:0:0:0:0:1 - - [23/Feb/2018:14:14:22 +0900] "GET /console/icon_help.gif HTTP/1.1" 304 -
0:0:0:0:0:0:0:1 - - [23/Feb/2018:14:14:22 +0900] "GET /console/icon_stop.gif HTTP/1.1" 304 -
0:0:0:0:0:0:0:1 - - [23/Feb/2018:14:14:22 +0900] "GET /console/icon_history.gif HTTP/1.1" 304 -
0:0:0:0:0:0:0:1 - - [23/Feb/2018:14:14:22 +0900] "GET /console/tables.do?jsessionid=e69987115d3980555438f8eeacfea687 HTTP/1.1" 200 3926
0:0:0:0:0:0:0:1 - - [23/Feb/2018:14:14:22 +0900] "GET /console/tree.js HTTP/1.1" 304 -
0:0:0:0:0:0:0:1 - - [23/Feb/2018:14:14:22 +0900] "GET /console/tree_minus.gif HTTP/1.1" 304 -
0:0:0:0:0:0:0:1 - - [23/Feb/2018:14:14:22 +0900] "GET /console/tree_database.gif HTTP/1.1" 304 -
0:0:0:0:0:0:0:1 - - [23/Feb/2018:14:14:22 +0900] "GET /console/tree_plus.gif HTTP/1.1" 304 -
0:0:0:0:0:0:0:1 - - [23/Feb/2018:14:14:22 +0900] "GET /console/tree_folder.gif HTTP/1.1" 304 -
0:0:0:0:0:0:0:1 - - [23/Feb/2018:14:14:22 +0900] "GET /console/tree_table.gif HTTP/1.1" 304 -
0:0:0:0:0:0:0:1 - - [23/Feb/2018:14:14:22 +0900] "GET /console/tree_empty.gif HTTP/1.1" 304 -
0:0:0:0:0:0:0:1 - - [23/Feb/2018:14:14:22 +0900] "GET /console/tree_user.gif HTTP/1.1" 304 -
0:0:0:0:0:0:0:1 - - [23/Feb/2018:14:14:22 +0900] "GET /console/tree_type.gif HTTP/1.1" 304 -
0:0:0:0:0:0:0:1 - - [23/Feb/2018:14:14:22 +0900] "GET /console/tree_info.gif HTTP/1.1" 304 -
0:0:0:0:0:0:0:1 - - [23/Feb/2018:14:14:22 +0900] "GET /console/tree_users.gif HTTP/1.1" 304 -
0:0:0:0:0:0:0:1 - - [23/Feb/2018:14:14:49 +0900] "POST /console/query.do?jsessionid=e69987115d3980555438f8eeacfea687 HTTP/1.1" 200 883
0:0:0:0:0:0:0:1 - - [23/Feb/2018:14:14:49 +0900] "GET /console/table.js HTTP/1.1" 304 -
0:0:0:0:0:0:0:1 - - [23/Feb/2018:14:14:49 +0900] "GET /console/stylesheet.css HTTP/1.1" 304 -
0:0:0:0:0:0:0:1 - - [23/Feb/2018:14:14:49 +0900] "GET /console/tables.do?jsessionid=e69987115d3980555438f8eeacfea687 HTTP/1.1" 200 4642
0:0:0:0:0:0:0:1 - - [23/Feb/2018:14:14:49 +0900] "GET /console/tree.js HTTP/1.1" 304 -
0:0:0:0:0:0:0:1 - - [23/Feb/2018:14:14:49 +0900] "GET /console/tree_minus.gif HTTP/1.1" 304 -
0:0:0:0:0:0:0:1 - - [23/Feb/2018:14:14:49 +0900] "GET /console/tree_plus.gif HTTP/1.1" 304 -
0:0:0:0:0:0:0:1 - - [23/Feb/2018:14:14:49 +0900] "GET /console/tree_database.gif HTTP/1.1" 304 -
0:0:0:0:0:0:0:1 - - [23/Feb/2018:14:14:49 +0900] "GET /console/tree_table.gif HTTP/1.1" 304 -
0:0:0:0:0:0:0:1 - - [23/Feb/2018:14:14:49 +0900] "GET /console/tree_empty.gif HTTP/1.1" 304 -
0:0:0:0:0:0:0:1 - - [23/Feb/2018:14:14:49 +0900] "GET /console/tree_type.gif HTTP/1.1" 304 -
0:0:0:0:0:0:0:1 - - [23/Feb/2018:14:14:49 +0900] "GET /console/tree_user.gif HTTP/1.1" 304 -
0:0:0:0:0:0:0:1 - - [23/Feb/2018:14:14:49 +0900] "GET /console/tree_users.gif HTTP/1.1" 304 -
0:0:0:0:0:0:0:1 - - [23/Feb/2018:14:14:49 +0900] "GET /console/tree_folder.gif HTTP/1.1" 304 -
0:0:0:0:0:0:0:1 - - [23/Feb/2018:14:14:49 +0900] "GET /console/tree_info.gif HTTP/1.1" 304 -
0:0:0:0:0:0:0:1 - - [23/Feb/2018:14:14:49 +0900] "GET /console/tree_index_az.gif HTTP/1.1" 304 -
0:0:0:0:0:0:0:1 - - [23/Feb/2018:14:14:49 +0900] "GET /console/tree_column.gif HTTP/1.1" 304 -
0:0:0:0:0:0:0:1 - - [23/Feb/2018:14:14:49 +0900] "GET /console/tree_sequence.gif HTTP/1.1" 304 -
0:0:0:0:0:0:0:1 - - [23/Feb/2018:14:14:49 +0900] "GET /console/tree_sequences.gif HTTP/1.1" 304 -
0:0:0:0:0:0:0:1 - - [23/Feb/2018:14:14:49 +0900] "GET /console/tree_index.gif HTTP/1.1" 304 -
0:0:0:0:0:0:0:1 - - [23/Feb/2018:14:15:00 +0900] "GET /test2?name=1 HTTP/1.1" 200 31
0:0:0:0:0:0:0:1 - - [23/Feb/2018:14:15:00 +0900] "GET /favicon.ico HTTP/1.1" 200 946
0:0:0:0:0:0:0:1 - - [23/Feb/2018:14:15:02 +0900] "GET /test2?name=1 HTTP/1.1" 200 31
0:0:0:0:0:0:0:1 - - [23/Feb/2018:14:15:02 +0900] "GET /favicon.ico HTTP/1.1" 200 946
0:0:0:0:0:0:0:1 - - [23/Feb/2018:14:15:07 +0900] "GET /test?name=1 HTTP/1.1" 200 31
0:0:0:0:0:0:0:1 - - [23/Feb/2018:14:15:07 +0900] "GET /favicon.ico HTTP/1.1" 200 946
0:0:0:0:0:0:0:1 - - [23/Feb/2018:14:15:10 +0900] "GET /test?name=1 HTTP/1.1" 200 31
0:0:0:0:0:0:0:1 - - [23/Feb/2018:14:15:10 +0900] "GET /favicon.ico HTTP/1.1" 200 946
0:0:0:0:0:0:0:1 - - [23/Feb/2018:14:15:10 +0900] "GET /test?name=1 HTTP/1.1" 200 31
0:0:0:0:0:0:0:1 - - [23/Feb/2018:14:15:10 +0900] "GET /favicon.ico HTTP/1.1" 200 946
0:0:0:0:0:0:0:1 - - [23/Feb/2018:14:15:10 +0900] "GET /test?name=1 HTTP/1.1" 200 31
0:0:0:0:0:0:0:1 - - [23/Feb/2018:14:15:10 +0900] "GET /favicon.ico HTTP/1.1" 200 946
0:0:0:0:0:0:0:1 - - [23/Feb/2018:14:15:10 +0900] "GET /test?name=1 HTTP/1.1" 200 31
0:0:0:0:0:0:0:1 - - [23/Feb/2018:14:15:10 +0900] "GET /favicon.ico HTTP/1.1" 200 946
0:0:0:0:0:0:0:1 - - [23/Feb/2018:14:15:14 +0900] "GET /test2?name=1 HTTP/1.1" 200 31
0:0:0:0:0:0:0:1 - - [23/Feb/2018:14:21:42 +0900] "GET /test2?name=1 HTTP/1.1" 500 472
0:0:0:0:0:0:0:1 - - [23/Feb/2018:14:21:42 +0900] "GET /favicon.ico HTTP/1.1" 200 946
0:0:0:0:0:0:0:1 - - [23/Feb/2018:14:21:59 +0900] "POST /console/login.do?jsessionid=e69987115d3980555438f8eeacfea687 HTTP/1.1" 200 937
0:0:0:0:0:0:0:1 - - [23/Feb/2018:14:21:59 +0900] "GET /console/stylesheet.css HTTP/1.1" 200 4671
0:0:0:0:0:0:0:1 - - [23/Feb/2018:14:21:59 +0900] "GET /console/login.jsp?jsessionid=899097f3cebc98a7233ce0bb3a8bc028 HTTP/1.1" 200 8512
0:0:0:0:0:0:0:1 - - [23/Feb/2018:14:21:59 +0900] "GET /console/background.gif HTTP/1.1" 200 169
0:0:0:0:0:0:0:1 - - [23/Feb/2018:14:22:01 +0900] "POST /console/login.do?jsessionid=899097f3cebc98a7233ce0bb3a8bc028 HTTP/1.1" 200 1459
0:0:0:0:0:0:0:1 - - [23/Feb/2018:14:22:01 +0900] "GET /console/header.jsp?jsessionid=899097f3cebc98a7233ce0bb3a8bc028 HTTP/1.1" 200 8069
0:0:0:0:0:0:0:1 - - [23/Feb/2018:14:22:01 +0900] "GET /console/help.jsp?jsessionid=899097f3cebc98a7233ce0bb3a8bc028 HTTP/1.1" 200 5318
0:0:0:0:0:0:0:1 - - [23/Feb/2018:14:22:01 +0900] "GET /console/query.jsp?jsessionid=899097f3cebc98a7233ce0bb3a8bc028 HTTP/1.1" 200 16429
0:0:0:0:0:0:0:1 - - [23/Feb/2018:14:22:01 +0900] "GET /console/icon_line.gif HTTP/1.1" 200 818
0:0:0:0:0:0:0:1 - - [23/Feb/2018:14:22:01 +0900] "GET /console/icon_disconnect.gif HTTP/1.1" 200 114
0:0:0:0:0:0:0:1 - - [23/Feb/2018:14:22:01 +0900] "GET /console/icon_refresh.gif HTTP/1.1" 200 327
0:0:0:0:0:0:0:1 - - [23/Feb/2018:14:22:01 +0900] "GET /console/icon_rollback.gif HTTP/1.1" 200 331
0:0:0:0:0:0:0:1 - - [23/Feb/2018:14:22:01 +0900] "GET /console/icon_run_selected.gif HTTP/1.1" 200 312
0:0:0:0:0:0:0:1 - - [23/Feb/2018:14:22:01 +0900] "GET /console/icon_help.gif HTTP/1.1" 200 373
0:0:0:0:0:0:0:1 - - [23/Feb/2018:14:22:01 +0900] "GET /console/icon_stop.gif HTTP/1.1" 200 215
0:0:0:0:0:0:0:1 - - [23/Feb/2018:14:22:01 +0900] "GET /console/icon_history.gif HTTP/1.1" 200 216
0:0:0:0:0:0:0:1 - - [23/Feb/2018:14:22:01 +0900] "GET /console/icon_commit.gif HTTP/1.1" 200 323
0:0:0:0:0:0:0:1 - - [23/Feb/2018:14:22:01 +0900] "GET /console/icon_run.gif HTTP/1.1" 200 379
0:0:0:0:0:0:0:1 - - [23/Feb/2018:14:22:01 +0900] "GET /console/tables.do?jsessionid=899097f3cebc98a7233ce0bb3a8bc028 HTTP/1.1" 200 3926
0:0:0:0:0:0:0:1 - - [23/Feb/2018:14:22:01 +0900] "GET /console/tree.js HTTP/1.1" 200 3184
0:0:0:0:0:0:0:1 - - [23/Feb/2018:14:22:01 +0900] "GET /console/tree_plus.gif HTTP/1.1" 200 870
0:0:0:0:0:0:0:1 - - [23/Feb/2018:14:22:01 +0900] "GET /console/tree_table.gif HTTP/1.1" 200 343
0:0:0:0:0:0:0:1 - - [23/Feb/2018:14:22:01 +0900] "GET /console/tree_database.gif HTTP/1.1" 200 545
0:0:0:0:0:0:0:1 - - [23/Feb/2018:14:22:01 +0900] "GET /console/tree_folder.gif HTTP/1.1" 200 372
0:0:0:0:0:0:0:1 - - [23/Feb/2018:14:22:01 +0900] "GET /console/tree_minus.gif HTTP/1.1" 200 861
0:0:0:0:0:0:0:1 - - [23/Feb/2018:14:22:01 +0900] "GET /console/tree_empty.gif HTTP/1.1" 200 62
0:0:0:0:0:0:0:1 - - [23/Feb/2018:14:22:01 +0900] "GET /console/tree_users.gif HTTP/1.1" 200 601
0:0:0:0:0:0:0:1 - - [23/Feb/2018:14:22:01 +0900] "GET /console/tree_type.gif HTTP/1.1" 200 197
0:0:0:0:0:0:0:1 - - [23/Feb/2018:14:22:01 +0900] "GET /console/tree_user.gif HTTP/1.1" 200 500
0:0:0:0:0:0:0:1 - - [23/Feb/2018:14:22:01 +0900] "GET /console/tree_info.gif HTTP/1.1" 200 267
0:0:0:0:0:0:0:1 - - [23/Feb/2018:14:22:03 +0900] "POST /console/query.do?jsessionid=899097f3cebc98a7233ce0bb3a8bc028 HTTP/1.1" 200 883
0:0:0:0:0:0:0:1 - - [23/Feb/2018:14:22:03 +0900] "GET /console/table.js HTTP/1.1" 200 7196
0:0:0:0:0:0:0:1 - - [23/Feb/2018:14:22:03 +0900] "GET /console/tables.do?jsessionid=899097f3cebc98a7233ce0bb3a8bc028 HTTP/1.1" 200 4642
0:0:0:0:0:0:0:1 - - [23/Feb/2018:14:22:03 +0900] "GET /console/tree_sequences.gif HTTP/1.1" 200 114
0:0:0:0:0:0:0:1 - - [23/Feb/2018:14:22:03 +0900] "GET /console/tree_sequence.gif HTTP/1.1" 200 91
0:0:0:0:0:0:0:1 - - [23/Feb/2018:14:22:03 +0900] "GET /console/tree_column.gif HTTP/1.1" 200 317
0:0:0:0:0:0:0:1 - - [23/Feb/2018:14:22:03 +0900] "GET /console/tree_index.gif HTTP/1.1" 200 152
0:0:0:0:0:0:0:1 - - [23/Feb/2018:14:22:03 +0900] "GET /console/tree_index_az.gif HTTP/1.1" 200 157
0:0:0:0:0:0:0:1 - - [23/Feb/2018:14:22:10 +0900] "GET /test2?name=1 HTTP/1.1" 200 31
0:0:0:0:0:0:0:1 - - [23/Feb/2018:14:22:10 +0900] "GET /favicon.ico HTTP/1.1" 200 946
0:0:0:0:0:0:0:1 - - [23/Feb/2018:14:22:13 +0900] "GET /test?name=1 HTTP/1.1" 200 31
0:0:0:0:0:0:0:1 - - [23/Feb/2018:14:22:14 +0900] "GET /test1?name=1 HTTP/1.1" 404 306
0:0:0:0:0:0:0:1 - - [23/Feb/2018:14:22:20 +0900] "GET /test?name=1 HTTP/1.1" 200 31
0:0:0:0:0:0:0:1 - - [23/Feb/2018:14:22:20 +0900] "GET /favicon.ico HTTP/1.1" 200 946
0:0:0:0:0:0:0:1 - - [23/Feb/2018:14:22:20 +0900] "GET /test?name=1 HTTP/1.1" 200 31
0:0:0:0:0:0:0:1 - - [23/Feb/2018:14:22:20 +0900] "GET /favicon.ico HTTP/1.1" 200 946
0:0:0:0:0:0:0:1 - - [23/Feb/2018:14:22:21 +0900] "GET /test?name=1 HTTP/1.1" 200 31
0:0:0:0:0:0:0:1 - - [23/Feb/2018:14:22:21 +0900] "GET /favicon.ico HTTP/1.1" 200 946
0:0:0:0:0:0:0:1 - - [23/Feb/2018:14:22:21 +0900] "GET /test?name=1 HTTP/1.1" 200 31
0:0:0:0:0:0:0:1 - - [23/Feb/2018:14:22:21 +0900] "GET /favicon.ico HTTP/1.1" 200 946
0:0:0:0:0:0:0:1 - - [23/Feb/2018:14:22:21 +0900] "GET /test?name=1 HTTP/1.1" 200 31
0:0:0:0:0:0:0:1 - - [23/Feb/2018:14:22:21 +0900] "GET /favicon.ico HTTP/1.1" 200 946
0:0:0:0:0:0:0:1 - - [23/Feb/2018:14:22:21 +0900] "GET /test?name=1 HTTP/1.1" 200 31
0:0:0:0:0:0:0:1 - - [23/Feb/2018:14:22:21 +0900] "GET /favicon.ico HTTP/1.1" 200 946
0:0:0:0:0:0:0:1 - - [23/Feb/2018:14:22:21 +0900] "GET /test?name=1 HTTP/1.1" 200 31
0:0:0:0:0:0:0:1 - - [23/Feb/2018:14:22:21 +0900] "GET /favicon.ico HTTP/1.1" 200 946
0:0:0:0:0:0:0:1 - - [23/Feb/2018:14:22:21 +0900] "GET /test?name=1 HTTP/1.1" 200 31
0:0:0:0:0:0:0:1 - - [23/Feb/2018:14:22:22 +0900] "GET /favicon.ico HTTP/1.1" 200 946
0:0:0:0:0:0:0:1 - - [23/Feb/2018:14:22:22 +0900] "GET /test?name=1 HTTP/1.1" 200 32
0:0:0:0:0:0:0:1 - - [23/Feb/2018:14:22:22 +0900] "GET /favicon.ico HTTP/1.1" 200 946
0:0:0:0:0:0:0:1 - - [23/Feb/2018:14:22:22 +0900] "GET /test?name=1 HTTP/1.1" 200 32
0:0:0:0:0:0:0:1 - - [23/Feb/2018:14:22:22 +0900] "GET /favicon.ico HTTP/1.1" 200 946
0:0:0:0:0:0:0:1 - - [23/Feb/2018:14:22:26 +0900] "GET /test2?name=1 HTTP/1.1" 200 31
0:0:0:0:0:0:0:1 - - [23/Feb/2018:14:22:38 +0900] "GET /test/m/2 HTTP/1.1" 200 31
0:0:0:0:0:0:0:1 - - [23/Feb/2018:14:22:48 +0900] "GET /test/s/2 HTTP/1.1" 200 31
0:0:0:0:0:0:0:1 - - [23/Feb/2018:14:23:05 +0900] "POST /console/query.do?jsessionid=899097f3cebc98a7233ce0bb3a8bc028 HTTP/1.1" 200 1080
0:0:0:0:0:0:0:1 - - [23/Feb/2018:14:23:05 +0900] "GET /console/table.js HTTP/1.1" 304 -
0:0:0:0:0:0:0:1 - - [23/Feb/2018:14:23:05 +0900] "GET /console/stylesheet.css HTTP/1.1" 304 -
0:0:0:0:0:0:0:1 - - [23/Feb/2018:14:23:18 +0900] "GET /test/s/3 HTTP/1.1" 200 31
0:0:0:0:0:0:0:1 - - [23/Feb/2018:14:23:25 +0900] "GET /test/s/4 HTTP/1.1" 200 31
0:0:0:0:0:0:0:1 - - [23/Feb/2018:14:49:38 +0900] "POST /console/login.do?jsessionid=899097f3cebc98a7233ce0bb3a8bc028 HTTP/1.1" 200 937
0:0:0:0:0:0:0:1 - - [23/Feb/2018:14:49:38 +0900] "GET /console/stylesheet.css HTTP/1.1" 200 4671
0:0:0:0:0:0:0:1 - - [23/Feb/2018:14:49:38 +0900] "GET /console/login.jsp?jsessionid=70ffd524d3e2464b80c6656ab7becc51 HTTP/1.1" 200 8512
0:0:0:0:0:0:0:1 - - [23/Feb/2018:14:49:38 +0900] "GET /console/background.gif HTTP/1.1" 200 169
0:0:0:0:0:0:0:1 - - [23/Feb/2018:14:49:40 +0900] "POST /console/login.do?jsessionid=70ffd524d3e2464b80c6656ab7becc51 HTTP/1.1" 200 1459
0:0:0:0:0:0:0:1 - - [23/Feb/2018:14:49:40 +0900] "GET /console/header.jsp?jsessionid=70ffd524d3e2464b80c6656ab7becc51 HTTP/1.1" 200 8069
0:0:0:0:0:0:0:1 - - [23/Feb/2018:14:49:40 +0900] "GET /console/query.jsp?jsessionid=70ffd524d3e2464b80c6656ab7becc51 HTTP/1.1" 200 16429
0:0:0:0:0:0:0:1 - - [23/Feb/2018:14:49:40 +0900] "GET /console/help.jsp?jsessionid=70ffd524d3e2464b80c6656ab7becc51 HTTP/1.1" 200 5318
0:0:0:0:0:0:0:1 - - [23/Feb/2018:14:49:40 +0900] "GET /console/icon_line.gif HTTP/1.1" 200 818
0:0:0:0:0:0:0:1 - - [23/Feb/2018:14:49:40 +0900] "GET /console/icon_refresh.gif HTTP/1.1" 200 327
0:0:0:0:0:0:0:1 - - [23/Feb/2018:14:49:40 +0900] "GET /console/icon_rollback.gif HTTP/1.1" 200 331
0:0:0:0:0:0:0:1 - - [23/Feb/2018:14:49:40 +0900] "GET /console/icon_disconnect.gif HTTP/1.1" 200 114
0:0:0:0:0:0:0:1 - - [23/Feb/2018:14:49:40 +0900] "GET /console/icon_commit.gif HTTP/1.1" 200 323
0:0:0:0:0:0:0:1 - - [23/Feb/2018:14:49:40 +0900] "GET /console/icon_stop.gif HTTP/1.1" 200 215
0:0:0:0:0:0:0:1 - - [23/Feb/2018:14:49:40 +0900] "GET /console/icon_history.gif HTTP/1.1" 200 216
0:0:0:0:0:0:0:1 - - [23/Feb/2018:14:49:40 +0900] "GET /console/icon_run_selected.gif HTTP/1.1" 200 312
0:0:0:0:0:0:0:1 - - [23/Feb/2018:14:49:40 +0900] "GET /console/icon_help.gif HTTP/1.1" 200 373
0:0:0:0:0:0:0:1 - - [23/Feb/2018:14:49:40 +0900] "GET /console/icon_run.gif HTTP/1.1" 200 379
0:0:0:0:0:0:0:1 - - [23/Feb/2018:14:49:40 +0900] "GET /console/tables.do?jsessionid=70ffd524d3e2464b80c6656ab7becc51 HTTP/1.1" 200 3926
0:0:0:0:0:0:0:1 - - [23/Feb/2018:14:49:40 +0900] "GET /console/tree.js HTTP/1.1" 200 3184
0:0:0:0:0:0:0:1 - - [23/Feb/2018:14:49:40 +0900] "GET /console/tree_empty.gif HTTP/1.1" 200 62
0:0:0:0:0:0:0:1 - - [23/Feb/2018:14:49:40 +0900] "GET /console/tree_minus.gif HTTP/1.1" 200 861
0:0:0:0:0:0:0:1 - - [23/Feb/2018:14:49:40 +0900] "GET /console/tree_database.gif HTTP/1.1" 200 545
0:0:0:0:0:0:0:1 - - [23/Feb/2018:14:49:40 +0900] "GET /console/tree_plus.gif HTTP/1.1" 200 870
0:0:0:0:0:0:0:1 - - [23/Feb/2018:14:49:40 +0900] "GET /console/tree_folder.gif HTTP/1.1" 200 372
0:0:0:0:0:0:0:1 - - [23/Feb/2018:14:49:40 +0900] "GET /console/tree_table.gif HTTP/1.1" 200 343
0:0:0:0:0:0:0:1 - - [23/Feb/2018:14:49:40 +0900] "GET /console/tree_user.gif HTTP/1.1" 200 500
0:0:0:0:0:0:0:1 - - [23/Feb/2018:14:49:40 +0900] "GET /console/tree_users.gif HTTP/1.1" 200 601
0:0:0:0:0:0:0:1 - - [23/Feb/2018:14:49:40 +0900] "GET /console/tree_info.gif HTTP/1.1" 200 267
0:0:0:0:0:0:0:1 - - [23/Feb/2018:14:49:40 +0900] "GET /console/tree_type.gif HTTP/1.1" 200 197
0:0:0:0:0:0:0:1 - - [23/Feb/2018:14:50:04 +0900] "POST /console/query.do?jsessionid=70ffd524d3e2464b80c6656ab7becc51 HTTP/1.1" 200 882
0:0:0:0:0:0:0:1 - - [23/Feb/2018:14:50:04 +0900] "GET /console/stylesheet.css HTTP/1.1" 304 -
0:0:0:0:0:0:0:1 - - [23/Feb/2018:14:50:04 +0900] "GET /console/table.js HTTP/1.1" 200 7196
0:0:0:0:0:0:0:1 - - [23/Feb/2018:14:50:04 +0900] "GET /console/tables.do?jsessionid=70ffd524d3e2464b80c6656ab7becc51 HTTP/1.1" 200 4642
0:0:0:0:0:0:0:1 - - [23/Feb/2018:14:50:04 +0900] "GET /console/tree.js HTTP/1.1" 304 -
0:0:0:0:0:0:0:1 - - [23/Feb/2018:14:50:04 +0900] "GET /console/tree_minus.gif HTTP/1.1" 304 -
0:0:0:0:0:0:0:1 - - [23/Feb/2018:14:50:04 +0900] "GET /console/tree_plus.gif HTTP/1.1" 304 -
0:0:0:0:0:0:0:1 - - [23/Feb/2018:14:50:04 +0900] "GET /console/tree_database.gif HTTP/1.1" 304 -
0:0:0:0:0:0:0:1 - - [23/Feb/2018:14:50:04 +0900] "GET /console/tree_empty.gif HTTP/1.1" 304 -
0:0:0:0:0:0:0:1 - - [23/Feb/2018:14:50:04 +0900] "GET /console/tree_table.gif HTTP/1.1" 304 -
0:0:0:0:0:0:0:1 - - [23/Feb/2018:14:50:04 +0900] "GET /console/tree_type.gif HTTP/1.1" 304 -
0:0:0:0:0:0:0:1 - - [23/Feb/2018:14:50:04 +0900] "GET /console/tree_users.gif HTTP/1.1" 304 -
0:0:0:0:0:0:0:1 - - [23/Feb/2018:14:50:04 +0900] "GET /console/tree_user.gif HTTP/1.1" 304 -
0:0:0:0:0:0:0:1 - - [23/Feb/2018:14:50:04 +0900] "GET /console/tree_info.gif HTTP/1.1" 304 -
0:0:0:0:0:0:0:1 - - [23/Feb/2018:14:50:04 +0900] "GET /console/tree_folder.gif HTTP/1.1" 304 -
0:0:0:0:0:0:0:1 - - [23/Feb/2018:14:50:04 +0900] "GET /console/tree_column.gif HTTP/1.1" 200 317
0:0:0:0:0:0:0:1 - - [23/Feb/2018:14:50:04 +0900] "GET /console/tree_index_az.gif HTTP/1.1" 200 157
0:0:0:0:0:0:0:1 - - [23/Feb/2018:14:50:04 +0900] "GET /console/tree_sequences.gif HTTP/1.1" 200 114
0:0:0:0:0:0:0:1 - - [23/Feb/2018:14:50:04 +0900] "GET /console/tree_sequence.gif HTTP/1.1" 200 91
0:0:0:0:0:0:0:1 - - [23/Feb/2018:14:50:04 +0900] "GET /console/tree_index.gif HTTP/1.1" 200 152
0:0:0:0:0:0:0:1 - - [23/Feb/2018:14:50:13 +0900] "GET /test?name=1 HTTP/1.1" 200 31
0:0:0:0:0:0:0:1 - - [23/Feb/2018:14:50:16 +0900] "GET /test?name=1 HTTP/1.1" 200 31
0:0:0:0:0:0:0:1 - - [23/Feb/2018:14:50:17 +0900] "GET /favicon.ico HTTP/1.1" 200 946
0:0:0:0:0:0:0:1 - - [23/Feb/2018:14:50:17 +0900] "GET /test?name=1 HTTP/1.1" 200 31
0:0:0:0:0:0:0:1 - - [23/Feb/2018:14:50:17 +0900] "GET /favicon.ico HTTP/1.1" 200 946
0:0:0:0:0:0:0:1 - - [23/Feb/2018:14:50:17 +0900] "GET /test?name=1 HTTP/1.1" 200 31
0:0:0:0:0:0:0:1 - - [23/Feb/2018:14:50:17 +0900] "GET /favicon.ico HTTP/1.1" 200 946
0:0:0:0:0:0:0:1 - - [23/Feb/2018:14:50:17 +0900] "GET /test?name=1 HTTP/1.1" 200 31
0:0:0:0:0:0:0:1 - - [23/Feb/2018:14:50:17 +0900] "GET /favicon.ico HTTP/1.1" 200 946
0:0:0:0:0:0:0:1 - - [23/Feb/2018:14:50:17 +0900] "GET /test?name=1 HTTP/1.1" 200 31
0:0:0:0:0:0:0:1 - - [23/Feb/2018:14:50:17 +0900] "GET /favicon.ico HTTP/1.1" 200 946
0:0:0:0:0:0:0:1 - - [23/Feb/2018:14:50:17 +0900] "GET /test?name=1 HTTP/1.1" 200 31
0:0:0:0:0:0:0:1 - - [23/Feb/2018:14:50:17 +0900] "GET /favicon.ico HTTP/1.1" 200 946
0:0:0:0:0:0:0:1 - - [23/Feb/2018:14:50:21 +0900] "GET /test1?name=1 HTTP/1.1" 404 306
0:0:0:0:0:0:0:1 - - [23/Feb/2018:14:50:24 +0900] "GET /test?name=1 HTTP/1.1" 200 31
0:0:0:0:0:0:0:1 - - [23/Feb/2018:14:50:24 +0900] "GET /test2?name=1 HTTP/1.1" 500 490
0:0:0:0:0:0:0:1 - - [23/Feb/2018:14:56:07 +0900] "POST /console/login.do?jsessionid=70ffd524d3e2464b80c6656ab7becc51 HTTP/1.1" 200 937
0:0:0:0:0:0:0:1 - - [23/Feb/2018:14:56:07 +0900] "GET /console/stylesheet.css HTTP/1.1" 200 4671
0:0:0:0:0:0:0:1 - - [23/Feb/2018:14:56:07 +0900] "GET /console/login.jsp?jsessionid=00a78b7d23c281517862b5b056e878b7 HTTP/1.1" 200 8512
0:0:0:0:0:0:0:1 - - [23/Feb/2018:14:56:08 +0900] "GET /console/background.gif HTTP/1.1" 200 169
0:0:0:0:0:0:0:1 - - [23/Feb/2018:14:56:10 +0900] "POST /console/login.do?jsessionid=00a78b7d23c281517862b5b056e878b7 HTTP/1.1" 200 1459
0:0:0:0:0:0:0:1 - - [23/Feb/2018:14:56:10 +0900] "GET /console/header.jsp?jsessionid=00a78b7d23c281517862b5b056e878b7 HTTP/1.1" 200 8069
0:0:0:0:0:0:0:1 - - [23/Feb/2018:14:56:10 +0900] "GET /console/help.jsp?jsessionid=00a78b7d23c281517862b5b056e878b7 HTTP/1.1" 200 5318
0:0:0:0:0:0:0:1 - - [23/Feb/2018:14:56:10 +0900] "GET /console/query.jsp?jsessionid=00a78b7d23c281517862b5b056e878b7 HTTP/1.1" 200 16429
0:0:0:0:0:0:0:1 - - [23/Feb/2018:14:56:10 +0900] "GET /console/icon_disconnect.gif HTTP/1.1" 200 114
0:0:0:0:0:0:0:1 - - [23/Feb/2018:14:56:10 +0900] "GET /console/icon_refresh.gif HTTP/1.1" 200 327
0:0:0:0:0:0:0:1 - - [23/Feb/2018:14:56:10 +0900] "GET /console/icon_line.gif HTTP/1.1" 200 818
0:0:0:0:0:0:0:1 - - [23/Feb/2018:14:56:10 +0900] "GET /console/icon_rollback.gif HTTP/1.1" 200 331
0:0:0:0:0:0:0:1 - - [23/Feb/2018:14:56:10 +0900] "GET /console/icon_commit.gif HTTP/1.1" 200 323
0:0:0:0:0:0:0:1 - - [23/Feb/2018:14:56:10 +0900] "GET /console/icon_stop.gif HTTP/1.1" 200 215
0:0:0:0:0:0:0:1 - - [23/Feb/2018:14:56:10 +0900] "GET /console/icon_history.gif HTTP/1.1" 200 216
0:0:0:0:0:0:0:1 - - [23/Feb/2018:14:56:10 +0900] "GET /console/icon_help.gif HTTP/1.1" 200 373
0:0:0:0:0:0:0:1 - - [23/Feb/2018:14:56:10 +0900] "GET /console/icon_run.gif HTTP/1.1" 200 379
0:0:0:0:0:0:0:1 - - [23/Feb/2018:14:56:10 +0900] "GET /console/icon_run_selected.gif HTTP/1.1" 200 312
0:0:0:0:0:0:0:1 - - [23/Feb/2018:14:56:11 +0900] "GET /console/tables.do?jsessionid=00a78b7d23c281517862b5b056e878b7 HTTP/1.1" 200 4640
0:0:0:0:0:0:0:1 - - [23/Feb/2018:14:56:11 +0900] "GET /console/tree.js HTTP/1.1" 200 3184
0:0:0:0:0:0:0:1 - - [23/Feb/2018:14:56:11 +0900] "GET /console/tree_table.gif HTTP/1.1" 200 343
0:0:0:0:0:0:0:1 - - [23/Feb/2018:14:56:11 +0900] "GET /console/tree_empty.gif HTTP/1.1" 200 62
0:0:0:0:0:0:0:1 - - [23/Feb/2018:14:56:11 +0900] "GET /console/tree_plus.gif HTTP/1.1" 200 870
0:0:0:0:0:0:0:1 - - [23/Feb/2018:14:56:11 +0900] "GET /console/tree_column.gif HTTP/1.1" 200 317
0:0:0:0:0:0:0:1 - - [23/Feb/2018:14:56:11 +0900] "GET /console/tree_minus.gif HTTP/1.1" 200 861
0:0:0:0:0:0:0:1 - - [23/Feb/2018:14:56:11 +0900] "GET /console/tree_database.gif HTTP/1.1" 200 545
0:0:0:0:0:0:0:1 - - [23/Feb/2018:14:56:11 +0900] "GET /console/tree_info.gif HTTP/1.1" 200 267
0:0:0:0:0:0:0:1 - - [23/Feb/2018:14:56:11 +0900] "GET /console/tree_users.gif HTTP/1.1" 200 601
0:0:0:0:0:0:0:1 - - [23/Feb/2018:14:56:11 +0900] "GET /console/tree_folder.gif HTTP/1.1" 200 372
0:0:0:0:0:0:0:1 - - [23/Feb/2018:14:56:11 +0900] "GET /console/tree_sequences.gif HTTP/1.1" 200 114
0:0:0:0:0:0:0:1 - - [23/Feb/2018:14:56:11 +0900] "GET /console/tree_type.gif HTTP/1.1" 200 197
0:0:0:0:0:0:0:1 - - [23/Feb/2018:14:56:11 +0900] "GET /console/tree_index_az.gif HTTP/1.1" 200 157
0:0:0:0:0:0:0:1 - - [23/Feb/2018:14:56:11 +0900] "GET /console/tree_index.gif HTTP/1.1" 200 152
0:0:0:0:0:0:0:1 - - [23/Feb/2018:14:56:11 +0900] "GET /console/tree_sequence.gif HTTP/1.1" 200 91
0:0:0:0:0:0:0:1 - - [23/Feb/2018:14:56:11 +0900] "GET /console/tree_user.gif HTTP/1.1" 200 500
0:0:0:0:0:0:0:1 - - [23/Feb/2018:14:56:14 +0900] "POST /console/query.do?jsessionid=00a78b7d23c281517862b5b056e878b7 HTTP/1.1" 200 9139
0:0:0:0:0:0:0:1 - - [23/Feb/2018:14:56:14 +0900] "GET /console/table.js HTTP/1.1" 200 7196
0:0:0:0:0:0:0:1 - - [23/Feb/2018:14:56:25 +0900] "POST /console/login.do?jsessionid=00a78b7d23c281517862b5b056e878b7 HTTP/1.1" 200 1459
0:0:0:0:0:0:0:1 - - [23/Feb/2018:14:56:25 +0900] "GET /console/stylesheet.css HTTP/1.1" 304 -
0:0:0:0:0:0:0:1 - - [23/Feb/2018:14:56:25 +0900] "GET /console/header.jsp?jsessionid=00a78b7d23c281517862b5b056e878b7 HTTP/1.1" 200 8069
0:0:0:0:0:0:0:1 - - [23/Feb/2018:14:56:25 +0900] "GET /console/query.jsp?jsessionid=00a78b7d23c281517862b5b056e878b7 HTTP/1.1" 200 16429
0:0:0:0:0:0:0:1 - - [23/Feb/2018:14:56:25 +0900] "GET /console/help.jsp?jsessionid=00a78b7d23c281517862b5b056e878b7 HTTP/1.1" 200 5318
0:0:0:0:0:0:0:1 - - [23/Feb/2018:14:56:25 +0900] "GET /console/icon_line.gif HTTP/1.1" 304 -
0:0:0:0:0:0:0:1 - - [23/Feb/2018:14:56:25 +0900] "GET /console/icon_disconnect.gif HTTP/1.1" 304 -
0:0:0:0:0:0:0:1 - - [23/Feb/2018:14:56:25 +0900] "GET /console/icon_refresh.gif HTTP/1.1" 304 -
0:0:0:0:0:0:0:1 - - [23/Feb/2018:14:56:25 +0900] "GET /console/icon_rollback.gif HTTP/1.1" 304 -
0:0:0:0:0:0:0:1 - - [23/Feb/2018:14:56:25 +0900] "GET /console/icon_commit.gif HTTP/1.1" 304 -
0:0:0:0:0:0:0:1 - - [23/Feb/2018:14:56:25 +0900] "GET /console/icon_run.gif HTTP/1.1" 304 -
0:0:0:0:0:0:0:1 - - [23/Feb/2018:14:56:25 +0900] "GET /console/icon_run_selected.gif HTTP/1.1" 304 -
0:0:0:0:0:0:0:1 - - [23/Feb/2018:14:56:25 +0900] "GET /console/icon_stop.gif HTTP/1.1" 304 -
0:0:0:0:0:0:0:1 - - [23/Feb/2018:14:56:25 +0900] "GET /console/icon_help.gif HTTP/1.1" 304 -
0:0:0:0:0:0:0:1 - - [23/Feb/2018:14:56:25 +0900] "GET /console/icon_history.gif HTTP/1.1" 304 -
0:0:0:0:0:0:0:1 - - [23/Feb/2018:14:56:25 +0900] "GET /console/tables.do?jsessionid=00a78b7d23c281517862b5b056e878b7 HTTP/1.1" 200 3926
0:0:0:0:0:0:0:1 - - [23/Feb/2018:14:56:26 +0900] "GET /console/tree.js HTTP/1.1" 304 -
0:0:0:0:0:0:0:1 - - [23/Feb/2018:14:56:26 +0900] "GET /console/tree_plus.gif HTTP/1.1" 304 -
0:0:0:0:0:0:0:1 - - [23/Feb/2018:14:56:26 +0900] "GET /console/tree_database.gif HTTP/1.1" 304 -
0:0:0:0:0:0:0:1 - - [23/Feb/2018:14:56:26 +0900] "GET /console/tree_minus.gif HTTP/1.1" 304 -
0:0:0:0:0:0:0:1 - - [23/Feb/2018:14:56:26 +0900] "GET /console/tree_folder.gif HTTP/1.1" 304 -
0:0:0:0:0:0:0:1 - - [23/Feb/2018:14:56:26 +0900] "GET /console/tree_empty.gif HTTP/1.1" 304 -
0:0:0:0:0:0:0:1 - - [23/Feb/2018:14:56:26 +0900] "GET /console/tree_table.gif HTTP/1.1" 304 -
0:0:0:0:0:0:0:1 - - [23/Feb/2018:14:56:26 +0900] "GET /console/tree_user.gif HTTP/1.1" 304 -
0:0:0:0:0:0:0:1 - - [23/Feb/2018:14:56:26 +0900] "GET /console/tree_users.gif HTTP/1.1" 304 -
0:0:0:0:0:0:0:1 - - [23/Feb/2018:14:56:26 +0900] "GET /console/tree_type.gif HTTP/1.1" 304 -
0:0:0:0:0:0:0:1 - - [23/Feb/2018:14:56:26 +0900] "GET /console/tree_info.gif HTTP/1.1" 304 -
0:0:0:0:0:0:0:1 - - [23/Feb/2018:14:56:27 +0900] "POST /console/query.do?jsessionid=00a78b7d23c281517862b5b056e878b7 HTTP/1.1" 200 882
0:0:0:0:0:0:0:1 - - [23/Feb/2018:14:56:27 +0900] "GET /console/table.js HTTP/1.1" 304 -
0:0:0:0:0:0:0:1 - - [23/Feb/2018:14:56:27 +0900] "GET /console/tables.do?jsessionid=00a78b7d23c281517862b5b056e878b7 HTTP/1.1" 200 4642
0:0:0:0:0:0:0:1 - - [23/Feb/2018:14:56:27 +0900] "GET /console/tree_index_az.gif HTTP/1.1" 304 -
0:0:0:0:0:0:0:1 - - [23/Feb/2018:14:56:27 +0900] "GET /console/tree_column.gif HTTP/1.1" 304 -
0:0:0:0:0:0:0:1 - - [23/Feb/2018:14:56:27 +0900] "GET /console/tree_index.gif HTTP/1.1" 304 -
0:0:0:0:0:0:0:1 - - [23/Feb/2018:14:56:27 +0900] "GET /console/tree_sequence.gif HTTP/1.1" 304 -
0:0:0:0:0:0:0:1 - - [23/Feb/2018:14:56:27 +0900] "GET /console/tree_sequences.gif HTTP/1.1" 304 -
0:0:0:0:0:0:0:1 - - [23/Feb/2018:14:56:33 +0900] "GET /test2?name=1 HTTP/1.1" 200 31
0:0:0:0:0:0:0:1 - - [23/Feb/2018:14:56:33 +0900] "GET /favicon.ico HTTP/1.1" 200 946
0:0:0:0:0:0:0:1 - - [23/Feb/2018:14:56:34 +0900] "GET /test2?name=1 HTTP/1.1" 200 31
0:0:0:0:0:0:0:1 - - [23/Feb/2018:14:56:34 +0900] "GET /favicon.ico HTTP/1.1" 200 946
0:0:0:0:0:0:0:1 - - [23/Feb/2018:14:56:35 +0900] "GET /test2?name=1 HTTP/1.1" 200 31
0:0:0:0:0:0:0:1 - - [23/Feb/2018:14:56:35 +0900] "GET /favicon.ico HTTP/1.1" 200 946
0:0:0:0:0:0:0:1 - - [23/Feb/2018:14:56:35 +0900] "GET /test2?name=1 HTTP/1.1" 200 31
0:0:0:0:0:0:0:1 - - [23/Feb/2018:14:56:35 +0900] "GET /favicon.ico HTTP/1.1" 200 946
0:0:0:0:0:0:0:1 - - [23/Feb/2018:14:56:35 +0900] "GET /test2?name=1 HTTP/1.1" 200 31
0:0:0:0:0:0:0:1 - - [23/Feb/2018:14:56:35 +0900] "GET /favicon.ico HTTP/1.1" 200 946
0:0:0:0:0:0:0:1 - - [23/Feb/2018:14:56:35 +0900] "GET /test2?name=1 HTTP/1.1" 200 31
0:0:0:0:0:0:0:1 - - [23/Feb/2018:14:56:35 +0900] "GET /favicon.ico HTTP/1.1" 200 946
0:0:0:0:0:0:0:1 - - [23/Feb/2018:14:56:35 +0900] "GET /test2?name=1 HTTP/1.1" 200 31
0:0:0:0:0:0:0:1 - - [23/Feb/2018:14:56:35 +0900] "GET /favicon.ico HTTP/1.1" 200 946
0:0:0:0:0:0:0:1 - - [23/Feb/2018:14:56:41 +0900] "GET /test?name=1 HTTP/1.1" 200 31
0:0:0:0:0:0:0:1 - - [23/Feb/2018:14:56:48 +0900] "GET /test/my?name=1 HTTP/1.1" 500 731
0:0:0:0:0:0:0:1 - - [23/Feb/2018:14:57:06 +0900] "GET /test/my/1 HTTP/1.1" 404 306
0:0:0:0:0:0:0:1 - - [23/Feb/2018:14:59:33 +0900] "POST /console/login.do?jsessionid=00a78b7d23c281517862b5b056e878b7 HTTP/1.1" 200 937
0:0:0:0:0:0:0:1 - - [23/Feb/2018:14:59:33 +0900] "GET /console/stylesheet.css HTTP/1.1" 200 4671
0:0:0:0:0:0:0:1 - - [23/Feb/2018:14:59:33 +0900] "GET /console/login.jsp?jsessionid=acff33cbd8089661406e8e2bdf0640aa HTTP/1.1" 200 8512
0:0:0:0:0:0:0:1 - - [23/Feb/2018:14:59:33 +0900] "GET /console/background.gif HTTP/1.1" 200 169
0:0:0:0:0:0:0:1 - - [23/Feb/2018:14:59:35 +0900] "POST /console/login.do?jsessionid=acff33cbd8089661406e8e2bdf0640aa HTTP/1.1" 200 1459
0:0:0:0:0:0:0:1 - - [23/Feb/2018:14:59:35 +0900] "GET /console/header.jsp?jsessionid=acff33cbd8089661406e8e2bdf0640aa HTTP/1.1" 200 8069
0:0:0:0:0:0:0:1 - - [23/Feb/2018:14:59:35 +0900] "GET /console/query.jsp?jsessionid=acff33cbd8089661406e8e2bdf0640aa HTTP/1.1" 200 16429
0:0:0:0:0:0:0:1 - - [23/Feb/2018:14:59:35 +0900] "GET /console/help.jsp?jsessionid=acff33cbd8089661406e8e2bdf0640aa HTTP/1.1" 200 5318
0:0:0:0:0:0:0:1 - - [23/Feb/2018:14:59:35 +0900] "GET /console/icon_disconnect.gif HTTP/1.1" 200 114
0:0:0:0:0:0:0:1 - - [23/Feb/2018:14:59:35 +0900] "GET /console/icon_line.gif HTTP/1.1" 200 818
0:0:0:0:0:0:0:1 - - [23/Feb/2018:14:59:35 +0900] "GET /console/icon_rollback.gif HTTP/1.1" 200 331
0:0:0:0:0:0:0:1 - - [23/Feb/2018:14:59:35 +0900] "GET /console/icon_refresh.gif HTTP/1.1" 200 327
0:0:0:0:0:0:0:1 - - [23/Feb/2018:14:59:35 +0900] "GET /console/icon_commit.gif HTTP/1.1" 200 323
0:0:0:0:0:0:0:1 - - [23/Feb/2018:14:59:35 +0900] "GET /console/icon_stop.gif HTTP/1.1" 200 215
0:0:0:0:0:0:0:1 - - [23/Feb/2018:14:59:35 +0900] "GET /console/icon_help.gif HTTP/1.1" 200 373
0:0:0:0:0:0:0:1 - - [23/Feb/2018:14:59:35 +0900] "GET /console/icon_run_selected.gif HTTP/1.1" 200 312
0:0:0:0:0:0:0:1 - - [23/Feb/2018:14:59:35 +0900] "GET /console/icon_history.gif HTTP/1.1" 200 216
0:0:0:0:0:0:0:1 - - [23/Feb/2018:14:59:35 +0900] "GET /console/icon_run.gif HTTP/1.1" 200 379
0:0:0:0:0:0:0:1 - - [23/Feb/2018:14:59:35 +0900] "GET /console/tables.do?jsessionid=acff33cbd8089661406e8e2bdf0640aa HTTP/1.1" 200 3926
0:0:0:0:0:0:0:1 - - [23/Feb/2018:14:59:35 +0900] "GET /console/tree.js HTTP/1.1" 200 3184
0:0:0:0:0:0:0:1 - - [23/Feb/2018:14:59:35 +0900] "GET /console/tree_database.gif HTTP/1.1" 200 545
0:0:0:0:0:0:0:1 - - [23/Feb/2018:14:59:35 +0900] "GET /console/tree_folder.gif HTTP/1.1" 200 372
0:0:0:0:0:0:0:1 - - [23/Feb/2018:14:59:35 +0900] "GET /console/tree_plus.gif HTTP/1.1" 200 870
0:0:0:0:0:0:0:1 - - [23/Feb/2018:14:59:35 +0900] "GET /console/tree_empty.gif HTTP/1.1" 200 62
0:0:0:0:0:0:0:1 - - [23/Feb/2018:14:59:35 +0900] "GET /console/tree_minus.gif HTTP/1.1" 200 861
0:0:0:0:0:0:0:1 - - [23/Feb/2018:14:59:35 +0900] "GET /console/tree_table.gif HTTP/1.1" 200 343
0:0:0:0:0:0:0:1 - - [23/Feb/2018:14:59:35 +0900] "GET /console/tree_users.gif HTTP/1.1" 200 601
0:0:0:0:0:0:0:1 - - [23/Feb/2018:14:59:35 +0900] "GET /console/tree_user.gif HTTP/1.1" 200 500
0:0:0:0:0:0:0:1 - - [23/Feb/2018:14:59:35 +0900] "GET /console/tree_info.gif HTTP/1.1" 200 267
0:0:0:0:0:0:0:1 - - [23/Feb/2018:14:59:35 +0900] "GET /console/tree_type.gif HTTP/1.1" 200 197
0:0:0:0:0:0:0:1 - - [23/Feb/2018:14:59:39 +0900] "POST /console/query.do?jsessionid=acff33cbd8089661406e8e2bdf0640aa HTTP/1.1" 200 882
0:0:0:0:0:0:0:1 - - [23/Feb/2018:14:59:39 +0900] "GET /console/table.js HTTP/1.1" 200 7196
0:0:0:0:0:0:0:1 - - [23/Feb/2018:14:59:39 +0900] "GET /console/tables.do?jsessionid=acff33cbd8089661406e8e2bdf0640aa HTTP/1.1" 200 4642
0:0:0:0:0:0:0:1 - - [23/Feb/2018:14:59:39 +0900] "GET /console/tree_sequence.gif HTTP/1.1" 200 91
0:0:0:0:0:0:0:1 - - [23/Feb/2018:14:59:39 +0900] "GET /console/tree_index_az.gif HTTP/1.1" 200 157
0:0:0:0:0:0:0:1 - - [23/Feb/2018:14:59:39 +0900] "GET /console/tree_sequences.gif HTTP/1.1" 200 114
0:0:0:0:0:0:0:1 - - [23/Feb/2018:14:59:39 +0900] "GET /console/tree_column.gif HTTP/1.1" 200 317
0:0:0:0:0:0:0:1 - - [23/Feb/2018:14:59:39 +0900] "GET /console/tree_index.gif HTTP/1.1" 200 152
0:0:0:0:0:0:0:1 - - [23/Feb/2018:14:59:47 +0900] "GET /test?name=1 HTTP/1.1" 200 31
0:0:0:0:0:0:0:1 - - [23/Feb/2018:14:59:48 +0900] "GET /test?name=1 HTTP/1.1" 200 31
0:0:0:0:0:0:0:1 - - [23/Feb/2018:14:59:48 +0900] "GET /favicon.ico HTTP/1.1" 200 946
0:0:0:0:0:0:0:1 - - [23/Feb/2018:14:59:48 +0900] "GET /test?name=1 HTTP/1.1" 200 31
0:0:0:0:0:0:0:1 - - [23/Feb/2018:14:59:48 +0900] "GET /favicon.ico HTTP/1.1" 200 946
0:0:0:0:0:0:0:1 - - [23/Feb/2018:14:59:48 +0900] "GET /test?name=1 HTTP/1.1" 200 31
0:0:0:0:0:0:0:1 - - [23/Feb/2018:14:59:48 +0900] "GET /favicon.ico HTTP/1.1" 200 946
0:0:0:0:0:0:0:1 - - [23/Feb/2018:14:59:49 +0900] "GET /test?name=1 HTTP/1.1" 200 31
0:0:0:0:0:0:0:1 - - [23/Feb/2018:14:59:49 +0900] "GET /favicon.ico HTTP/1.1" 200 946
0:0:0:0:0:0:0:1 - - [23/Feb/2018:14:59:49 +0900] "GET /test?name=1 HTTP/1.1" 200 31
0:0:0:0:0:0:0:1 - - [23/Feb/2018:14:59:49 +0900] "GET /favicon.ico HTTP/1.1" 200 946
0:0:0:0:0:0:0:1 - - [23/Feb/2018:14:59:49 +0900] "GET /test?name=1 HTTP/1.1" 200 31
0:0:0:0:0:0:0:1 - - [23/Feb/2018:14:59:49 +0900] "GET /favicon.ico HTTP/1.1" 200 946
0:0:0:0:0:0:0:1 - - [23/Feb/2018:14:59:49 +0900] "GET /test?name=1 HTTP/1.1" 200 31
0:0:0:0:0:0:0:1 - - [23/Feb/2018:14:59:49 +0900] "GET /favicon.ico HTTP/1.1" 200 946
0:0:0:0:0:0:0:1 - - [23/Feb/2018:14:59:49 +0900] "GET /test?name=1 HTTP/1.1" 200 31
0:0:0:0:0:0:0:1 - - [23/Feb/2018:14:59:49 +0900] "GET /favicon.ico HTTP/1.1" 200 946
0:0:0:0:0:0:0:1 - - [23/Feb/2018:14:59:52 +0900] "GET /test2?name=1 HTTP/1.1" 200 31
0:0:0:0:0:0:0:1 - - [23/Feb/2018:15:00:09 +0900] "GET /test/m/1 HTTP/1.1" 200 31
0:0:0:0:0:0:0:1 - - [23/Feb/2018:15:00:16 +0900] "GET /test/m/2 HTTP/1.1" 200 31
0:0:0:0:0:0:0:1 - - [23/Feb/2018:15:00:24 +0900] "GET /test/m/3 HTTP/1.1" 200 31
0:0:0:0:0:0:0:1 - - [23/Feb/2018:15:00:37 +0900] "GET /test/s/3 HTTP/1.1" 200 -
0:0:0:0:0:0:0:1 - - [23/Feb/2018:15:00:41 +0900] "GET /test/s/1 HTTP/1.1" 200 31
0:0:0:0:0:0:0:1 - - [23/Feb/2018:15:00:44 +0900] "GET /test/s/2 HTTP/1.1" 200 -
0:0:0:0:0:0:0:1 - - [23/Feb/2018:15:00:50 +0900] "GET /test/s/1 HTTP/1.1" 200 31
0:0:0:0:0:0:0:1 - - [23/Feb/2018:15:01:08 +0900] "POST /console/query.do?jsessionid=acff33cbd8089661406e8e2bdf0640aa HTTP/1.1" 200 1050
0:0:0:0:0:0:0:1 - - [23/Feb/2018:15:01:08 +0900] "GET /console/table.js HTTP/1.1" 304 -
0:0:0:0:0:0:0:1 - - [23/Feb/2018:15:01:08 +0900] "GET /console/stylesheet.css HTTP/1.1" 304 -
0:0:0:0:0:0:0:1 - - [23/Feb/2018:15:01:16 +0900] "GET /test/s/1 HTTP/1.1" 200 31
0:0:0:0:0:0:0:1 - - [23/Feb/2018:15:01:16 +0900] "GET /favicon.ico HTTP/1.1" 200 946
0:0:0:0:0:0:0:1 - - [23/Feb/2018:15:01:16 +0900] "GET /test/s/1 HTTP/1.1" 200 31
0:0:0:0:0:0:0:1 - - [23/Feb/2018:15:01:16 +0900] "GET /favicon.ico HTTP/1.1" 200 946
0:0:0:0:0:0:0:1 - - [23/Feb/2018:15:01:16 +0900] "GET /test/s/1 HTTP/1.1" 200 31
0:0:0:0:0:0:0:1 - - [23/Feb/2018:15:01:16 +0900] "GET /favicon.ico HTTP/1.1" 200 946
0:0:0:0:0:0:0:1 - - [23/Feb/2018:15:01:19 +0900] "GET /test/s/2 HTTP/1.1" 200 -
0:0:0:0:0:0:0:1 - - [23/Feb/2018:15:01:22 +0900] "GET /test/s/1 HTTP/1.1" 200 31
