0:0:0:0:0:0:0:1 - - [27/Feb/2018:17:15:49 +0900] "GET /test?name=1 HTTP/1.1" 200 31
0:0:0:0:0:0:0:1 - - [27/Feb/2018:18:22:53 +0900] "GET /console HTTP/1.1" 302 -
0:0:0:0:0:0:0:1 - - [27/Feb/2018:18:22:54 +0900] "GET /console/ HTTP/1.1" 200 937
0:0:0:0:0:0:0:1 - - [27/Feb/2018:18:22:54 +0900] "GET /console/stylesheet.css HTTP/1.1" 200 4671
0:0:0:0:0:0:0:1 - - [27/Feb/2018:18:22:54 +0900] "GET /console/login.jsp?jsessionid=c7be5cb39c078f0fb935910632bb4674 HTTP/1.1" 200 8512
0:0:0:0:0:0:0:1 - - [27/Feb/2018:18:22:54 +0900] "GET /console/background.gif HTTP/1.1" 200 169
0:0:0:0:0:0:0:1 - - [27/Feb/2018:18:22:58 +0900] "POST /console/login.do?jsessionid=c7be5cb39c078f0fb935910632bb4674 HTTP/1.1" 200 1459
0:0:0:0:0:0:0:1 - - [27/Feb/2018:18:22:58 +0900] "GET /console/header.jsp?jsessionid=c7be5cb39c078f0fb935910632bb4674 HTTP/1.1" 200 8069
0:0:0:0:0:0:0:1 - - [27/Feb/2018:18:22:58 +0900] "GET /console/query.jsp?jsessionid=c7be5cb39c078f0fb935910632bb4674 HTTP/1.1" 200 16429
0:0:0:0:0:0:0:1 - - [27/Feb/2018:18:22:58 +0900] "GET /console/help.jsp?jsessionid=c7be5cb39c078f0fb935910632bb4674 HTTP/1.1" 200 5318
0:0:0:0:0:0:0:1 - - [27/Feb/2018:18:22:58 +0900] "GET /console/icon_line.gif HTTP/1.1" 200 818
0:0:0:0:0:0:0:1 - - [27/Feb/2018:18:22:58 +0900] "GET /console/icon_disconnect.gif HTTP/1.1" 200 114
0:0:0:0:0:0:0:1 - - [27/Feb/2018:18:22:58 +0900] "GET /console/icon_refresh.gif HTTP/1.1" 200 327
0:0:0:0:0:0:0:1 - - [27/Feb/2018:18:22:58 +0900] "GET /console/icon_rollback.gif HTTP/1.1" 200 331
0:0:0:0:0:0:0:1 - - [27/Feb/2018:18:22:58 +0900] "GET /console/icon_commit.gif HTTP/1.1" 200 323
0:0:0:0:0:0:0:1 - - [27/Feb/2018:18:22:58 +0900] "GET /console/icon_run.gif HTTP/1.1" 200 379
0:0:0:0:0:0:0:1 - - [27/Feb/2018:18:22:58 +0900] "GET /console/icon_run_selected.gif HTTP/1.1" 200 312
0:0:0:0:0:0:0:1 - - [27/Feb/2018:18:22:58 +0900] "GET /console/icon_stop.gif HTTP/1.1" 200 215
0:0:0:0:0:0:0:1 - - [27/Feb/2018:18:22:58 +0900] "GET /console/icon_help.gif HTTP/1.1" 200 373
0:0:0:0:0:0:0:1 - - [27/Feb/2018:18:22:58 +0900] "GET /console/icon_history.gif HTTP/1.1" 200 216
0:0:0:0:0:0:0:1 - - [27/Feb/2018:18:22:58 +0900] "GET /console/tables.do?jsessionid=c7be5cb39c078f0fb935910632bb4674 HTTP/1.1" 200 3926
0:0:0:0:0:0:0:1 - - [27/Feb/2018:18:22:58 +0900] "GET /console/tree.js HTTP/1.1" 200 3184
0:0:0:0:0:0:0:1 - - [27/Feb/2018:18:22:58 +0900] "GET /console/tree_plus.gif HTTP/1.1" 200 870
0:0:0:0:0:0:0:1 - - [27/Feb/2018:18:22:58 +0900] "GET /console/tree_database.gif HTTP/1.1" 200 545
0:0:0:0:0:0:0:1 - - [27/Feb/2018:18:22:58 +0900] "GET /console/tree_minus.gif HTTP/1.1" 200 861
0:0:0:0:0:0:0:1 - - [27/Feb/2018:18:22:58 +0900] "GET /console/tree_folder.gif HTTP/1.1" 200 372
0:0:0:0:0:0:0:1 - - [27/Feb/2018:18:22:58 +0900] "GET /console/tree_empty.gif HTTP/1.1" 200 62
0:0:0:0:0:0:0:1 - - [27/Feb/2018:18:22:58 +0900] "GET /console/tree_table.gif HTTP/1.1" 200 343
0:0:0:0:0:0:0:1 - - [27/Feb/2018:18:22:58 +0900] "GET /console/tree_users.gif HTTP/1.1" 200 601
0:0:0:0:0:0:0:1 - - [27/Feb/2018:18:22:58 +0900] "GET /console/tree_info.gif HTTP/1.1" 200 267
0:0:0:0:0:0:0:1 - - [27/Feb/2018:18:22:58 +0900] "GET /console/tree_user.gif HTTP/1.1" 200 500
0:0:0:0:0:0:0:1 - - [27/Feb/2018:18:22:58 +0900] "GET /console/tree_type.gif HTTP/1.1" 200 197
0:0:0:0:0:0:0:1 - - [27/Feb/2018:18:23:03 +0900] "POST /console/login.do?jsessionid=c7be5cb39c078f0fb935910632bb4674 HTTP/1.1" 200 1459
0:0:0:0:0:0:0:1 - - [27/Feb/2018:18:23:03 +0900] "GET /console/stylesheet.css HTTP/1.1" 304 -
0:0:0:0:0:0:0:1 - - [27/Feb/2018:18:23:03 +0900] "GET /console/header.jsp?jsessionid=c7be5cb39c078f0fb935910632bb4674 HTTP/1.1" 200 8069
0:0:0:0:0:0:0:1 - - [27/Feb/2018:18:23:03 +0900] "GET /console/query.jsp?jsessionid=c7be5cb39c078f0fb935910632bb4674 HTTP/1.1" 200 16429
0:0:0:0:0:0:0:1 - - [27/Feb/2018:18:23:03 +0900] "GET /console/help.jsp?jsessionid=c7be5cb39c078f0fb935910632bb4674 HTTP/1.1" 200 5318
0:0:0:0:0:0:0:1 - - [27/Feb/2018:18:23:03 +0900] "GET /console/tables.do?jsessionid=c7be5cb39c078f0fb935910632bb4674 HTTP/1.1" 200 5288
0:0:0:0:0:0:0:1 - - [27/Feb/2018:18:23:03 +0900] "GET /console/tree_column.gif HTTP/1.1" 200 317
0:0:0:0:0:0:0:1 - - [27/Feb/2018:18:23:03 +0900] "GET /console/tree_index_az.gif HTTP/1.1" 200 157
0:0:0:0:0:0:0:1 - - [27/Feb/2018:18:23:03 +0900] "GET /console/tree_index.gif HTTP/1.1" 200 152
0:0:0:0:0:0:0:1 - - [27/Feb/2018:18:23:03 +0900] "GET /console/tree_sequences.gif HTTP/1.1" 200 114
0:0:0:0:0:0:0:1 - - [27/Feb/2018:18:23:03 +0900] "GET /console/tree_sequence.gif HTTP/1.1" 200 91
0:0:0:0:0:0:0:1 - - [27/Feb/2018:18:23:24 +0900] "POST /console/query.do?jsessionid=c7be5cb39c078f0fb935910632bb4674 HTTP/1.1" 200 1036
0:0:0:0:0:0:0:1 - - [27/Feb/2018:18:23:24 +0900] "GET /console/stylesheet.css HTTP/1.1" 304 -
0:0:0:0:0:0:0:1 - - [27/Feb/2018:18:23:24 +0900] "GET /console/table.js HTTP/1.1" 200 7196
0:0:0:0:0:0:0:1 - - [27/Feb/2018:18:23:50 +0900] "POST /console/query.do?jsessionid=c7be5cb39c078f0fb935910632bb4674 HTTP/1.1" 200 1036
0:0:0:0:0:0:0:1 - - [27/Feb/2018:18:23:50 +0900] "GET /console/stylesheet.css HTTP/1.1" 304 -
0:0:0:0:0:0:0:1 - - [27/Feb/2018:18:23:50 +0900] "GET /console/table.js HTTP/1.1" 304 -
0:0:0:0:0:0:0:1 - - [27/Feb/2018:18:23:52 +0900] "POST /console/query.do?jsessionid=c7be5cb39c078f0fb935910632bb4674 HTTP/1.1" 200 1036
0:0:0:0:0:0:0:1 - - [27/Feb/2018:18:23:52 +0900] "POST /console/query.do?jsessionid=c7be5cb39c078f0fb935910632bb4674 HTTP/1.1" 200 1036
0:0:0:0:0:0:0:1 - - [27/Feb/2018:18:23:52 +0900] "POST /console/query.do?jsessionid=c7be5cb39c078f0fb935910632bb4674 HTTP/1.1" 200 1036
0:0:0:0:0:0:0:1 - - [27/Feb/2018:18:24:03 +0900] "POST /console/query.do?jsessionid=c7be5cb39c078f0fb935910632bb4674 HTTP/1.1" 200 1036
0:0:0:0:0:0:0:1 - - [27/Feb/2018:18:24:03 +0900] "GET /console/stylesheet.css HTTP/1.1" 304 -
0:0:0:0:0:0:0:1 - - [27/Feb/2018:18:24:03 +0900] "GET /console/table.js HTTP/1.1" 304 -
0:0:0:0:0:0:0:1 - - [27/Feb/2018:18:24:04 +0900] "POST /console/query.do?jsessionid=c7be5cb39c078f0fb935910632bb4674 HTTP/1.1" 200 1036
0:0:0:0:0:0:0:1 - - [27/Feb/2018:18:24:04 +0900] "POST /console/query.do?jsessionid=c7be5cb39c078f0fb935910632bb4674 HTTP/1.1" 200 1036
