0:0:0:0:0:0:0:1 - - [22/Feb/2018:10:12:44 +0900] "GET /test?name=1 HTTP/1.1" 200 31
0:0:0:0:0:0:0:1 - - [22/Feb/2018:10:13:34 +0900] "GET /test2?name=1 HTTP/1.1" 200 31
0:0:0:0:0:0:0:1 - - [22/Feb/2018:10:55:41 +0900] "GET /test2?name=1 HTTP/1.1" 200 31
0:0:0:0:0:0:0:1 - - [22/Feb/2018:10:55:42 +0900] "GET /favicon.ico HTTP/1.1" 200 946
0:0:0:0:0:0:0:1 - - [22/Feb/2018:10:55:47 +0900] "GET /test?name=1 HTTP/1.1" 200 31
0:0:0:0:0:0:0:1 - - [22/Feb/2018:10:55:52 +0900] "GET /test?name=1 HTTP/1.1" 200 31
0:0:0:0:0:0:0:1 - - [22/Feb/2018:10:55:52 +0900] "GET /favicon.ico HTTP/1.1" 200 946
0:0:0:0:0:0:0:1 - - [22/Feb/2018:10:55:53 +0900] "GET /test?name=1 HTTP/1.1" 200 31
0:0:0:0:0:0:0:1 - - [22/Feb/2018:10:55:53 +0900] "GET /favicon.ico HTTP/1.1" 200 946
0:0:0:0:0:0:0:1 - - [22/Feb/2018:10:55:53 +0900] "GET /test?name=1 HTTP/1.1" 200 31
0:0:0:0:0:0:0:1 - - [22/Feb/2018:10:55:53 +0900] "GET /favicon.ico HTTP/1.1" 200 946
0:0:0:0:0:0:0:1 - - [22/Feb/2018:10:55:54 +0900] "GET /test?name=1 HTTP/1.1" 200 31
0:0:0:0:0:0:0:1 - - [22/Feb/2018:10:55:54 +0900] "GET /favicon.ico HTTP/1.1" 200 946
0:0:0:0:0:0:0:1 - - [22/Feb/2018:10:55:57 +0900] "GET /test2?name=1 HTTP/1.1" 200 31
0:0:0:0:0:0:0:1 - - [22/Feb/2018:11:01:00 +0900] "GET /test2?name=1 HTTP/1.1" 200 31
0:0:0:0:0:0:0:1 - - [22/Feb/2018:11:01:00 +0900] "GET /favicon.ico HTTP/1.1" 200 946
0:0:0:0:0:0:0:1 - - [22/Feb/2018:11:01:03 +0900] "GET /test?name=1 HTTP/1.1" 200 31
0:0:0:0:0:0:0:1 - - [22/Feb/2018:11:01:06 +0900] "GET /test?name=1 HTTP/1.1" 200 31
0:0:0:0:0:0:0:1 - - [22/Feb/2018:11:01:06 +0900] "GET /favicon.ico HTTP/1.1" 200 946
0:0:0:0:0:0:0:1 - - [22/Feb/2018:11:01:07 +0900] "GET /test?name=1 HTTP/1.1" 200 31
0:0:0:0:0:0:0:1 - - [22/Feb/2018:11:01:07 +0900] "GET /favicon.ico HTTP/1.1" 200 946
0:0:0:0:0:0:0:1 - - [22/Feb/2018:11:01:10 +0900] "GET /test2?name=1 HTTP/1.1" 200 31
0:0:0:0:0:0:0:1 - - [22/Feb/2018:11:03:18 +0900] "GET /test2?name=1 HTTP/1.1" 200 31
0:0:0:0:0:0:0:1 - - [22/Feb/2018:11:03:18 +0900] "GET /favicon.ico HTTP/1.1" 200 946
0:0:0:0:0:0:0:1 - - [22/Feb/2018:11:03:21 +0900] "GET /test?name=1 HTTP/1.1" 200 31
0:0:0:0:0:0:0:1 - - [22/Feb/2018:11:03:24 +0900] "GET /test?name=1 HTTP/1.1" 200 31
0:0:0:0:0:0:0:1 - - [22/Feb/2018:11:03:24 +0900] "GET /favicon.ico HTTP/1.1" 200 946
0:0:0:0:0:0:0:1 - - [22/Feb/2018:11:03:24 +0900] "GET /test?name=1 HTTP/1.1" 200 31
0:0:0:0:0:0:0:1 - - [22/Feb/2018:11:03:24 +0900] "GET /favicon.ico HTTP/1.1" 200 946
0:0:0:0:0:0:0:1 - - [22/Feb/2018:11:03:24 +0900] "GET /test?name=1 HTTP/1.1" 200 31
0:0:0:0:0:0:0:1 - - [22/Feb/2018:11:03:24 +0900] "GET /favicon.ico HTTP/1.1" 200 946
0:0:0:0:0:0:0:1 - - [22/Feb/2018:11:03:28 +0900] "GET /test1?name=1 HTTP/1.1" 404 306
0:0:0:0:0:0:0:1 - - [22/Feb/2018:11:03:32 +0900] "GET /test2?name=1 HTTP/1.1" 200 31
0:0:0:0:0:0:0:1 - - [22/Feb/2018:11:15:19 +0900] "GET /test?name=1 HTTP/1.1" 200 31
0:0:0:0:0:0:0:1 - - [22/Feb/2018:11:15:24 +0900] "GET /test2?name=1 HTTP/1.1" 200 31
0:0:0:0:0:0:0:1 - - [22/Feb/2018:11:15:26 +0900] "GET /test2?name=1 HTTP/1.1" 200 31
0:0:0:0:0:0:0:1 - - [22/Feb/2018:11:15:26 +0900] "GET /favicon.ico HTTP/1.1" 200 946
0:0:0:0:0:0:0:1 - - [22/Feb/2018:11:15:29 +0900] "GET /test?name=1 HTTP/1.1" 200 31
0:0:0:0:0:0:0:1 - - [22/Feb/2018:11:15:35 +0900] "GET /test?name=1 HTTP/1.1" 200 31
0:0:0:0:0:0:0:1 - - [22/Feb/2018:11:15:35 +0900] "GET /favicon.ico HTTP/1.1" 200 946
0:0:0:0:0:0:0:1 - - [22/Feb/2018:11:15:40 +0900] "GET /test3?name=1 HTTP/1.1" 404 306
0:0:0:0:0:0:0:1 - - [22/Feb/2018:11:15:44 +0900] "GET /test2?name=1 HTTP/1.1" 200 31
0:0:0:0:0:0:0:1 - - [22/Feb/2018:11:27:45 +0900] "GET /test2?name=1 HTTP/1.1" 200 31
0:0:0:0:0:0:0:1 - - [22/Feb/2018:11:27:45 +0900] "GET /favicon.ico HTTP/1.1" 200 946
0:0:0:0:0:0:0:1 - - [22/Feb/2018:11:27:46 +0900] "GET /test2?name=1 HTTP/1.1" 200 31
0:0:0:0:0:0:0:1 - - [22/Feb/2018:11:27:47 +0900] "GET /favicon.ico HTTP/1.1" 200 946
0:0:0:0:0:0:0:1 - - [22/Feb/2018:11:27:50 +0900] "GET /test?name=1 HTTP/1.1" 200 31
0:0:0:0:0:0:0:1 - - [22/Feb/2018:11:27:52 +0900] "GET /test?name=1 HTTP/1.1" 200 31
0:0:0:0:0:0:0:1 - - [22/Feb/2018:11:27:52 +0900] "GET /favicon.ico HTTP/1.1" 200 946
0:0:0:0:0:0:0:1 - - [22/Feb/2018:11:38:47 +0900] "GET /test?name=1 HTTP/1.1" 200 31
0:0:0:0:0:0:0:1 - - [22/Feb/2018:11:38:48 +0900] "GET /favicon.ico HTTP/1.1" 200 946
0:0:0:0:0:0:0:1 - - [22/Feb/2018:11:38:49 +0900] "GET /test?name=1 HTTP/1.1" 200 31
0:0:0:0:0:0:0:1 - - [22/Feb/2018:11:38:49 +0900] "GET /favicon.ico HTTP/1.1" 200 946
0:0:0:0:0:0:0:1 - - [22/Feb/2018:11:38:52 +0900] "GET /test2?name=1 HTTP/1.1" 200 31
0:0:0:0:0:0:0:1 - - [22/Feb/2018:11:50:26 +0900] "GET /test2?name=1 HTTP/1.1" 200 31
0:0:0:0:0:0:0:1 - - [22/Feb/2018:11:50:26 +0900] "GET /favicon.ico HTTP/1.1" 200 946
0:0:0:0:0:0:0:1 - - [22/Feb/2018:11:50:29 +0900] "GET /test?name=1 HTTP/1.1" 200 31
0:0:0:0:0:0:0:1 - - [22/Feb/2018:11:50:31 +0900] "GET /test?name=1 HTTP/1.1" 200 31
0:0:0:0:0:0:0:1 - - [22/Feb/2018:11:50:31 +0900] "GET /favicon.ico HTTP/1.1" 200 946
0:0:0:0:0:0:0:1 - - [22/Feb/2018:11:50:32 +0900] "GET /test?name=1 HTTP/1.1" 200 31
0:0:0:0:0:0:0:1 - - [22/Feb/2018:11:50:32 +0900] "GET /favicon.ico HTTP/1.1" 200 946
0:0:0:0:0:0:0:1 - - [22/Feb/2018:11:50:32 +0900] "GET /test?name=1 HTTP/1.1" 200 31
0:0:0:0:0:0:0:1 - - [22/Feb/2018:11:50:32 +0900] "GET /favicon.ico HTTP/1.1" 200 946
0:0:0:0:0:0:0:1 - - [22/Feb/2018:11:50:32 +0900] "GET /test?name=1 HTTP/1.1" 200 31
0:0:0:0:0:0:0:1 - - [22/Feb/2018:11:50:32 +0900] "GET /favicon.ico HTTP/1.1" 200 946
0:0:0:0:0:0:0:1 - - [22/Feb/2018:11:50:32 +0900] "GET /test?name=1 HTTP/1.1" 200 31
0:0:0:0:0:0:0:1 - - [22/Feb/2018:11:50:32 +0900] "GET /favicon.ico HTTP/1.1" 200 946
0:0:0:0:0:0:0:1 - - [22/Feb/2018:11:50:36 +0900] "GET /test2?name=1 HTTP/1.1" 200 31
0:0:0:0:0:0:0:1 - - [22/Feb/2018:12:38:12 +0900] "GET /test2?name=1 HTTP/1.1" 200 31
0:0:0:0:0:0:0:1 - - [22/Feb/2018:12:38:12 +0900] "GET /favicon.ico HTTP/1.1" 200 946
0:0:0:0:0:0:0:1 - - [22/Feb/2018:12:39:33 +0900] "GET /test?name=1 HTTP/1.1" 500 318
0:0:0:0:0:0:0:1 - - [22/Feb/2018:12:40:49 +0900] "GET /test?name=1 HTTP/1.1" 200 31
0:0:0:0:0:0:0:1 - - [22/Feb/2018:12:40:49 +0900] "GET /favicon.ico HTTP/1.1" 200 946
0:0:0:0:0:0:0:1 - - [22/Feb/2018:12:40:50 +0900] "GET /test?name=1 HTTP/1.1" 200 31
0:0:0:0:0:0:0:1 - - [22/Feb/2018:12:40:50 +0900] "GET /favicon.ico HTTP/1.1" 200 946
0:0:0:0:0:0:0:1 - - [22/Feb/2018:12:40:55 +0900] "GET /test2?name=1 HTTP/1.1" 200 31
0:0:0:0:0:0:0:1 - - [22/Feb/2018:12:40:58 +0900] "GET /test2?name=1 HTTP/1.1" 200 31
0:0:0:0:0:0:0:1 - - [22/Feb/2018:12:40:58 +0900] "GET /favicon.ico HTTP/1.1" 200 946
0:0:0:0:0:0:0:1 - - [22/Feb/2018:12:41:08 +0900] "GET /test?name=1 HTTP/1.1" 200 31
0:0:0:0:0:0:0:1 - - [22/Feb/2018:12:43:58 +0900] "GET /test?name=1 HTTP/1.1" 200 31
0:0:0:0:0:0:0:1 - - [22/Feb/2018:12:43:58 +0900] "GET /favicon.ico HTTP/1.1" 200 946
0:0:0:0:0:0:0:1 - - [22/Feb/2018:12:44:03 +0900] "GET /test1?name=1 HTTP/1.1" 404 306
0:0:0:0:0:0:0:1 - - [22/Feb/2018:12:44:07 +0900] "GET /test2?name=1 HTTP/1.1" 200 31
0:0:0:0:0:0:0:1 - - [22/Feb/2018:12:45:38 +0900] "GET /test2?name=1 HTTP/1.1" 200 31
0:0:0:0:0:0:0:1 - - [22/Feb/2018:12:45:38 +0900] "GET /favicon.ico HTTP/1.1" 200 946
0:0:0:0:0:0:0:1 - - [22/Feb/2018:12:45:40 +0900] "GET /test2?name=1 HTTP/1.1" 200 31
0:0:0:0:0:0:0:1 - - [22/Feb/2018:12:45:40 +0900] "GET /favicon.ico HTTP/1.1" 200 946
0:0:0:0:0:0:0:1 - - [22/Feb/2018:12:45:44 +0900] "GET /test?name=1 HTTP/1.1" 200 31
0:0:0:0:0:0:0:1 - - [22/Feb/2018:13:33:17 +0900] "GET /test2?name=1 HTTP/1.1" 200 31
0:0:0:0:0:0:0:1 - - [22/Feb/2018:13:33:17 +0900] "GET /favicon.ico HTTP/1.1" 200 946
0:0:0:0:0:0:0:1 - - [22/Feb/2018:14:57:42 +0900] "GET /test?name=1 HTTP/1.1" 200 31
0:0:0:0:0:0:0:1 - - [22/Feb/2018:14:57:50 +0900] "GET /test?name=1 HTTP/1.1" 200 31
0:0:0:0:0:0:0:1 - - [22/Feb/2018:14:57:50 +0900] "GET /favicon.ico HTTP/1.1" 200 946
0:0:0:0:0:0:0:1 - - [22/Feb/2018:14:57:54 +0900] "GET /test2?name=1 HTTP/1.1" 200 31
0:0:0:0:0:0:0:1 - - [22/Feb/2018:15:01:46 +0900] "GET /test2?name=1 HTTP/1.1" 200 31
0:0:0:0:0:0:0:1 - - [22/Feb/2018:15:01:46 +0900] "GET /favicon.ico HTTP/1.1" 200 946
0:0:0:0:0:0:0:1 - - [22/Feb/2018:15:01:50 +0900] "GET /test?name=1 HTTP/1.1" 200 31
0:0:0:0:0:0:0:1 - - [22/Feb/2018:15:01:58 +0900] "GET /test2?name=1 HTTP/1.1" 200 31
0:0:0:0:0:0:0:1 - - [22/Feb/2018:15:02:02 +0900] "GET /test1?name=1 HTTP/1.1" 404 306
0:0:0:0:0:0:0:1 - - [22/Feb/2018:15:02:06 +0900] "GET /test?name=1 HTTP/1.1" 200 31
0:0:0:0:0:0:0:1 - - [22/Feb/2018:15:02:22 +0900] "GET /test?name=1 HTTP/1.1" 200 31
0:0:0:0:0:0:0:1 - - [22/Feb/2018:15:02:22 +0900] "GET /favicon.ico HTTP/1.1" 200 946
0:0:0:0:0:0:0:1 - - [22/Feb/2018:15:02:22 +0900] "GET /test?name=1 HTTP/1.1" 200 31
0:0:0:0:0:0:0:1 - - [22/Feb/2018:15:02:22 +0900] "GET /favicon.ico HTTP/1.1" 200 946
0:0:0:0:0:0:0:1 - - [22/Feb/2018:15:02:23 +0900] "GET /test?name=1 HTTP/1.1" 200 31
0:0:0:0:0:0:0:1 - - [22/Feb/2018:15:02:23 +0900] "GET /favicon.ico HTTP/1.1" 200 946
0:0:0:0:0:0:0:1 - - [22/Feb/2018:15:02:23 +0900] "GET /test?name=1 HTTP/1.1" 200 31
0:0:0:0:0:0:0:1 - - [22/Feb/2018:15:02:23 +0900] "GET /favicon.ico HTTP/1.1" 200 946
0:0:0:0:0:0:0:1 - - [22/Feb/2018:15:02:23 +0900] "GET /test?name=1 HTTP/1.1" 200 31
0:0:0:0:0:0:0:1 - - [22/Feb/2018:15:02:23 +0900] "GET /favicon.ico HTTP/1.1" 200 946
0:0:0:0:0:0:0:1 - - [22/Feb/2018:15:02:23 +0900] "GET /test?name=1 HTTP/1.1" 200 31
0:0:0:0:0:0:0:1 - - [22/Feb/2018:15:02:23 +0900] "GET /favicon.ico HTTP/1.1" 200 946
0:0:0:0:0:0:0:1 - - [22/Feb/2018:15:02:23 +0900] "GET /test?name=1 HTTP/1.1" 200 31
0:0:0:0:0:0:0:1 - - [22/Feb/2018:15:02:23 +0900] "GET /favicon.ico HTTP/1.1" 200 946
0:0:0:0:0:0:0:1 - - [22/Feb/2018:15:22:31 +0900] "GET /test2?name=1 HTTP/1.1" 200 31
0:0:0:0:0:0:0:1 - - [22/Feb/2018:15:22:31 +0900] "GET /favicon.ico HTTP/1.1" 200 946
0:0:0:0:0:0:0:1 - - [22/Feb/2018:15:22:33 +0900] "GET /test2?name=1 HTTP/1.1" 200 31
0:0:0:0:0:0:0:1 - - [22/Feb/2018:15:22:33 +0900] "GET /favicon.ico HTTP/1.1" 200 946
0:0:0:0:0:0:0:1 - - [22/Feb/2018:15:22:34 +0900] "GET /test2?name=1 HTTP/1.1" 200 31
0:0:0:0:0:0:0:1 - - [22/Feb/2018:15:22:34 +0900] "GET /favicon.ico HTTP/1.1" 200 946
0:0:0:0:0:0:0:1 - - [22/Feb/2018:15:22:34 +0900] "GET /test2?name=1 HTTP/1.1" 200 31
0:0:0:0:0:0:0:1 - - [22/Feb/2018:15:22:34 +0900] "GET /favicon.ico HTTP/1.1" 200 946
0:0:0:0:0:0:0:1 - - [22/Feb/2018:15:22:37 +0900] "GET /test?name=1 HTTP/1.1" 200 31
0:0:0:0:0:0:0:1 - - [22/Feb/2018:15:22:39 +0900] "GET /test?name=1 HTTP/1.1" 200 31
0:0:0:0:0:0:0:1 - - [22/Feb/2018:15:22:39 +0900] "GET /favicon.ico HTTP/1.1" 200 946
0:0:0:0:0:0:0:1 - - [22/Feb/2018:15:22:39 +0900] "GET /test?name=1 HTTP/1.1" 200 31
0:0:0:0:0:0:0:1 - - [22/Feb/2018:15:22:39 +0900] "GET /favicon.ico HTTP/1.1" 200 946
0:0:0:0:0:0:0:1 - - [22/Feb/2018:15:22:40 +0900] "GET /test?name=1 HTTP/1.1" 200 31
0:0:0:0:0:0:0:1 - - [22/Feb/2018:15:22:40 +0900] "GET /favicon.ico HTTP/1.1" 200 946
0:0:0:0:0:0:0:1 - - [22/Feb/2018:15:22:42 +0900] "GET /test?name=1 HTTP/1.1" 200 31
0:0:0:0:0:0:0:1 - - [22/Feb/2018:15:22:42 +0900] "GET /favicon.ico HTTP/1.1" 200 946
0:0:0:0:0:0:0:1 - - [22/Feb/2018:15:22:45 +0900] "GET /test2?name=1 HTTP/1.1" 200 31
0:0:0:0:0:0:0:1 - - [22/Feb/2018:15:22:47 +0900] "GET /test2?name=1 HTTP/1.1" 200 31
0:0:0:0:0:0:0:1 - - [22/Feb/2018:15:22:47 +0900] "GET /favicon.ico HTTP/1.1" 200 946
0:0:0:0:0:0:0:1 - - [22/Feb/2018:15:23:14 +0900] "GET /test2?name=1 HTTP/1.1" 200 32
0:0:0:0:0:0:0:1 - - [22/Feb/2018:15:23:14 +0900] "GET /favicon.ico HTTP/1.1" 200 946
0:0:0:0:0:0:0:1 - - [22/Feb/2018:15:23:32 +0900] "GET /test?name=1 HTTP/1.1" 200 31
0:0:0:0:0:0:0:1 - - [22/Feb/2018:15:26:15 +0900] "GET /test?name=1 HTTP/1.1" 500 436
0:0:0:0:0:0:0:1 - - [22/Feb/2018:15:26:15 +0900] "GET /favicon.ico HTTP/1.1" 200 946
0:0:0:0:0:0:0:1 - - [22/Feb/2018:15:27:44 +0900] "GET /test?name=1 HTTP/1.1" 200 31
0:0:0:0:0:0:0:1 - - [22/Feb/2018:15:27:44 +0900] "GET /favicon.ico HTTP/1.1" 200 946
0:0:0:0:0:0:0:1 - - [22/Feb/2018:15:27:48 +0900] "GET /test2?name=1 HTTP/1.1" 200 32
0:0:0:0:0:0:0:1 - - [22/Feb/2018:15:39:24 +0900] "GET /test2?name=1 HTTP/1.1" 200 32
0:0:0:0:0:0:0:1 - - [22/Feb/2018:15:39:24 +0900] "GET /favicon.ico HTTP/1.1" 200 946
0:0:0:0:0:0:0:1 - - [22/Feb/2018:15:49:18 +0900] "GET /test2?name=1 HTTP/1.1" 500 472
0:0:0:0:0:0:0:1 - - [22/Feb/2018:15:49:18 +0900] "GET /favicon.ico HTTP/1.1" 200 946
0:0:0:0:0:0:0:1 - - [22/Feb/2018:15:51:47 +0900] "GET /test2?name=1 HTTP/1.1" 500 472
0:0:0:0:0:0:0:1 - - [22/Feb/2018:15:51:47 +0900] "GET /favicon.ico HTTP/1.1" 200 946
0:0:0:0:0:0:0:1 - - [22/Feb/2018:15:52:13 +0900] "GET /test?name=1 HTTP/1.1" 200 31
0:0:0:0:0:0:0:1 - - [22/Feb/2018:15:52:16 +0900] "GET /test?name=1 HTTP/1.1" 200 31
0:0:0:0:0:0:0:1 - - [22/Feb/2018:15:52:16 +0900] "GET /favicon.ico HTTP/1.1" 200 946
0:0:0:0:0:0:0:1 - - [22/Feb/2018:15:52:17 +0900] "GET /test?name=1 HTTP/1.1" 200 31
0:0:0:0:0:0:0:1 - - [22/Feb/2018:15:52:17 +0900] "GET /favicon.ico HTTP/1.1" 200 946
0:0:0:0:0:0:0:1 - - [22/Feb/2018:15:52:17 +0900] "GET /test?name=1 HTTP/1.1" 200 31
0:0:0:0:0:0:0:1 - - [22/Feb/2018:15:52:17 +0900] "GET /favicon.ico HTTP/1.1" 200 946
0:0:0:0:0:0:0:1 - - [22/Feb/2018:15:52:18 +0900] "GET /test?name=1 HTTP/1.1" 200 31
0:0:0:0:0:0:0:1 - - [22/Feb/2018:15:52:18 +0900] "GET /favicon.ico HTTP/1.1" 200 946
0:0:0:0:0:0:0:1 - - [22/Feb/2018:15:54:07 +0900] "GET /test?name=1 HTTP/1.1" 200 31
0:0:0:0:0:0:0:1 - - [22/Feb/2018:15:54:07 +0900] "GET /favicon.ico HTTP/1.1" 200 946
0:0:0:0:0:0:0:1 - - [22/Feb/2018:15:54:08 +0900] "GET /test?name=1 HTTP/1.1" 200 31
0:0:0:0:0:0:0:1 - - [22/Feb/2018:15:54:08 +0900] "GET /favicon.ico HTTP/1.1" 200 946
0:0:0:0:0:0:0:1 - - [22/Feb/2018:16:16:04 +0900] "GET /test?name=1 HTTP/1.1" 200 31
0:0:0:0:0:0:0:1 - - [22/Feb/2018:16:16:04 +0900] "GET /favicon.ico HTTP/1.1" 200 946
0:0:0:0:0:0:0:1 - - [22/Feb/2018:16:16:07 +0900] "GET /test2?name=1 HTTP/1.1" 200 31
0:0:0:0:0:0:0:1 - - [22/Feb/2018:16:16:10 +0900] "GET /test2?name=1 HTTP/1.1" 200 31
0:0:0:0:0:0:0:1 - - [22/Feb/2018:16:16:10 +0900] "GET /favicon.ico HTTP/1.1" 200 946
0:0:0:0:0:0:0:1 - - [22/Feb/2018:16:16:11 +0900] "GET /test2?name=1 HTTP/1.1" 200 31
0:0:0:0:0:0:0:1 - - [22/Feb/2018:16:16:11 +0900] "GET /favicon.ico HTTP/1.1" 200 946
0:0:0:0:0:0:0:1 - - [22/Feb/2018:16:16:12 +0900] "GET /test2?name=1 HTTP/1.1" 200 31
0:0:0:0:0:0:0:1 - - [22/Feb/2018:16:16:12 +0900] "GET /favicon.ico HTTP/1.1" 200 946
0:0:0:0:0:0:0:1 - - [22/Feb/2018:16:16:12 +0900] "GET /test2?name=1 HTTP/1.1" 200 31
0:0:0:0:0:0:0:1 - - [22/Feb/2018:16:16:12 +0900] "GET /favicon.ico HTTP/1.1" 200 946
0:0:0:0:0:0:0:1 - - [22/Feb/2018:16:16:15 +0900] "GET /test?name=1 HTTP/1.1" 200 31
0:0:0:0:0:0:0:1 - - [22/Feb/2018:16:16:18 +0900] "GET /test?name=1 HTTP/1.1" 200 31
0:0:0:0:0:0:0:1 - - [22/Feb/2018:16:16:18 +0900] "GET /favicon.ico HTTP/1.1" 200 946
0:0:0:0:0:0:0:1 - - [22/Feb/2018:16:16:19 +0900] "GET /test?name=1 HTTP/1.1" 200 31
0:0:0:0:0:0:0:1 - - [22/Feb/2018:16:16:19 +0900] "GET /favicon.ico HTTP/1.1" 200 946
0:0:0:0:0:0:0:1 - - [22/Feb/2018:16:16:19 +0900] "GET /test?name=1 HTTP/1.1" 200 32
0:0:0:0:0:0:0:1 - - [22/Feb/2018:16:16:19 +0900] "GET /favicon.ico HTTP/1.1" 200 946
0:0:0:0:0:0:0:1 - - [22/Feb/2018:16:16:28 +0900] "GET /test2?name=1 HTTP/1.1" 200 32
0:0:0:0:0:0:0:1 - - [22/Feb/2018:16:17:48 +0900] "GET /test2?name=1 HTTP/1.1" 200 31
0:0:0:0:0:0:0:1 - - [22/Feb/2018:16:17:48 +0900] "GET /favicon.ico HTTP/1.1" 200 946
0:0:0:0:0:0:0:1 - - [22/Feb/2018:16:17:52 +0900] "GET /test?name=1 HTTP/1.1" 200 31
0:0:0:0:0:0:0:1 - - [22/Feb/2018:16:25:06 +0900] "GET /console HTTP/1.1" 302 -
0:0:0:0:0:0:0:1 - - [22/Feb/2018:16:25:06 +0900] "GET /console/ HTTP/1.1" 200 937
0:0:0:0:0:0:0:1 - - [22/Feb/2018:16:25:06 +0900] "GET /console/stylesheet.css HTTP/1.1" 200 4671
0:0:0:0:0:0:0:1 - - [22/Feb/2018:16:25:06 +0900] "GET /console/login.jsp?jsessionid=c7a6bf700f888add7b7c6bdb407a2733 HTTP/1.1" 200 8509
0:0:0:0:0:0:0:1 - - [22/Feb/2018:16:25:06 +0900] "GET /console/background.gif HTTP/1.1" 200 169
0:0:0:0:0:0:0:1 - - [22/Feb/2018:16:25:17 +0900] "POST /console/login.do?jsessionid=c7a6bf700f888add7b7c6bdb407a2733 HTTP/1.1" 200 1459
0:0:0:0:0:0:0:1 - - [22/Feb/2018:16:25:17 +0900] "GET /console/stylesheet.css HTTP/1.1" 304 -
0:0:0:0:0:0:0:1 - - [22/Feb/2018:16:25:17 +0900] "GET /console/header.jsp?jsessionid=c7a6bf700f888add7b7c6bdb407a2733 HTTP/1.1" 200 8069
0:0:0:0:0:0:0:1 - - [22/Feb/2018:16:25:17 +0900] "GET /console/help.jsp?jsessionid=c7a6bf700f888add7b7c6bdb407a2733 HTTP/1.1" 200 5318
0:0:0:0:0:0:0:1 - - [22/Feb/2018:16:25:17 +0900] "GET /console/query.jsp?jsessionid=c7a6bf700f888add7b7c6bdb407a2733 HTTP/1.1" 200 16429
0:0:0:0:0:0:0:1 - - [22/Feb/2018:16:25:17 +0900] "GET /console/icon_disconnect.gif HTTP/1.1" 200 114
0:0:0:0:0:0:0:1 - - [22/Feb/2018:16:25:17 +0900] "GET /console/icon_refresh.gif HTTP/1.1" 200 327
0:0:0:0:0:0:0:1 - - [22/Feb/2018:16:25:17 +0900] "GET /console/icon_rollback.gif HTTP/1.1" 200 331
0:0:0:0:0:0:0:1 - - [22/Feb/2018:16:25:17 +0900] "GET /console/icon_commit.gif HTTP/1.1" 200 323
0:0:0:0:0:0:0:1 - - [22/Feb/2018:16:25:17 +0900] "GET /console/icon_line.gif HTTP/1.1" 200 818
0:0:0:0:0:0:0:1 - - [22/Feb/2018:16:25:17 +0900] "GET /console/icon_run.gif HTTP/1.1" 200 379
0:0:0:0:0:0:0:1 - - [22/Feb/2018:16:25:17 +0900] "GET /console/icon_run_selected.gif HTTP/1.1" 200 312
0:0:0:0:0:0:0:1 - - [22/Feb/2018:16:25:17 +0900] "GET /console/icon_history.gif HTTP/1.1" 200 216
0:0:0:0:0:0:0:1 - - [22/Feb/2018:16:25:17 +0900] "GET /console/icon_stop.gif HTTP/1.1" 200 215
0:0:0:0:0:0:0:1 - - [22/Feb/2018:16:25:17 +0900] "GET /console/icon_help.gif HTTP/1.1" 200 373
0:0:0:0:0:0:0:1 - - [22/Feb/2018:16:25:17 +0900] "GET /console/tables.do?jsessionid=c7a6bf700f888add7b7c6bdb407a2733 HTTP/1.1" 200 3923
0:0:0:0:0:0:0:1 - - [22/Feb/2018:16:25:17 +0900] "GET /console/tree.js HTTP/1.1" 200 3184
0:0:0:0:0:0:0:1 - - [22/Feb/2018:16:25:17 +0900] "GET /console/tree_table.gif HTTP/1.1" 200 343
0:0:0:0:0:0:0:1 - - [22/Feb/2018:16:25:17 +0900] "GET /console/tree_folder.gif HTTP/1.1" 200 372
0:0:0:0:0:0:0:1 - - [22/Feb/2018:16:25:17 +0900] "GET /console/tree_minus.gif HTTP/1.1" 200 861
0:0:0:0:0:0:0:1 - - [22/Feb/2018:16:25:17 +0900] "GET /console/tree_database.gif HTTP/1.1" 200 545
0:0:0:0:0:0:0:1 - - [22/Feb/2018:16:25:17 +0900] "GET /console/tree_plus.gif HTTP/1.1" 200 870
0:0:0:0:0:0:0:1 - - [22/Feb/2018:16:25:17 +0900] "GET /console/tree_empty.gif HTTP/1.1" 200 62
0:0:0:0:0:0:0:1 - - [22/Feb/2018:16:25:17 +0900] "GET /console/tree_users.gif HTTP/1.1" 200 601
0:0:0:0:0:0:0:1 - - [22/Feb/2018:16:25:17 +0900] "GET /console/tree_user.gif HTTP/1.1" 200 500
0:0:0:0:0:0:0:1 - - [22/Feb/2018:16:25:17 +0900] "GET /console/tree_type.gif HTTP/1.1" 200 197
0:0:0:0:0:0:0:1 - - [22/Feb/2018:16:25:17 +0900] "GET /console/tree_info.gif HTTP/1.1" 200 267
0:0:0:0:0:0:0:1 - - [22/Feb/2018:16:25:23 +0900] "GET /test?name=1 HTTP/1.1" 200 31
0:0:0:0:0:0:0:1 - - [22/Feb/2018:16:25:23 +0900] "GET /favicon.ico HTTP/1.1" 200 946
0:0:0:0:0:0:0:1 - - [22/Feb/2018:16:25:25 +0900] "GET /test?name=1 HTTP/1.1" 200 31
0:0:0:0:0:0:0:1 - - [22/Feb/2018:16:25:25 +0900] "GET /favicon.ico HTTP/1.1" 200 946
0:0:0:0:0:0:0:1 - - [22/Feb/2018:16:25:25 +0900] "GET /test?name=1 HTTP/1.1" 200 31
0:0:0:0:0:0:0:1 - - [22/Feb/2018:16:25:25 +0900] "GET /favicon.ico HTTP/1.1" 200 946
0:0:0:0:0:0:0:1 - - [22/Feb/2018:16:25:25 +0900] "GET /test?name=1 HTTP/1.1" 200 31
0:0:0:0:0:0:0:1 - - [22/Feb/2018:16:25:25 +0900] "GET /favicon.ico HTTP/1.1" 200 946
0:0:0:0:0:0:0:1 - - [22/Feb/2018:16:25:25 +0900] "GET /test?name=1 HTTP/1.1" 200 31
0:0:0:0:0:0:0:1 - - [22/Feb/2018:16:25:25 +0900] "GET /favicon.ico HTTP/1.1" 200 946
0:0:0:0:0:0:0:1 - - [22/Feb/2018:16:25:25 +0900] "GET /test?name=1 HTTP/1.1" 200 31
0:0:0:0:0:0:0:1 - - [22/Feb/2018:16:25:25 +0900] "GET /favicon.ico HTTP/1.1" 200 946
0:0:0:0:0:0:0:1 - - [22/Feb/2018:16:25:54 +0900] "POST /console/query.do?jsessionid=c7a6bf700f888add7b7c6bdb407a2733 HTTP/1.1" 200 11050
0:0:0:0:0:0:0:1 - - [22/Feb/2018:16:25:54 +0900] "GET /console/stylesheet.css HTTP/1.1" 304 -
0:0:0:0:0:0:0:1 - - [22/Feb/2018:16:25:54 +0900] "GET /console/table.js HTTP/1.1" 200 7196
0:0:0:0:0:0:0:1 - - [22/Feb/2018:16:26:42 +0900] "POST /console/login.do?jsessionid=c7a6bf700f888add7b7c6bdb407a2733 HTTP/1.1" 200 17458
0:0:0:0:0:0:0:1 - - [22/Feb/2018:16:26:42 +0900] "GET /console/stylesheet.css HTTP/1.1" 304 -
0:0:0:0:0:0:0:1 - - [22/Feb/2018:16:26:47 +0900] "POST /console/login.do?jsessionid=c7a6bf700f888add7b7c6bdb407a2733 HTTP/1.1" 200 1459
0:0:0:0:0:0:0:1 - - [22/Feb/2018:16:26:47 +0900] "GET /console/header.jsp?jsessionid=c7a6bf700f888add7b7c6bdb407a2733 HTTP/1.1" 200 8069
0:0:0:0:0:0:0:1 - - [22/Feb/2018:16:26:47 +0900] "GET /console/query.jsp?jsessionid=c7a6bf700f888add7b7c6bdb407a2733 HTTP/1.1" 200 16429
0:0:0:0:0:0:0:1 - - [22/Feb/2018:16:26:47 +0900] "GET /console/help.jsp?jsessionid=c7a6bf700f888add7b7c6bdb407a2733 HTTP/1.1" 200 5318
0:0:0:0:0:0:0:1 - - [22/Feb/2018:16:26:47 +0900] "GET /console/icon_disconnect.gif HTTP/1.1" 304 -
0:0:0:0:0:0:0:1 - - [22/Feb/2018:16:26:47 +0900] "GET /console/icon_line.gif HTTP/1.1" 304 -
0:0:0:0:0:0:0:1 - - [22/Feb/2018:16:26:47 +0900] "GET /console/icon_refresh.gif HTTP/1.1" 304 -
0:0:0:0:0:0:0:1 - - [22/Feb/2018:16:26:47 +0900] "GET /console/icon_rollback.gif HTTP/1.1" 304 -
0:0:0:0:0:0:0:1 - - [22/Feb/2018:16:26:47 +0900] "GET /console/icon_commit.gif HTTP/1.1" 304 -
0:0:0:0:0:0:0:1 - - [22/Feb/2018:16:26:47 +0900] "GET /console/icon_run.gif HTTP/1.1" 304 -
0:0:0:0:0:0:0:1 - - [22/Feb/2018:16:26:47 +0900] "GET /console/icon_stop.gif HTTP/1.1" 304 -
0:0:0:0:0:0:0:1 - - [22/Feb/2018:16:26:47 +0900] "GET /console/icon_run_selected.gif HTTP/1.1" 304 -
0:0:0:0:0:0:0:1 - - [22/Feb/2018:16:26:47 +0900] "GET /console/icon_history.gif HTTP/1.1" 304 -
0:0:0:0:0:0:0:1 - - [22/Feb/2018:16:26:47 +0900] "GET /console/icon_help.gif HTTP/1.1" 304 -
0:0:0:0:0:0:0:1 - - [22/Feb/2018:16:26:47 +0900] "GET /console/tables.do?jsessionid=c7a6bf700f888add7b7c6bdb407a2733 HTTP/1.1" 200 3923
0:0:0:0:0:0:0:1 - - [22/Feb/2018:16:26:47 +0900] "GET /console/tree.js HTTP/1.1" 304 -
0:0:0:0:0:0:0:1 - - [22/Feb/2018:16:26:47 +0900] "GET /console/tree_plus.gif HTTP/1.1" 304 -
0:0:0:0:0:0:0:1 - - [22/Feb/2018:16:26:47 +0900] "GET /console/tree_minus.gif HTTP/1.1" 304 -
0:0:0:0:0:0:0:1 - - [22/Feb/2018:16:26:47 +0900] "GET /console/tree_database.gif HTTP/1.1" 304 -
0:0:0:0:0:0:0:1 - - [22/Feb/2018:16:26:47 +0900] "GET /console/tree_empty.gif HTTP/1.1" 304 -
0:0:0:0:0:0:0:1 - - [22/Feb/2018:16:26:47 +0900] "GET /console/tree_folder.gif HTTP/1.1" 304 -
0:0:0:0:0:0:0:1 - - [22/Feb/2018:16:26:47 +0900] "GET /console/tree_table.gif HTTP/1.1" 304 -
0:0:0:0:0:0:0:1 - - [22/Feb/2018:16:26:47 +0900] "GET /console/tree_type.gif HTTP/1.1" 304 -
0:0:0:0:0:0:0:1 - - [22/Feb/2018:16:26:47 +0900] "GET /console/tree_users.gif HTTP/1.1" 304 -
0:0:0:0:0:0:0:1 - - [22/Feb/2018:16:26:47 +0900] "GET /console/tree_user.gif HTTP/1.1" 304 -
0:0:0:0:0:0:0:1 - - [22/Feb/2018:16:26:47 +0900] "GET /console/tree_info.gif HTTP/1.1" 304 -
0:0:0:0:0:0:0:1 - - [22/Feb/2018:16:26:56 +0900] "POST /console/query.do?jsessionid=c7a6bf700f888add7b7c6bdb407a2733 HTTP/1.1" 200 645
0:0:0:0:0:0:0:1 - - [22/Feb/2018:16:26:56 +0900] "GET /console/table.js HTTP/1.1" 304 -
0:0:0:0:0:0:0:1 - - [22/Feb/2018:16:26:56 +0900] "GET /console/stylesheet.css HTTP/1.1" 304 -
0:0:0:0:0:0:0:1 - - [22/Feb/2018:16:26:59 +0900] "GET /console/autoCompleteList.do?jsessionid=c7a6bf700f888add7b7c6bdb407a2733&query= HTTP/1.1" 200 465
0:0:0:0:0:0:0:1 - - [22/Feb/2018:16:27:01 +0900] "POST /console/query.do?jsessionid=c7a6bf700f888add7b7c6bdb407a2733 HTTP/1.1" 200 645
0:0:0:0:0:0:0:1 - - [22/Feb/2018:16:27:07 +0900] "GET /console/query.do?jsessionid=c7a6bf700f888add7b7c6bdb407a2733&sql=COMMIT HTTP/1.1" 200 691
0:0:0:0:0:0:0:1 - - [22/Feb/2018:16:27:07 +0900] "GET /console/stylesheet.css HTTP/1.1" 304 -
0:0:0:0:0:0:0:1 - - [22/Feb/2018:16:27:07 +0900] "GET /console/table.js HTTP/1.1" 304 -
0:0:0:0:0:0:0:1 - - [22/Feb/2018:16:27:23 +0900] "GET /console/logout.do?jsessionid=c7a6bf700f888add7b7c6bdb407a2733 HTTP/1.1" 200 937
0:0:0:0:0:0:0:1 - - [22/Feb/2018:16:27:23 +0900] "GET /console/stylesheet.css HTTP/1.1" 304 -
0:0:0:0:0:0:0:1 - - [22/Feb/2018:16:27:23 +0900] "GET /console/login.jsp?jsessionid=c7a6bf700f888add7b7c6bdb407a2733 HTTP/1.1" 200 8509
0:0:0:0:0:0:0:1 - - [22/Feb/2018:16:27:23 +0900] "GET /console/background.gif HTTP/1.1" 304 -
0:0:0:0:0:0:0:1 - - [22/Feb/2018:16:27:29 +0900] "POST /console/test.do?jsessionid=c7a6bf700f888add7b7c6bdb407a2733 HTTP/1.1" 200 8524
0:0:0:0:0:0:0:1 - - [22/Feb/2018:16:27:31 +0900] "POST /console/login.do?jsessionid=c7a6bf700f888add7b7c6bdb407a2733 HTTP/1.1" 200 1459
0:0:0:0:0:0:0:1 - - [22/Feb/2018:16:27:31 +0900] "GET /console/header.jsp?jsessionid=c7a6bf700f888add7b7c6bdb407a2733 HTTP/1.1" 200 8069
0:0:0:0:0:0:0:1 - - [22/Feb/2018:16:27:31 +0900] "GET /console/query.jsp?jsessionid=c7a6bf700f888add7b7c6bdb407a2733 HTTP/1.1" 200 16429
0:0:0:0:0:0:0:1 - - [22/Feb/2018:16:27:31 +0900] "GET /console/help.jsp?jsessionid=c7a6bf700f888add7b7c6bdb407a2733 HTTP/1.1" 200 5318
0:0:0:0:0:0:0:1 - - [22/Feb/2018:16:27:31 +0900] "GET /console/icon_disconnect.gif HTTP/1.1" 304 -
0:0:0:0:0:0:0:1 - - [22/Feb/2018:16:27:31 +0900] "GET /console/icon_line.gif HTTP/1.1" 304 -
0:0:0:0:0:0:0:1 - - [22/Feb/2018:16:27:31 +0900] "GET /console/icon_refresh.gif HTTP/1.1" 304 -
0:0:0:0:0:0:0:1 - - [22/Feb/2018:16:27:31 +0900] "GET /console/icon_rollback.gif HTTP/1.1" 304 -
0:0:0:0:0:0:0:1 - - [22/Feb/2018:16:27:31 +0900] "GET /console/icon_run.gif HTTP/1.1" 304 -
0:0:0:0:0:0:0:1 - - [22/Feb/2018:16:27:31 +0900] "GET /console/icon_commit.gif HTTP/1.1" 304 -
0:0:0:0:0:0:0:1 - - [22/Feb/2018:16:27:31 +0900] "GET /console/icon_run_selected.gif HTTP/1.1" 304 -
0:0:0:0:0:0:0:1 - - [22/Feb/2018:16:27:31 +0900] "GET /console/icon_history.gif HTTP/1.1" 304 -
0:0:0:0:0:0:0:1 - - [22/Feb/2018:16:27:31 +0900] "GET /console/icon_stop.gif HTTP/1.1" 304 -
0:0:0:0:0:0:0:1 - - [22/Feb/2018:16:27:31 +0900] "GET /console/icon_help.gif HTTP/1.1" 304 -
0:0:0:0:0:0:0:1 - - [22/Feb/2018:16:27:31 +0900] "GET /console/tables.do?jsessionid=c7a6bf700f888add7b7c6bdb407a2733 HTTP/1.1" 200 3923
0:0:0:0:0:0:0:1 - - [22/Feb/2018:16:27:31 +0900] "GET /console/tree.js HTTP/1.1" 304 -
0:0:0:0:0:0:0:1 - - [22/Feb/2018:16:27:31 +0900] "GET /console/tree_plus.gif HTTP/1.1" 304 -
0:0:0:0:0:0:0:1 - - [22/Feb/2018:16:27:31 +0900] "GET /console/tree_database.gif HTTP/1.1" 304 -
0:0:0:0:0:0:0:1 - - [22/Feb/2018:16:27:31 +0900] "GET /console/tree_minus.gif HTTP/1.1" 304 -
0:0:0:0:0:0:0:1 - - [22/Feb/2018:16:27:31 +0900] "GET /console/tree_folder.gif HTTP/1.1" 304 -
0:0:0:0:0:0:0:1 - - [22/Feb/2018:16:27:31 +0900] "GET /console/tree_empty.gif HTTP/1.1" 304 -
0:0:0:0:0:0:0:1 - - [22/Feb/2018:16:27:31 +0900] "GET /console/tree_table.gif HTTP/1.1" 304 -
0:0:0:0:0:0:0:1 - - [22/Feb/2018:16:27:31 +0900] "GET /console/tree_user.gif HTTP/1.1" 304 -
0:0:0:0:0:0:0:1 - - [22/Feb/2018:16:27:31 +0900] "GET /console/tree_info.gif HTTP/1.1" 304 -
0:0:0:0:0:0:0:1 - - [22/Feb/2018:16:27:31 +0900] "GET /console/tree_users.gif HTTP/1.1" 304 -
0:0:0:0:0:0:0:1 - - [22/Feb/2018:16:27:31 +0900] "GET /console/tree_type.gif HTTP/1.1" 304 -
0:0:0:0:0:0:0:1 - - [22/Feb/2018:16:27:46 +0900] "POST /console/query.do?jsessionid=c7a6bf700f888add7b7c6bdb407a2733 HTTP/1.1" 200 887
0:0:0:0:0:0:0:1 - - [22/Feb/2018:16:27:46 +0900] "GET /console/table.js HTTP/1.1" 304 -
0:0:0:0:0:0:0:1 - - [22/Feb/2018:16:27:46 +0900] "GET /console/stylesheet.css HTTP/1.1" 304 -
0:0:0:0:0:0:0:1 - - [22/Feb/2018:16:27:46 +0900] "GET /console/tables.do?jsessionid=c7a6bf700f888add7b7c6bdb407a2733 HTTP/1.1" 200 4438
0:0:0:0:0:0:0:1 - - [22/Feb/2018:16:27:46 +0900] "GET /console/tree.js HTTP/1.1" 304 -
0:0:0:0:0:0:0:1 - - [22/Feb/2018:16:27:46 +0900] "GET /console/tree_minus.gif HTTP/1.1" 304 -
0:0:0:0:0:0:0:1 - - [22/Feb/2018:16:27:46 +0900] "GET /console/tree_plus.gif HTTP/1.1" 304 -
0:0:0:0:0:0:0:1 - - [22/Feb/2018:16:27:46 +0900] "GET /console/tree_database.gif HTTP/1.1" 304 -
0:0:0:0:0:0:0:1 - - [22/Feb/2018:16:27:46 +0900] "GET /console/tree_table.gif HTTP/1.1" 304 -
0:0:0:0:0:0:0:1 - - [22/Feb/2018:16:27:46 +0900] "GET /console/tree_empty.gif HTTP/1.1" 304 -
0:0:0:0:0:0:0:1 - - [22/Feb/2018:16:27:46 +0900] "GET /console/tree_type.gif HTTP/1.1" 304 -
0:0:0:0:0:0:0:1 - - [22/Feb/2018:16:27:46 +0900] "GET /console/tree_users.gif HTTP/1.1" 304 -
0:0:0:0:0:0:0:1 - - [22/Feb/2018:16:27:46 +0900] "GET /console/tree_folder.gif HTTP/1.1" 304 -
0:0:0:0:0:0:0:1 - - [22/Feb/2018:16:27:46 +0900] "GET /console/tree_user.gif HTTP/1.1" 304 -
0:0:0:0:0:0:0:1 - - [22/Feb/2018:16:27:46 +0900] "GET /console/tree_info.gif HTTP/1.1" 304 -
0:0:0:0:0:0:0:1 - - [22/Feb/2018:16:27:46 +0900] "GET /console/tree_column.gif HTTP/1.1" 200 317
0:0:0:0:0:0:0:1 - - [22/Feb/2018:16:27:46 +0900] "GET /console/tree_index_az.gif HTTP/1.1" 200 157
0:0:0:0:0:0:0:1 - - [22/Feb/2018:16:27:46 +0900] "GET /console/tree_index.gif HTTP/1.1" 200 152
0:0:0:0:0:0:0:1 - - [22/Feb/2018:16:28:02 +0900] "GET /test?name=1 HTTP/1.1" 200 31
0:0:0:0:0:0:0:1 - - [22/Feb/2018:16:28:02 +0900] "GET /favicon.ico HTTP/1.1" 200 946
0:0:0:0:0:0:0:1 - - [22/Feb/2018:16:44:33 +0900] "GET /test?name=1 HTTP/1.1" 200 31
0:0:0:0:0:0:0:1 - - [22/Feb/2018:16:44:33 +0900] "GET /favicon.ico HTTP/1.1" 200 946
0:0:0:0:0:0:0:1 - - [22/Feb/2018:16:44:34 +0900] "GET /test?name=1 HTTP/1.1" 200 31
0:0:0:0:0:0:0:1 - - [22/Feb/2018:16:44:34 +0900] "GET /favicon.ico HTTP/1.1" 200 946
0:0:0:0:0:0:0:1 - - [22/Feb/2018:16:44:37 +0900] "GET /test2?name=1 HTTP/1.1" 200 31
0:0:0:0:0:0:0:1 - - [22/Feb/2018:16:44:41 +0900] "GET /test3?name=1 HTTP/1.1" 404 306
0:0:0:0:0:0:0:1 - - [22/Feb/2018:16:44:45 +0900] "GET /test1?name=1 HTTP/1.1" 404 306
0:0:0:0:0:0:0:1 - - [22/Feb/2018:16:44:46 +0900] "GET /test?name=1 HTTP/1.1" 200 31
0:0:0:0:0:0:0:1 - - [22/Feb/2018:16:44:52 +0900] "GET /test2?name=1 HTTP/1.1" 200 31
0:0:0:0:0:0:0:1 - - [22/Feb/2018:16:46:07 +0900] "GET /test2?name=1 HTTP/1.1" 200 31
0:0:0:0:0:0:0:1 - - [22/Feb/2018:16:46:07 +0900] "GET /favicon.ico HTTP/1.1" 200 946
0:0:0:0:0:0:0:1 - - [22/Feb/2018:16:46:08 +0900] "GET /test2?name=1 HTTP/1.1" 200 31
0:0:0:0:0:0:0:1 - - [22/Feb/2018:16:46:08 +0900] "GET /favicon.ico HTTP/1.1" 200 946
0:0:0:0:0:0:0:1 - - [22/Feb/2018:16:46:12 +0900] "GET /test?name=1 HTTP/1.1" 200 31
0:0:0:0:0:0:0:1 - - [22/Feb/2018:16:46:15 +0900] "GET /test?name=1 HTTP/1.1" 200 31
0:0:0:0:0:0:0:1 - - [22/Feb/2018:16:46:15 +0900] "GET /favicon.ico HTTP/1.1" 200 946
0:0:0:0:0:0:0:1 - - [22/Feb/2018:16:46:15 +0900] "GET /test?name=1 HTTP/1.1" 200 31
0:0:0:0:0:0:0:1 - - [22/Feb/2018:16:46:15 +0900] "GET /favicon.ico HTTP/1.1" 200 946
0:0:0:0:0:0:0:1 - - [22/Feb/2018:16:46:23 +0900] "GET /test?name=1 HTTP/1.1" 200 31
0:0:0:0:0:0:0:1 - - [22/Feb/2018:16:46:23 +0900] "GET /favicon.ico HTTP/1.1" 200 946
0:0:0:0:0:0:0:1 - - [22/Feb/2018:16:46:23 +0900] "GET /test?name=1 HTTP/1.1" 200 31
0:0:0:0:0:0:0:1 - - [22/Feb/2018:16:46:23 +0900] "GET /favicon.ico HTTP/1.1" 200 946
0:0:0:0:0:0:0:1 - - [22/Feb/2018:16:46:27 +0900] "GET /test2?name=1 HTTP/1.1" 200 31
0:0:0:0:0:0:0:1 - - [22/Feb/2018:16:46:55 +0900] "GET /test2?name=1 HTTP/1.1" 200 32
0:0:0:0:0:0:0:1 - - [22/Feb/2018:16:46:55 +0900] "GET /favicon.ico HTTP/1.1" 200 946
0:0:0:0:0:0:0:1 - - [22/Feb/2018:16:46:57 +0900] "GET /test2?name=1 HTTP/1.1" 200 32
0:0:0:0:0:0:0:1 - - [22/Feb/2018:16:46:57 +0900] "GET /favicon.ico HTTP/1.1" 200 946
0:0:0:0:0:0:0:1 - - [22/Feb/2018:16:47:02 +0900] "GET /test?name=1 HTTP/1.1" 200 32
0:0:0:0:0:0:0:1 - - [22/Feb/2018:16:47:04 +0900] "GET /test?name=1 HTTP/1.1" 200 32
0:0:0:0:0:0:0:1 - - [22/Feb/2018:16:47:04 +0900] "GET /favicon.ico HTTP/1.1" 200 946
0:0:0:0:0:0:0:1 - - [22/Feb/2018:16:49:06 +0900] "GET /test?name=1 HTTP/1.1" 200 31
0:0:0:0:0:0:0:1 - - [22/Feb/2018:16:49:06 +0900] "GET /favicon.ico HTTP/1.1" 200 946
0:0:0:0:0:0:0:1 - - [22/Feb/2018:16:49:07 +0900] "GET /test?name=1 HTTP/1.1" 200 31
0:0:0:0:0:0:0:1 - - [22/Feb/2018:16:49:07 +0900] "GET /favicon.ico HTTP/1.1" 200 946
0:0:0:0:0:0:0:1 - - [22/Feb/2018:16:49:39 +0900] "GET /test2?name=1 HTTP/1.1" 200 31
0:0:0:0:0:0:0:1 - - [22/Feb/2018:16:54:34 +0900] "GET /test2?name=1 HTTP/1.1" 200 31
0:0:0:0:0:0:0:1 - - [22/Feb/2018:16:54:34 +0900] "GET /favicon.ico HTTP/1.1" 200 946
0:0:0:0:0:0:0:1 - - [22/Feb/2018:16:54:35 +0900] "GET /test2?name=1 HTTP/1.1" 200 31
0:0:0:0:0:0:0:1 - - [22/Feb/2018:16:54:35 +0900] "GET /favicon.ico HTTP/1.1" 200 946
0:0:0:0:0:0:0:1 - - [22/Feb/2018:16:54:38 +0900] "GET /test?name=1 HTTP/1.1" 200 31
0:0:0:0:0:0:0:1 - - [22/Feb/2018:16:54:42 +0900] "GET /test?name=1 HTTP/1.1" 200 31
0:0:0:0:0:0:0:1 - - [22/Feb/2018:16:54:42 +0900] "GET /favicon.ico HTTP/1.1" 200 946
0:0:0:0:0:0:0:1 - - [22/Feb/2018:16:54:44 +0900] "GET /test?name=1 HTTP/1.1" 200 31
0:0:0:0:0:0:0:1 - - [22/Feb/2018:16:54:44 +0900] "GET /favicon.ico HTTP/1.1" 200 946
0:0:0:0:0:0:0:1 - - [22/Feb/2018:16:54:44 +0900] "GET /test?name=1 HTTP/1.1" 200 31
0:0:0:0:0:0:0:1 - - [22/Feb/2018:16:54:44 +0900] "GET /favicon.ico HTTP/1.1" 200 946
0:0:0:0:0:0:0:1 - - [22/Feb/2018:16:54:44 +0900] "GET /test?name=1 HTTP/1.1" 200 31
0:0:0:0:0:0:0:1 - - [22/Feb/2018:16:54:44 +0900] "GET /favicon.ico HTTP/1.1" 200 946
0:0:0:0:0:0:0:1 - - [22/Feb/2018:16:54:44 +0900] "GET /test?name=1 HTTP/1.1" 200 31
0:0:0:0:0:0:0:1 - - [22/Feb/2018:16:54:44 +0900] "GET /favicon.ico HTTP/1.1" 200 946
0:0:0:0:0:0:0:1 - - [22/Feb/2018:16:54:45 +0900] "GET /test?name=1 HTTP/1.1" 200 31
0:0:0:0:0:0:0:1 - - [22/Feb/2018:16:54:45 +0900] "GET /favicon.ico HTTP/1.1" 200 946
0:0:0:0:0:0:0:1 - - [22/Feb/2018:16:54:45 +0900] "GET /test?name=1 HTTP/1.1" 200 32
0:0:0:0:0:0:0:1 - - [22/Feb/2018:16:54:45 +0900] "GET /favicon.ico HTTP/1.1" 200 946
0:0:0:0:0:0:0:1 - - [22/Feb/2018:16:54:48 +0900] "GET /test2?name=1 HTTP/1.1" 200 32
0:0:0:0:0:0:0:1 - - [22/Feb/2018:16:54:54 +0900] "GET /test3?name=1 HTTP/1.1" 404 306
0:0:0:0:0:0:0:1 - - [22/Feb/2018:16:54:58 +0900] "GET /test?name=1 HTTP/1.1" 200 32
0:0:0:0:0:0:0:1 - - [22/Feb/2018:16:55:03 +0900] "GET /test2?name=1 HTTP/1.1" 200 32
0:0:0:0:0:0:0:1 - - [22/Feb/2018:16:55:08 +0900] "GET /test3?name=1 HTTP/1.1" 404 306
0:0:0:0:0:0:0:1 - - [22/Feb/2018:16:55:09 +0900] "GET /test?name=1 HTTP/1.1" 200 32
0:0:0:0:0:0:0:1 - - [22/Feb/2018:16:55:14 +0900] "GET /test2?name=1 HTTP/1.1" 200 32
0:0:0:0:0:0:0:1 - - [22/Feb/2018:17:02:19 +0900] "GET /test2?name=1 HTTP/1.1" 200 34
0:0:0:0:0:0:0:1 - - [22/Feb/2018:17:02:19 +0900] "GET /favicon.ico HTTP/1.1" 200 946
0:0:0:0:0:0:0:1 - - [22/Feb/2018:17:02:22 +0900] "GET /test2?name=1 HTTP/1.1" 200 34
0:0:0:0:0:0:0:1 - - [22/Feb/2018:17:02:22 +0900] "GET /favicon.ico HTTP/1.1" 200 946
0:0:0:0:0:0:0:1 - - [22/Feb/2018:17:02:23 +0900] "GET /test2?name=1 HTTP/1.1" 200 34
0:0:0:0:0:0:0:1 - - [22/Feb/2018:17:02:23 +0900] "GET /favicon.ico HTTP/1.1" 200 946
0:0:0:0:0:0:0:1 - - [22/Feb/2018:17:02:34 +0900] "GET /test?name=1 HTTP/1.1" 200 34
0:0:0:0:0:0:0:1 - - [22/Feb/2018:17:04:37 +0900] "GET /test?name=1 HTTP/1.1" 200 34
0:0:0:0:0:0:0:1 - - [22/Feb/2018:17:04:38 +0900] "GET /favicon.ico HTTP/1.1" 200 946
0:0:0:0:0:0:0:1 - - [22/Feb/2018:17:05:29 +0900] "GET /test?name=1 HTTP/1.1" 200 34
0:0:0:0:0:0:0:1 - - [22/Feb/2018:17:05:29 +0900] "GET /favicon.ico HTTP/1.1" 200 946
0:0:0:0:0:0:0:1 - - [22/Feb/2018:17:05:30 +0900] "GET /test?name=1 HTTP/1.1" 200 34
0:0:0:0:0:0:0:1 - - [22/Feb/2018:17:05:30 +0900] "GET /favicon.ico HTTP/1.1" 200 946
0:0:0:0:0:0:0:1 - - [22/Feb/2018:17:08:24 +0900] "GET /test?name=1 HTTP/1.1" 200 34
0:0:0:0:0:0:0:1 - - [22/Feb/2018:17:08:24 +0900] "GET /favicon.ico HTTP/1.1" 200 946
0:0:0:0:0:0:0:1 - - [22/Feb/2018:17:08:47 +0900] "GET /test2?name=1 HTTP/1.1" 200 34
0:0:0:0:0:0:0:1 - - [22/Feb/2018:17:08:47 +0900] "GET /favicon.ico HTTP/1.1" 200 946
0:0:0:0:0:0:0:1 - - [22/Feb/2018:17:08:52 +0900] "GET /test?name=1 HTTP/1.1" 200 34
0:0:0:0:0:0:0:1 - - [22/Feb/2018:17:13:40 +0900] "GET /test?name=1 HTTP/1.1" 200 34
0:0:0:0:0:0:0:1 - - [22/Feb/2018:17:13:40 +0900] "GET /favicon.ico HTTP/1.1" 200 946
0:0:0:0:0:0:0:1 - - [22/Feb/2018:17:13:41 +0900] "GET /test?name=1 HTTP/1.1" 200 34
0:0:0:0:0:0:0:1 - - [22/Feb/2018:17:13:41 +0900] "GET /favicon.ico HTTP/1.1" 200 946
0:0:0:0:0:0:0:1 - - [22/Feb/2018:17:13:41 +0900] "GET /test?name=1 HTTP/1.1" 200 34
0:0:0:0:0:0:0:1 - - [22/Feb/2018:17:13:41 +0900] "GET /favicon.ico HTTP/1.1" 200 946
0:0:0:0:0:0:0:1 - - [22/Feb/2018:17:13:46 +0900] "GET /test?name=1 HTTP/1.1" 200 34
0:0:0:0:0:0:0:1 - - [22/Feb/2018:17:13:46 +0900] "GET /favicon.ico HTTP/1.1" 200 946
0:0:0:0:0:0:0:1 - - [22/Feb/2018:17:13:46 +0900] "GET /test?name=1 HTTP/1.1" 200 34
0:0:0:0:0:0:0:1 - - [22/Feb/2018:17:13:46 +0900] "GET /favicon.ico HTTP/1.1" 200 946
0:0:0:0:0:0:0:1 - - [22/Feb/2018:17:13:46 +0900] "GET /test?name=1 HTTP/1.1" 200 34
0:0:0:0:0:0:0:1 - - [22/Feb/2018:17:13:46 +0900] "GET /favicon.ico HTTP/1.1" 200 946
0:0:0:0:0:0:0:1 - - [22/Feb/2018:17:13:47 +0900] "GET /test?name=1 HTTP/1.1" 200 34
0:0:0:0:0:0:0:1 - - [22/Feb/2018:17:13:47 +0900] "GET /favicon.ico HTTP/1.1" 200 946
0:0:0:0:0:0:0:1 - - [22/Feb/2018:17:13:55 +0900] "GET /test?name=1&idx=1 HTTP/1.1" 200 31
0:0:0:0:0:0:0:1 - - [22/Feb/2018:17:13:58 +0900] "GET /test?name=1&idx=1 HTTP/1.1" 200 31
0:0:0:0:0:0:0:1 - - [22/Feb/2018:17:13:58 +0900] "GET /favicon.ico HTTP/1.1" 200 946
0:0:0:0:0:0:0:1 - - [22/Feb/2018:17:14:01 +0900] "GET /test?name=1&idx=2 HTTP/1.1" 200 31
0:0:0:0:0:0:0:1 - - [22/Feb/2018:17:16:22 +0900] "GET /test?name=1 HTTP/1.1" 200 34
0:0:0:0:0:0:0:1 - - [22/Feb/2018:17:18:40 +0900] "GET /test?name=1 HTTP/1.1" 200 34
0:0:0:0:0:0:0:1 - - [22/Feb/2018:17:18:40 +0900] "GET /favicon.ico HTTP/1.1" 200 946
0:0:0:0:0:0:0:1 - - [22/Feb/2018:17:19:13 +0900] "GET /test?name=1 HTTP/1.1" 200 34
0:0:0:0:0:0:0:1 - - [22/Feb/2018:17:19:13 +0900] "GET /favicon.ico HTTP/1.1" 200 946
0:0:0:0:0:0:0:1 - - [22/Feb/2018:17:19:15 +0900] "GET /test?name=1 HTTP/1.1" 200 34
0:0:0:0:0:0:0:1 - - [22/Feb/2018:17:19:15 +0900] "GET /favicon.ico HTTP/1.1" 200 946
0:0:0:0:0:0:0:1 - - [22/Feb/2018:17:19:15 +0900] "GET /test?name=1 HTTP/1.1" 200 34
0:0:0:0:0:0:0:1 - - [22/Feb/2018:17:19:15 +0900] "GET /favicon.ico HTTP/1.1" 200 946
0:0:0:0:0:0:0:1 - - [22/Feb/2018:17:19:15 +0900] "GET /test?name=1 HTTP/1.1" 200 34
0:0:0:0:0:0:0:1 - - [22/Feb/2018:17:19:15 +0900] "GET /favicon.ico HTTP/1.1" 200 946
0:0:0:0:0:0:0:1 - - [22/Feb/2018:17:19:16 +0900] "GET /test?name=1 HTTP/1.1" 200 34
0:0:0:0:0:0:0:1 - - [22/Feb/2018:17:19:16 +0900] "GET /favicon.ico HTTP/1.1" 200 946
0:0:0:0:0:0:0:1 - - [22/Feb/2018:17:22:13 +0900] "GET /test?name=1 HTTP/1.1" 200 34
0:0:0:0:0:0:0:1 - - [22/Feb/2018:17:22:13 +0900] "GET /favicon.ico HTTP/1.1" 200 946
0:0:0:0:0:0:0:1 - - [22/Feb/2018:17:22:14 +0900] "GET /test?name=1 HTTP/1.1" 200 34
0:0:0:0:0:0:0:1 - - [22/Feb/2018:17:22:14 +0900] "GET /favicon.ico HTTP/1.1" 200 946
0:0:0:0:0:0:0:1 - - [22/Feb/2018:17:22:14 +0900] "GET /test?name=1 HTTP/1.1" 200 34
0:0:0:0:0:0:0:1 - - [22/Feb/2018:17:22:14 +0900] "GET /favicon.ico HTTP/1.1" 200 946
0:0:0:0:0:0:0:1 - - [22/Feb/2018:17:22:26 +0900] "GET /test?name=1&idx=1 HTTP/1.1" 200 31
0:0:0:0:0:0:0:1 - - [22/Feb/2018:17:23:17 +0900] "GET /test?name=1&idx=1 HTTP/1.1" 200 31
0:0:0:0:0:0:0:1 - - [22/Feb/2018:17:23:17 +0900] "GET /favicon.ico HTTP/1.1" 200 946
0:0:0:0:0:0:0:1 - - [22/Feb/2018:17:23:21 +0900] "GET /test?name=1 HTTP/1.1" 200 34
0:0:0:0:0:0:0:1 - - [22/Feb/2018:17:26:44 +0900] "GET /test?name=1 HTTP/1.1" 200 34
0:0:0:0:0:0:0:1 - - [22/Feb/2018:17:26:44 +0900] "GET /favicon.ico HTTP/1.1" 200 946
0:0:0:0:0:0:0:1 - - [22/Feb/2018:17:26:45 +0900] "GET /test?name=1 HTTP/1.1" 200 34
0:0:0:0:0:0:0:1 - - [22/Feb/2018:17:26:45 +0900] "GET /favicon.ico HTTP/1.1" 200 946
0:0:0:0:0:0:0:1 - - [22/Feb/2018:17:26:46 +0900] "GET /test?name=1 HTTP/1.1" 200 34
0:0:0:0:0:0:0:1 - - [22/Feb/2018:17:26:46 +0900] "GET /favicon.ico HTTP/1.1" 200 946
0:0:0:0:0:0:0:1 - - [22/Feb/2018:17:26:46 +0900] "GET /test?name=1 HTTP/1.1" 200 34
0:0:0:0:0:0:0:1 - - [22/Feb/2018:17:26:46 +0900] "GET /favicon.ico HTTP/1.1" 200 946
0:0:0:0:0:0:0:1 - - [22/Feb/2018:17:26:46 +0900] "GET /test?name=1 HTTP/1.1" 200 34
0:0:0:0:0:0:0:1 - - [22/Feb/2018:17:26:46 +0900] "GET /favicon.ico HTTP/1.1" 200 946
0:0:0:0:0:0:0:1 - - [22/Feb/2018:17:27:36 +0900] "GET /test?name=1 HTTP/1.1" 200 34
0:0:0:0:0:0:0:1 - - [22/Feb/2018:17:27:36 +0900] "GET /favicon.ico HTTP/1.1" 200 946
0:0:0:0:0:0:0:1 - - [22/Feb/2018:17:27:36 +0900] "GET /test?name=1 HTTP/1.1" 200 34
0:0:0:0:0:0:0:1 - - [22/Feb/2018:17:27:36 +0900] "GET /favicon.ico HTTP/1.1" 200 946
0:0:0:0:0:0:0:1 - - [22/Feb/2018:17:27:37 +0900] "GET /test?name=1 HTTP/1.1" 200 34
0:0:0:0:0:0:0:1 - - [22/Feb/2018:17:27:37 +0900] "GET /favicon.ico HTTP/1.1" 200 946
0:0:0:0:0:0:0:1 - - [22/Feb/2018:17:27:40 +0900] "GET /test?name=2 HTTP/1.1" 200 34
0:0:0:0:0:0:0:1 - - [22/Feb/2018:17:27:49 +0900] "GET /test2?name=2 HTTP/1.1" 200 34
0:0:0:0:0:0:0:1 - - [22/Feb/2018:17:31:05 +0900] "GET /test2?name=2 HTTP/1.1" 200 31
0:0:0:0:0:0:0:1 - - [22/Feb/2018:17:31:05 +0900] "GET /favicon.ico HTTP/1.1" 200 946
0:0:0:0:0:0:0:1 - - [22/Feb/2018:17:31:08 +0900] "GET /test2?name=1 HTTP/1.1" 200 31
0:0:0:0:0:0:0:1 - - [22/Feb/2018:17:31:11 +0900] "GET /test2?name=1 HTTP/1.1" 200 31
0:0:0:0:0:0:0:1 - - [22/Feb/2018:17:31:11 +0900] "GET /favicon.ico HTTP/1.1" 200 946
0:0:0:0:0:0:0:1 - - [22/Feb/2018:17:31:11 +0900] "GET /test2?name=1 HTTP/1.1" 200 31
0:0:0:0:0:0:0:1 - - [22/Feb/2018:17:31:11 +0900] "GET /favicon.ico HTTP/1.1" 200 946
0:0:0:0:0:0:0:1 - - [22/Feb/2018:17:31:12 +0900] "GET /test2?name=1 HTTP/1.1" 200 31
0:0:0:0:0:0:0:1 - - [22/Feb/2018:17:31:12 +0900] "GET /favicon.ico HTTP/1.1" 200 946
0:0:0:0:0:0:0:1 - - [22/Feb/2018:17:31:12 +0900] "GET /test2?name=1 HTTP/1.1" 200 31
0:0:0:0:0:0:0:1 - - [22/Feb/2018:17:31:12 +0900] "GET /favicon.ico HTTP/1.1" 200 946
0:0:0:0:0:0:0:1 - - [22/Feb/2018:17:31:12 +0900] "GET /test2?name=1 HTTP/1.1" 200 31
0:0:0:0:0:0:0:1 - - [22/Feb/2018:17:31:12 +0900] "GET /favicon.ico HTTP/1.1" 200 946
0:0:0:0:0:0:0:1 - - [22/Feb/2018:17:31:15 +0900] "GET /test?name=1 HTTP/1.1" 200 31
0:0:0:0:0:0:0:1 - - [22/Feb/2018:17:31:17 +0900] "GET /test?name=1 HTTP/1.1" 200 31
0:0:0:0:0:0:0:1 - - [22/Feb/2018:17:31:17 +0900] "GET /favicon.ico HTTP/1.1" 200 946
0:0:0:0:0:0:0:1 - - [22/Feb/2018:17:31:18 +0900] "GET /test?name=1 HTTP/1.1" 200 32
0:0:0:0:0:0:0:1 - - [22/Feb/2018:17:31:18 +0900] "GET /favicon.ico HTTP/1.1" 200 946
0:0:0:0:0:0:0:1 - - [22/Feb/2018:17:31:18 +0900] "GET /test?name=1 HTTP/1.1" 200 32
0:0:0:0:0:0:0:1 - - [22/Feb/2018:17:31:18 +0900] "GET /favicon.ico HTTP/1.1" 200 946
0:0:0:0:0:0:0:1 - - [22/Feb/2018:17:31:18 +0900] "GET /test?name=1 HTTP/1.1" 200 32
0:0:0:0:0:0:0:1 - - [22/Feb/2018:17:31:18 +0900] "GET /favicon.ico HTTP/1.1" 200 946
0:0:0:0:0:0:0:1 - - [22/Feb/2018:17:31:22 +0900] "GET /test2?name=1 HTTP/1.1" 200 32
0:0:0:0:0:0:0:1 - - [22/Feb/2018:17:32:28 +0900] "GET /test2?name=1 HTTP/1.1" 200 31
0:0:0:0:0:0:0:1 - - [22/Feb/2018:17:32:28 +0900] "GET /favicon.ico HTTP/1.1" 200 946
0:0:0:0:0:0:0:1 - - [22/Feb/2018:17:32:31 +0900] "GET /test?name=1 HTTP/1.1" 200 31
0:0:0:0:0:0:0:1 - - [22/Feb/2018:17:32:35 +0900] "GET /test2?name=1 HTTP/1.1" 200 31
0:0:0:0:0:0:0:1 - - [22/Feb/2018:17:32:40 +0900] "GET /test?name=1 HTTP/1.1" 200 31
0:0:0:0:0:0:0:1 - - [22/Feb/2018:17:32:42 +0900] "GET /test?name=1 HTTP/1.1" 200 31
0:0:0:0:0:0:0:1 - - [22/Feb/2018:17:32:43 +0900] "GET /favicon.ico HTTP/1.1" 200 946
0:0:0:0:0:0:0:1 - - [22/Feb/2018:17:32:43 +0900] "GET /test?name=1 HTTP/1.1" 200 31
0:0:0:0:0:0:0:1 - - [22/Feb/2018:17:32:43 +0900] "GET /favicon.ico HTTP/1.1" 200 946
0:0:0:0:0:0:0:1 - - [22/Feb/2018:17:32:43 +0900] "GET /test?name=1 HTTP/1.1" 200 31
0:0:0:0:0:0:0:1 - - [22/Feb/2018:17:32:43 +0900] "GET /favicon.ico HTTP/1.1" 200 946
0:0:0:0:0:0:0:1 - - [22/Feb/2018:17:32:43 +0900] "GET /test?name=1 HTTP/1.1" 200 31
0:0:0:0:0:0:0:1 - - [22/Feb/2018:17:32:43 +0900] "GET /favicon.ico HTTP/1.1" 200 946
0:0:0:0:0:0:0:1 - - [22/Feb/2018:17:32:43 +0900] "GET /test?name=1 HTTP/1.1" 200 31
0:0:0:0:0:0:0:1 - - [22/Feb/2018:17:32:43 +0900] "GET /favicon.ico HTTP/1.1" 200 946
0:0:0:0:0:0:0:1 - - [22/Feb/2018:17:32:48 +0900] "GET /test2?name=1 HTTP/1.1" 200 31
0:0:0:0:0:0:0:1 - - [22/Feb/2018:17:32:54 +0900] "GET /test?name=1 HTTP/1.1" 200 31
0:0:0:0:0:0:0:1 - - [22/Feb/2018:17:33:57 +0900] "GET /test?name=1 HTTP/1.1" 200 31
0:0:0:0:0:0:0:1 - - [22/Feb/2018:17:33:57 +0900] "GET /favicon.ico HTTP/1.1" 200 946
0:0:0:0:0:0:0:1 - - [22/Feb/2018:17:33:58 +0900] "GET /test?name=1 HTTP/1.1" 200 31
0:0:0:0:0:0:0:1 - - [22/Feb/2018:17:33:58 +0900] "GET /favicon.ico HTTP/1.1" 200 946
0:0:0:0:0:0:0:1 - - [22/Feb/2018:17:33:59 +0900] "GET /test?name=1 HTTP/1.1" 200 31
0:0:0:0:0:0:0:1 - - [22/Feb/2018:17:33:59 +0900] "GET /favicon.ico HTTP/1.1" 200 946
0:0:0:0:0:0:0:1 - - [22/Feb/2018:17:33:59 +0900] "GET /test?name=1 HTTP/1.1" 200 31
0:0:0:0:0:0:0:1 - - [22/Feb/2018:17:33:59 +0900] "GET /favicon.ico HTTP/1.1" 200 946
0:0:0:0:0:0:0:1 - - [22/Feb/2018:17:34:00 +0900] "GET /test?name=1 HTTP/1.1" 200 31
0:0:0:0:0:0:0:1 - - [22/Feb/2018:17:34:00 +0900] "GET /favicon.ico HTTP/1.1" 200 946
0:0:0:0:0:0:0:1 - - [22/Feb/2018:17:34:00 +0900] "GET /test?name=1 HTTP/1.1" 200 31
0:0:0:0:0:0:0:1 - - [22/Feb/2018:17:34:00 +0900] "GET /favicon.ico HTTP/1.1" 200 946
0:0:0:0:0:0:0:1 - - [22/Feb/2018:17:34:00 +0900] "GET /test?name=1 HTTP/1.1" 200 31
0:0:0:0:0:0:0:1 - - [22/Feb/2018:17:34:00 +0900] "GET /favicon.ico HTTP/1.1" 200 946
0:0:0:0:0:0:0:1 - - [22/Feb/2018:17:34:00 +0900] "GET /test?name=1 HTTP/1.1" 200 31
0:0:0:0:0:0:0:1 - - [22/Feb/2018:17:34:00 +0900] "GET /favicon.ico HTTP/1.1" 200 946
0:0:0:0:0:0:0:1 - - [22/Feb/2018:17:34:00 +0900] "GET /test?name=1 HTTP/1.1" 200 31
0:0:0:0:0:0:0:1 - - [22/Feb/2018:17:34:00 +0900] "GET /favicon.ico HTTP/1.1" 200 946
0:0:0:0:0:0:0:1 - - [22/Feb/2018:17:34:00 +0900] "GET /test?name=1 HTTP/1.1" 200 32
0:0:0:0:0:0:0:1 - - [22/Feb/2018:17:34:00 +0900] "GET /favicon.ico HTTP/1.1" 200 946
0:0:0:0:0:0:0:1 - - [22/Feb/2018:17:34:04 +0900] "GET /test2?name=1 HTTP/1.1" 200 31
0:0:0:0:0:0:0:1 - - [22/Feb/2018:17:34:08 +0900] "GET /test2?name=1 HTTP/1.1" 200 31
0:0:0:0:0:0:0:1 - - [22/Feb/2018:17:34:08 +0900] "GET /favicon.ico HTTP/1.1" 200 946
0:0:0:0:0:0:0:1 - - [22/Feb/2018:17:34:08 +0900] "GET /test2?name=1 HTTP/1.1" 200 31
0:0:0:0:0:0:0:1 - - [22/Feb/2018:17:34:08 +0900] "GET /favicon.ico HTTP/1.1" 200 946
0:0:0:0:0:0:0:1 - - [22/Feb/2018:17:34:08 +0900] "GET /test2?name=1 HTTP/1.1" 200 31
0:0:0:0:0:0:0:1 - - [22/Feb/2018:17:34:08 +0900] "GET /favicon.ico HTTP/1.1" 200 946
0:0:0:0:0:0:0:1 - - [22/Feb/2018:17:34:08 +0900] "GET /test2?name=1 HTTP/1.1" 200 31
0:0:0:0:0:0:0:1 - - [22/Feb/2018:17:34:08 +0900] "GET /favicon.ico HTTP/1.1" 200 946
0:0:0:0:0:0:0:1 - - [22/Feb/2018:17:40:00 +0900] "GET /test?name=1 HTTP/1.1" 200 31
0:0:0:0:0:0:0:1 - - [22/Feb/2018:17:40:00 +0900] "GET /favicon.ico HTTP/1.1" 200 946
0:0:0:0:0:0:0:1 - - [22/Feb/2018:17:40:01 +0900] "GET /test?name=1 HTTP/1.1" 200 31
0:0:0:0:0:0:0:1 - - [22/Feb/2018:17:40:01 +0900] "GET /favicon.ico HTTP/1.1" 200 946
0:0:0:0:0:0:0:1 - - [22/Feb/2018:17:40:01 +0900] "GET /test?name=1 HTTP/1.1" 200 31
0:0:0:0:0:0:0:1 - - [22/Feb/2018:17:40:01 +0900] "GET /favicon.ico HTTP/1.1" 200 946
0:0:0:0:0:0:0:1 - - [22/Feb/2018:17:40:02 +0900] "GET /test?name=1 HTTP/1.1" 200 31
0:0:0:0:0:0:0:1 - - [22/Feb/2018:17:40:02 +0900] "GET /favicon.ico HTTP/1.1" 200 946
0:0:0:0:0:0:0:1 - - [22/Feb/2018:17:40:02 +0900] "GET /test?name=1 HTTP/1.1" 200 31
0:0:0:0:0:0:0:1 - - [22/Feb/2018:17:40:02 +0900] "GET /favicon.ico HTTP/1.1" 200 946
0:0:0:0:0:0:0:1 - - [22/Feb/2018:17:40:07 +0900] "GET /test2?name=1 HTTP/1.1" 500 472
0:0:0:0:0:0:0:1 - - [22/Feb/2018:17:40:10 +0900] "GET /test2?name=1 HTTP/1.1" 500 472
0:0:0:0:0:0:0:1 - - [22/Feb/2018:17:40:10 +0900] "GET /favicon.ico HTTP/1.1" 200 946
0:0:0:0:0:0:0:1 - - [22/Feb/2018:17:40:11 +0900] "GET /test2?name=1 HTTP/1.1" 500 472
0:0:0:0:0:0:0:1 - - [22/Feb/2018:17:40:11 +0900] "GET /favicon.ico HTTP/1.1" 200 946
0:0:0:0:0:0:0:1 - - [22/Feb/2018:17:40:11 +0900] "GET /test2?name=1 HTTP/1.1" 500 472
0:0:0:0:0:0:0:1 - - [22/Feb/2018:17:40:11 +0900] "GET /favicon.ico HTTP/1.1" 200 946
0:0:0:0:0:0:0:1 - - [22/Feb/2018:17:40:15 +0900] "GET /test?name=1 HTTP/1.1" 200 31
0:0:0:0:0:0:0:1 - - [22/Feb/2018:17:41:45 +0900] "POST /console/login.do?jsessionid=c7a6bf700f888add7b7c6bdb407a2733 HTTP/1.1" 200 937
0:0:0:0:0:0:0:1 - - [22/Feb/2018:17:41:45 +0900] "GET /console/stylesheet.css HTTP/1.1" 200 4671
0:0:0:0:0:0:0:1 - - [22/Feb/2018:17:41:45 +0900] "GET /console/login.jsp?jsessionid=af953ba93062ece2427bcc7ce9a7eaae HTTP/1.1" 200 8509
0:0:0:0:0:0:0:1 - - [22/Feb/2018:17:41:45 +0900] "GET /console/background.gif HTTP/1.1" 200 169
0:0:0:0:0:0:0:1 - - [22/Feb/2018:17:41:58 +0900] "POST /console/login.do?jsessionid=af953ba93062ece2427bcc7ce9a7eaae HTTP/1.1" 200 1459
0:0:0:0:0:0:0:1 - - [22/Feb/2018:17:41:58 +0900] "GET /console/stylesheet.css HTTP/1.1" 304 -
0:0:0:0:0:0:0:1 - - [22/Feb/2018:17:41:58 +0900] "GET /console/header.jsp?jsessionid=af953ba93062ece2427bcc7ce9a7eaae HTTP/1.1" 200 8069
0:0:0:0:0:0:0:1 - - [22/Feb/2018:17:41:58 +0900] "GET /console/help.jsp?jsessionid=af953ba93062ece2427bcc7ce9a7eaae HTTP/1.1" 200 5318
0:0:0:0:0:0:0:1 - - [22/Feb/2018:17:41:58 +0900] "GET /console/query.jsp?jsessionid=af953ba93062ece2427bcc7ce9a7eaae HTTP/1.1" 200 16429
0:0:0:0:0:0:0:1 - - [22/Feb/2018:17:41:58 +0900] "GET /console/icon_disconnect.gif HTTP/1.1" 200 114
0:0:0:0:0:0:0:1 - - [22/Feb/2018:17:41:58 +0900] "GET /console/icon_line.gif HTTP/1.1" 200 818
0:0:0:0:0:0:0:1 - - [22/Feb/2018:17:41:58 +0900] "GET /console/icon_refresh.gif HTTP/1.1" 200 327
0:0:0:0:0:0:0:1 - - [22/Feb/2018:17:41:58 +0900] "GET /console/icon_rollback.gif HTTP/1.1" 200 331
0:0:0:0:0:0:0:1 - - [22/Feb/2018:17:41:58 +0900] "GET /console/icon_history.gif HTTP/1.1" 200 216
0:0:0:0:0:0:0:1 - - [22/Feb/2018:17:41:58 +0900] "GET /console/icon_stop.gif HTTP/1.1" 200 215
0:0:0:0:0:0:0:1 - - [22/Feb/2018:17:41:58 +0900] "GET /console/icon_commit.gif HTTP/1.1" 200 323
0:0:0:0:0:0:0:1 - - [22/Feb/2018:17:41:58 +0900] "GET /console/icon_run_selected.gif HTTP/1.1" 200 312
0:0:0:0:0:0:0:1 - - [22/Feb/2018:17:41:58 +0900] "GET /console/icon_help.gif HTTP/1.1" 200 373
0:0:0:0:0:0:0:1 - - [22/Feb/2018:17:41:58 +0900] "GET /console/icon_run.gif HTTP/1.1" 200 379
0:0:0:0:0:0:0:1 - - [22/Feb/2018:17:41:58 +0900] "GET /console/tables.do?jsessionid=af953ba93062ece2427bcc7ce9a7eaae HTTP/1.1" 200 4640
0:0:0:0:0:0:0:1 - - [22/Feb/2018:17:41:58 +0900] "GET /console/tree.js HTTP/1.1" 200 3184
0:0:0:0:0:0:0:1 - - [22/Feb/2018:17:41:58 +0900] "GET /console/tree_minus.gif HTTP/1.1" 200 861
0:0:0:0:0:0:0:1 - - [22/Feb/2018:17:41:58 +0900] "GET /console/tree_plus.gif HTTP/1.1" 200 870
0:0:0:0:0:0:0:1 - - [22/Feb/2018:17:41:58 +0900] "GET /console/tree_column.gif HTTP/1.1" 200 317
0:0:0:0:0:0:0:1 - - [22/Feb/2018:17:41:58 +0900] "GET /console/tree_table.gif HTTP/1.1" 200 343
0:0:0:0:0:0:0:1 - - [22/Feb/2018:17:41:58 +0900] "GET /console/tree_database.gif HTTP/1.1" 200 545
0:0:0:0:0:0:0:1 - - [22/Feb/2018:17:41:58 +0900] "GET /console/tree_empty.gif HTTP/1.1" 200 62
0:0:0:0:0:0:0:1 - - [22/Feb/2018:17:41:58 +0900] "GET /console/tree_sequences.gif HTTP/1.1" 200 114
0:0:0:0:0:0:0:1 - - [22/Feb/2018:17:41:58 +0900] "GET /console/tree_users.gif HTTP/1.1" 200 601
0:0:0:0:0:0:0:1 - - [22/Feb/2018:17:41:58 +0900] "GET /console/tree_info.gif HTTP/1.1" 200 267
0:0:0:0:0:0:0:1 - - [22/Feb/2018:17:41:58 +0900] "GET /console/tree_folder.gif HTTP/1.1" 200 372
0:0:0:0:0:0:0:1 - - [22/Feb/2018:17:41:58 +0900] "GET /console/tree_type.gif HTTP/1.1" 200 197
0:0:0:0:0:0:0:1 - - [22/Feb/2018:17:41:58 +0900] "GET /console/tree_index_az.gif HTTP/1.1" 200 157
0:0:0:0:0:0:0:1 - - [22/Feb/2018:17:41:58 +0900] "GET /console/tree_index.gif HTTP/1.1" 200 152
0:0:0:0:0:0:0:1 - - [22/Feb/2018:17:41:58 +0900] "GET /console/tree_sequence.gif HTTP/1.1" 200 91
0:0:0:0:0:0:0:1 - - [22/Feb/2018:17:41:58 +0900] "GET /console/tree_user.gif HTTP/1.1" 200 500
0:0:0:0:0:0:0:1 - - [22/Feb/2018:17:42:03 +0900] "POST /console/login.do?jsessionid=af953ba93062ece2427bcc7ce9a7eaae HTTP/1.1" 200 1459
0:0:0:0:0:0:0:1 - - [22/Feb/2018:17:42:03 +0900] "GET /console/header.jsp?jsessionid=af953ba93062ece2427bcc7ce9a7eaae HTTP/1.1" 200 8069
0:0:0:0:0:0:0:1 - - [22/Feb/2018:17:42:03 +0900] "GET /console/query.jsp?jsessionid=af953ba93062ece2427bcc7ce9a7eaae HTTP/1.1" 200 16429
0:0:0:0:0:0:0:1 - - [22/Feb/2018:17:42:03 +0900] "GET /console/help.jsp?jsessionid=af953ba93062ece2427bcc7ce9a7eaae HTTP/1.1" 200 5318
0:0:0:0:0:0:0:1 - - [22/Feb/2018:17:42:03 +0900] "GET /console/tables.do?jsessionid=af953ba93062ece2427bcc7ce9a7eaae HTTP/1.1" 200 3926
0:0:0:0:0:0:0:1 - - [22/Feb/2018:17:42:21 +0900] "POST /console/login.do?jsessionid=af953ba93062ece2427bcc7ce9a7eaae HTTP/1.1" 200 1459
0:0:0:0:0:0:0:1 - - [22/Feb/2018:17:42:21 +0900] "GET /console/stylesheet.css HTTP/1.1" 304 -
0:0:0:0:0:0:0:1 - - [22/Feb/2018:17:42:21 +0900] "GET /console/header.jsp?jsessionid=af953ba93062ece2427bcc7ce9a7eaae HTTP/1.1" 200 8069
0:0:0:0:0:0:0:1 - - [22/Feb/2018:17:42:21 +0900] "GET /console/query.jsp?jsessionid=af953ba93062ece2427bcc7ce9a7eaae HTTP/1.1" 200 16429
0:0:0:0:0:0:0:1 - - [22/Feb/2018:17:42:21 +0900] "GET /console/help.jsp?jsessionid=af953ba93062ece2427bcc7ce9a7eaae HTTP/1.1" 200 5318
0:0:0:0:0:0:0:1 - - [22/Feb/2018:17:42:21 +0900] "GET /console/icon_line.gif HTTP/1.1" 304 -
0:0:0:0:0:0:0:1 - - [22/Feb/2018:17:42:21 +0900] "GET /console/icon_refresh.gif HTTP/1.1" 304 -
0:0:0:0:0:0:0:1 - - [22/Feb/2018:17:42:21 +0900] "GET /console/icon_disconnect.gif HTTP/1.1" 304 -
0:0:0:0:0:0:0:1 - - [22/Feb/2018:17:42:21 +0900] "GET /console/icon_rollback.gif HTTP/1.1" 304 -
0:0:0:0:0:0:0:1 - - [22/Feb/2018:17:42:21 +0900] "GET /console/icon_commit.gif HTTP/1.1" 304 -
0:0:0:0:0:0:0:1 - - [22/Feb/2018:17:42:21 +0900] "GET /console/icon_run.gif HTTP/1.1" 304 -
0:0:0:0:0:0:0:1 - - [22/Feb/2018:17:42:21 +0900] "GET /console/icon_run_selected.gif HTTP/1.1" 304 -
0:0:0:0:0:0:0:1 - - [22/Feb/2018:17:42:21 +0900] "GET /console/icon_help.gif HTTP/1.1" 304 -
0:0:0:0:0:0:0:1 - - [22/Feb/2018:17:42:21 +0900] "GET /console/icon_stop.gif HTTP/1.1" 304 -
0:0:0:0:0:0:0:1 - - [22/Feb/2018:17:42:21 +0900] "GET /console/icon_history.gif HTTP/1.1" 304 -
0:0:0:0:0:0:0:1 - - [22/Feb/2018:17:42:21 +0900] "GET /console/tables.do?jsessionid=af953ba93062ece2427bcc7ce9a7eaae HTTP/1.1" 200 4640
0:0:0:0:0:0:0:1 - - [22/Feb/2018:17:42:21 +0900] "GET /console/tree.js HTTP/1.1" 304 -
0:0:0:0:0:0:0:1 - - [22/Feb/2018:17:42:21 +0900] "GET /console/tree_minus.gif HTTP/1.1" 304 -
0:0:0:0:0:0:0:1 - - [22/Feb/2018:17:42:21 +0900] "GET /console/tree_table.gif HTTP/1.1" 304 -
0:0:0:0:0:0:0:1 - - [22/Feb/2018:17:42:21 +0900] "GET /console/tree_database.gif HTTP/1.1" 304 -
0:0:0:0:0:0:0:1 - - [22/Feb/2018:17:42:21 +0900] "GET /console/tree_plus.gif HTTP/1.1" 304 -
0:0:0:0:0:0:0:1 - - [22/Feb/2018:17:42:21 +0900] "GET /console/tree_empty.gif HTTP/1.1" 304 -
0:0:0:0:0:0:0:1 - - [22/Feb/2018:17:42:21 +0900] "GET /console/tree_column.gif HTTP/1.1" 304 -
0:0:0:0:0:0:0:1 - - [22/Feb/2018:17:42:21 +0900] "GET /console/tree_type.gif HTTP/1.1" 304 -
0:0:0:0:0:0:0:1 - - [22/Feb/2018:17:42:21 +0900] "GET /console/tree_folder.gif HTTP/1.1" 304 -
0:0:0:0:0:0:0:1 - - [22/Feb/2018:17:42:21 +0900] "GET /console/tree_index.gif HTTP/1.1" 304 -
0:0:0:0:0:0:0:1 - - [22/Feb/2018:17:42:21 +0900] "GET /console/tree_index_az.gif HTTP/1.1" 304 -
0:0:0:0:0:0:0:1 - - [22/Feb/2018:17:42:21 +0900] "GET /console/tree_sequences.gif HTTP/1.1" 304 -
0:0:0:0:0:0:0:1 - - [22/Feb/2018:17:42:21 +0900] "GET /console/tree_sequence.gif HTTP/1.1" 304 -
0:0:0:0:0:0:0:1 - - [22/Feb/2018:17:42:21 +0900] "GET /console/tree_users.gif HTTP/1.1" 304 -
0:0:0:0:0:0:0:1 - - [22/Feb/2018:17:42:21 +0900] "GET /console/tree_info.gif HTTP/1.1" 304 -
0:0:0:0:0:0:0:1 - - [22/Feb/2018:17:42:21 +0900] "GET /console/tree_user.gif HTTP/1.1" 304 -
0:0:0:0:0:0:0:1 - - [22/Feb/2018:17:43:14 +0900] "POST /console/query.do?jsessionid=af953ba93062ece2427bcc7ce9a7eaae HTTP/1.1" 200 1197
0:0:0:0:0:0:0:1 - - [22/Feb/2018:17:43:14 +0900] "GET /console/stylesheet.css HTTP/1.1" 304 -
0:0:0:0:0:0:0:1 - - [22/Feb/2018:17:43:14 +0900] "GET /console/table.js HTTP/1.1" 200 7196
0:0:0:0:0:0:0:1 - - [22/Feb/2018:17:43:23 +0900] "POST /console/login.do?jsessionid=af953ba93062ece2427bcc7ce9a7eaae HTTP/1.1" 200 1459
0:0:0:0:0:0:0:1 - - [22/Feb/2018:17:43:23 +0900] "GET /console/header.jsp?jsessionid=af953ba93062ece2427bcc7ce9a7eaae HTTP/1.1" 200 8069
0:0:0:0:0:0:0:1 - - [22/Feb/2018:17:43:23 +0900] "GET /console/query.jsp?jsessionid=af953ba93062ece2427bcc7ce9a7eaae HTTP/1.1" 200 16429
0:0:0:0:0:0:0:1 - - [22/Feb/2018:17:43:23 +0900] "GET /console/help.jsp?jsessionid=af953ba93062ece2427bcc7ce9a7eaae HTTP/1.1" 200 5318
0:0:0:0:0:0:0:1 - - [22/Feb/2018:17:43:23 +0900] "GET /console/icon_refresh.gif HTTP/1.1" 304 -
0:0:0:0:0:0:0:1 - - [22/Feb/2018:17:43:23 +0900] "GET /console/icon_line.gif HTTP/1.1" 304 -
0:0:0:0:0:0:0:1 - - [22/Feb/2018:17:43:23 +0900] "GET /console/icon_disconnect.gif HTTP/1.1" 304 -
0:0:0:0:0:0:0:1 - - [22/Feb/2018:17:43:23 +0900] "GET /console/icon_rollback.gif HTTP/1.1" 304 -
0:0:0:0:0:0:0:1 - - [22/Feb/2018:17:43:23 +0900] "GET /console/icon_commit.gif HTTP/1.1" 304 -
0:0:0:0:0:0:0:1 - - [22/Feb/2018:17:43:23 +0900] "GET /console/icon_run.gif HTTP/1.1" 304 -
0:0:0:0:0:0:0:1 - - [22/Feb/2018:17:43:23 +0900] "GET /console/icon_run_selected.gif HTTP/1.1" 304 -
0:0:0:0:0:0:0:1 - - [22/Feb/2018:17:43:23 +0900] "GET /console/icon_stop.gif HTTP/1.1" 304 -
0:0:0:0:0:0:0:1 - - [22/Feb/2018:17:43:23 +0900] "GET /console/icon_history.gif HTTP/1.1" 304 -
0:0:0:0:0:0:0:1 - - [22/Feb/2018:17:43:23 +0900] "GET /console/tables.do?jsessionid=af953ba93062ece2427bcc7ce9a7eaae HTTP/1.1" 200 3926
0:0:0:0:0:0:0:1 - - [22/Feb/2018:17:43:23 +0900] "GET /console/icon_help.gif HTTP/1.1" 304 -
0:0:0:0:0:0:0:1 - - [22/Feb/2018:17:43:23 +0900] "GET /console/tree.js HTTP/1.1" 304 -
0:0:0:0:0:0:0:1 - - [22/Feb/2018:17:43:23 +0900] "GET /console/tree_folder.gif HTTP/1.1" 304 -
0:0:0:0:0:0:0:1 - - [22/Feb/2018:17:43:23 +0900] "GET /console/tree_plus.gif HTTP/1.1" 304 -
0:0:0:0:0:0:0:1 - - [22/Feb/2018:17:43:23 +0900] "GET /console/tree_database.gif HTTP/1.1" 304 -
0:0:0:0:0:0:0:1 - - [22/Feb/2018:17:43:23 +0900] "GET /console/tree_empty.gif HTTP/1.1" 304 -
0:0:0:0:0:0:0:1 - - [22/Feb/2018:17:43:23 +0900] "GET /console/tree_minus.gif HTTP/1.1" 304 -
0:0:0:0:0:0:0:1 - - [22/Feb/2018:17:43:23 +0900] "GET /console/tree_table.gif HTTP/1.1" 304 -
0:0:0:0:0:0:0:1 - - [22/Feb/2018:17:43:23 +0900] "GET /console/tree_type.gif HTTP/1.1" 304 -
0:0:0:0:0:0:0:1 - - [22/Feb/2018:17:43:23 +0900] "GET /console/tree_user.gif HTTP/1.1" 304 -
0:0:0:0:0:0:0:1 - - [22/Feb/2018:17:43:23 +0900] "GET /console/tree_users.gif HTTP/1.1" 304 -
0:0:0:0:0:0:0:1 - - [22/Feb/2018:17:43:23 +0900] "GET /console/tree_info.gif HTTP/1.1" 304 -
0:0:0:0:0:0:0:1 - - [22/Feb/2018:17:43:37 +0900] "POST /console/query.do?jsessionid=af953ba93062ece2427bcc7ce9a7eaae HTTP/1.1" 200 887
0:0:0:0:0:0:0:1 - - [22/Feb/2018:17:43:37 +0900] "GET /console/table.js HTTP/1.1" 304 -
0:0:0:0:0:0:0:1 - - [22/Feb/2018:17:43:37 +0900] "GET /console/stylesheet.css HTTP/1.1" 304 -
0:0:0:0:0:0:0:1 - - [22/Feb/2018:17:43:37 +0900] "GET /console/tables.do?jsessionid=af953ba93062ece2427bcc7ce9a7eaae HTTP/1.1" 200 4441
0:0:0:0:0:0:0:1 - - [22/Feb/2018:17:43:37 +0900] "GET /console/tree.js HTTP/1.1" 304 -
0:0:0:0:0:0:0:1 - - [22/Feb/2018:17:43:37 +0900] "GET /console/tree_plus.gif HTTP/1.1" 304 -
0:0:0:0:0:0:0:1 - - [22/Feb/2018:17:43:37 +0900] "GET /console/tree_minus.gif HTTP/1.1" 304 -
0:0:0:0:0:0:0:1 - - [22/Feb/2018:17:43:37 +0900] "GET /console/tree_database.gif HTTP/1.1" 304 -
0:0:0:0:0:0:0:1 - - [22/Feb/2018:17:43:37 +0900] "GET /console/tree_empty.gif HTTP/1.1" 304 -
0:0:0:0:0:0:0:1 - - [22/Feb/2018:17:43:37 +0900] "GET /console/tree_type.gif HTTP/1.1" 304 -
0:0:0:0:0:0:0:1 - - [22/Feb/2018:17:43:37 +0900] "GET /console/tree_table.gif HTTP/1.1" 304 -
0:0:0:0:0:0:0:1 - - [22/Feb/2018:17:43:37 +0900] "GET /console/tree_folder.gif HTTP/1.1" 304 -
0:0:0:0:0:0:0:1 - - [22/Feb/2018:17:43:37 +0900] "GET /console/tree_users.gif HTTP/1.1" 304 -
0:0:0:0:0:0:0:1 - - [22/Feb/2018:17:43:37 +0900] "GET /console/tree_index_az.gif HTTP/1.1" 304 -
0:0:0:0:0:0:0:1 - - [22/Feb/2018:17:43:37 +0900] "GET /console/tree_user.gif HTTP/1.1" 304 -
0:0:0:0:0:0:0:1 - - [22/Feb/2018:17:43:37 +0900] "GET /console/tree_column.gif HTTP/1.1" 304 -
0:0:0:0:0:0:0:1 - - [22/Feb/2018:17:43:37 +0900] "GET /console/tree_info.gif HTTP/1.1" 304 -
0:0:0:0:0:0:0:1 - - [22/Feb/2018:17:43:37 +0900] "GET /console/tree_index.gif HTTP/1.1" 304 -
0:0:0:0:0:0:0:1 - - [22/Feb/2018:17:43:42 +0900] "GET /test?name=1 HTTP/1.1" 200 31
0:0:0:0:0:0:0:1 - - [22/Feb/2018:17:43:42 +0900] "GET /favicon.ico HTTP/1.1" 200 946
0:0:0:0:0:0:0:1 - - [22/Feb/2018:17:43:47 +0900] "GET /test2?name=1 HTTP/1.1" 500 472
0:0:0:0:0:0:0:1 - - [22/Feb/2018:17:44:39 +0900] "POST /console/query.do?jsessionid=af953ba93062ece2427bcc7ce9a7eaae HTTP/1.1" 200 822
0:0:0:0:0:0:0:1 - - [22/Feb/2018:17:44:39 +0900] "GET /console/stylesheet.css HTTP/1.1" 304 -
0:0:0:0:0:0:0:1 - - [22/Feb/2018:17:44:39 +0900] "GET /console/table.js HTTP/1.1" 304 -
0:0:0:0:0:0:0:1 - - [22/Feb/2018:17:44:39 +0900] "GET /console/tables.do?jsessionid=af953ba93062ece2427bcc7ce9a7eaae HTTP/1.1" 200 3926
0:0:0:0:0:0:0:1 - - [22/Feb/2018:17:44:39 +0900] "GET /console/tree.js HTTP/1.1" 304 -
0:0:0:0:0:0:0:1 - - [22/Feb/2018:17:44:39 +0900] "GET /console/tree_plus.gif HTTP/1.1" 304 -
0:0:0:0:0:0:0:1 - - [22/Feb/2018:17:44:39 +0900] "GET /console/tree_minus.gif HTTP/1.1" 304 -
0:0:0:0:0:0:0:1 - - [22/Feb/2018:17:44:39 +0900] "GET /console/tree_table.gif HTTP/1.1" 304 -
0:0:0:0:0:0:0:1 - - [22/Feb/2018:17:44:39 +0900] "GET /console/tree_database.gif HTTP/1.1" 304 -
0:0:0:0:0:0:0:1 - - [22/Feb/2018:17:44:39 +0900] "GET /console/tree_empty.gif HTTP/1.1" 304 -
0:0:0:0:0:0:0:1 - - [22/Feb/2018:17:44:39 +0900] "GET /console/tree_folder.gif HTTP/1.1" 304 -
0:0:0:0:0:0:0:1 - - [22/Feb/2018:17:44:39 +0900] "GET /console/tree_users.gif HTTP/1.1" 304 -
0:0:0:0:0:0:0:1 - - [22/Feb/2018:17:44:39 +0900] "GET /console/tree_user.gif HTTP/1.1" 304 -
0:0:0:0:0:0:0:1 - - [22/Feb/2018:17:44:39 +0900] "GET /console/tree_type.gif HTTP/1.1" 304 -
0:0:0:0:0:0:0:1 - - [22/Feb/2018:17:44:39 +0900] "GET /console/tree_info.gif HTTP/1.1" 304 -
0:0:0:0:0:0:0:1 - - [22/Feb/2018:17:45:07 +0900] "GET /console/tables.do?jsessionid=af953ba93062ece2427bcc7ce9a7eaae HTTP/1.1" 200 3926
0:0:0:0:0:0:0:1 - - [22/Feb/2018:17:45:07 +0900] "GET /console/stylesheet.css HTTP/1.1" 304 -
0:0:0:0:0:0:0:1 - - [22/Feb/2018:17:45:07 +0900] "GET /console/tree.js HTTP/1.1" 304 -
0:0:0:0:0:0:0:1 - - [22/Feb/2018:17:45:07 +0900] "GET /console/tree_minus.gif HTTP/1.1" 304 -
0:0:0:0:0:0:0:1 - - [22/Feb/2018:17:45:07 +0900] "GET /console/tree_plus.gif HTTP/1.1" 304 -
0:0:0:0:0:0:0:1 - - [22/Feb/2018:17:45:07 +0900] "GET /console/tree_database.gif HTTP/1.1" 304 -
0:0:0:0:0:0:0:1 - - [22/Feb/2018:17:45:07 +0900] "GET /console/tree_folder.gif HTTP/1.1" 304 -
0:0:0:0:0:0:0:1 - - [22/Feb/2018:17:45:07 +0900] "GET /console/tree_table.gif HTTP/1.1" 304 -
0:0:0:0:0:0:0:1 - - [22/Feb/2018:17:45:07 +0900] "GET /console/tree_empty.gif HTTP/1.1" 304 -
0:0:0:0:0:0:0:1 - - [22/Feb/2018:17:45:07 +0900] "GET /console/tree_type.gif HTTP/1.1" 304 -
0:0:0:0:0:0:0:1 - - [22/Feb/2018:17:45:07 +0900] "GET /console/tree_users.gif HTTP/1.1" 304 -
0:0:0:0:0:0:0:1 - - [22/Feb/2018:17:45:07 +0900] "GET /console/tree_user.gif HTTP/1.1" 304 -
0:0:0:0:0:0:0:1 - - [22/Feb/2018:17:45:07 +0900] "GET /console/tree_info.gif HTTP/1.1" 304 -
0:0:0:0:0:0:0:1 - - [22/Feb/2018:17:45:17 +0900] "POST /console/query.do?jsessionid=af953ba93062ece2427bcc7ce9a7eaae HTTP/1.1" 200 888
0:0:0:0:0:0:0:1 - - [22/Feb/2018:17:45:17 +0900] "GET /console/table.js HTTP/1.1" 304 -
0:0:0:0:0:0:0:1 - - [22/Feb/2018:17:45:17 +0900] "GET /console/stylesheet.css HTTP/1.1" 304 -
0:0:0:0:0:0:0:1 - - [22/Feb/2018:17:45:17 +0900] "GET /console/tables.do?jsessionid=af953ba93062ece2427bcc7ce9a7eaae HTTP/1.1" 200 4445
0:0:0:0:0:0:0:1 - - [22/Feb/2018:17:45:17 +0900] "GET /console/tree.js HTTP/1.1" 304 -
0:0:0:0:0:0:0:1 - - [22/Feb/2018:17:45:17 +0900] "GET /console/tree_plus.gif HTTP/1.1" 304 -
0:0:0:0:0:0:0:1 - - [22/Feb/2018:17:45:17 +0900] "GET /console/tree_minus.gif HTTP/1.1" 304 -
0:0:0:0:0:0:0:1 - - [22/Feb/2018:17:45:17 +0900] "GET /console/tree_database.gif HTTP/1.1" 304 -
0:0:0:0:0:0:0:1 - - [22/Feb/2018:17:45:17 +0900] "GET /console/tree_table.gif HTTP/1.1" 304 -
0:0:0:0:0:0:0:1 - - [22/Feb/2018:17:45:17 +0900] "GET /console/tree_type.gif HTTP/1.1" 304 -
0:0:0:0:0:0:0:1 - - [22/Feb/2018:17:45:17 +0900] "GET /console/tree_empty.gif HTTP/1.1" 304 -
0:0:0:0:0:0:0:1 - - [22/Feb/2018:17:45:17 +0900] "GET /console/tree_folder.gif HTTP/1.1" 304 -
0:0:0:0:0:0:0:1 - - [22/Feb/2018:17:45:17 +0900] "GET /console/tree_users.gif HTTP/1.1" 304 -
0:0:0:0:0:0:0:1 - - [22/Feb/2018:17:45:17 +0900] "GET /console/tree_user.gif HTTP/1.1" 304 -
0:0:0:0:0:0:0:1 - - [22/Feb/2018:17:45:17 +0900] "GET /console/tree_info.gif HTTP/1.1" 304 -
0:0:0:0:0:0:0:1 - - [22/Feb/2018:17:45:17 +0900] "GET /console/tree_column.gif HTTP/1.1" 304 -
0:0:0:0:0:0:0:1 - - [22/Feb/2018:17:45:17 +0900] "GET /console/tree_index_az.gif HTTP/1.1" 304 -
0:0:0:0:0:0:0:1 - - [22/Feb/2018:17:45:17 +0900] "GET /console/tree_index.gif HTTP/1.1" 304 -
0:0:0:0:0:0:0:1 - - [22/Feb/2018:17:45:28 +0900] "GET /test2?name=1 HTTP/1.1" 500 458
0:0:0:0:0:0:0:1 - - [22/Feb/2018:17:45:28 +0900] "GET /favicon.ico HTTP/1.1" 200 946
0:0:0:0:0:0:0:1 - - [22/Feb/2018:17:48:33 +0900] "GET /test?name=1 HTTP/1.1" 200 31
0:0:0:0:0:0:0:1 - - [22/Feb/2018:17:48:35 +0900] "GET /test?name=1 HTTP/1.1" 200 31
0:0:0:0:0:0:0:1 - - [22/Feb/2018:17:48:35 +0900] "GET /favicon.ico HTTP/1.1" 200 946
0:0:0:0:0:0:0:1 - - [22/Feb/2018:17:48:35 +0900] "GET /test?name=1 HTTP/1.1" 200 31
0:0:0:0:0:0:0:1 - - [22/Feb/2018:17:48:35 +0900] "GET /favicon.ico HTTP/1.1" 200 946
0:0:0:0:0:0:0:1 - - [22/Feb/2018:17:48:35 +0900] "GET /test?name=1 HTTP/1.1" 200 31
0:0:0:0:0:0:0:1 - - [22/Feb/2018:17:48:35 +0900] "GET /favicon.ico HTTP/1.1" 200 946
0:0:0:0:0:0:0:1 - - [22/Feb/2018:17:48:35 +0900] "GET /test?name=1 HTTP/1.1" 200 31
0:0:0:0:0:0:0:1 - - [22/Feb/2018:17:48:36 +0900] "GET /favicon.ico HTTP/1.1" 200 946
0:0:0:0:0:0:0:1 - - [22/Feb/2018:17:48:36 +0900] "GET /test?name=1 HTTP/1.1" 200 31
0:0:0:0:0:0:0:1 - - [22/Feb/2018:17:48:36 +0900] "GET /favicon.ico HTTP/1.1" 200 946
0:0:0:0:0:0:0:1 - - [22/Feb/2018:17:48:36 +0900] "GET /test?name=1 HTTP/1.1" 200 31
0:0:0:0:0:0:0:1 - - [22/Feb/2018:17:48:36 +0900] "GET /favicon.ico HTTP/1.1" 200 946
0:0:0:0:0:0:0:1 - - [22/Feb/2018:17:48:37 +0900] "GET /test?name=1 HTTP/1.1" 200 31
0:0:0:0:0:0:0:1 - - [22/Feb/2018:17:48:37 +0900] "GET /favicon.ico HTTP/1.1" 200 946
0:0:0:0:0:0:0:1 - - [22/Feb/2018:17:48:37 +0900] "GET /test?name=1 HTTP/1.1" 200 31
0:0:0:0:0:0:0:1 - - [22/Feb/2018:17:48:37 +0900] "GET /favicon.ico HTTP/1.1" 200 946
0:0:0:0:0:0:0:1 - - [22/Feb/2018:17:48:38 +0900] "GET /test?name=1 HTTP/1.1" 200 32
0:0:0:0:0:0:0:1 - - [22/Feb/2018:17:48:38 +0900] "GET /favicon.ico HTTP/1.1" 200 946
0:0:0:0:0:0:0:1 - - [22/Feb/2018:18:10:21 +0900] "GET /test2?name=1 HTTP/1.1" 500 472
0:0:0:0:0:0:0:1 - - [22/Feb/2018:18:10:21 +0900] "GET /favicon.ico HTTP/1.1" 200 946
0:0:0:0:0:0:0:1 - - [22/Feb/2018:18:10:28 +0900] "GET /test?name=1 HTTP/1.1" 200 31
0:0:0:0:0:0:0:1 - - [22/Feb/2018:18:49:43 +0900] "GET /test?name=1 HTTP/1.1" 200 31
0:0:0:0:0:0:0:1 - - [22/Feb/2018:18:49:45 +0900] "GET /test?name=1 HTTP/1.1" 200 31
0:0:0:0:0:0:0:1 - - [22/Feb/2018:18:49:45 +0900] "GET /favicon.ico HTTP/1.1" 200 946
0:0:0:0:0:0:0:1 - - [22/Feb/2018:18:49:45 +0900] "GET /test?name=1 HTTP/1.1" 200 31
0:0:0:0:0:0:0:1 - - [22/Feb/2018:18:49:45 +0900] "GET /favicon.ico HTTP/1.1" 200 946
0:0:0:0:0:0:0:1 - - [22/Feb/2018:18:49:46 +0900] "GET /test?name=1 HTTP/1.1" 200 31
0:0:0:0:0:0:0:1 - - [22/Feb/2018:18:49:46 +0900] "GET /favicon.ico HTTP/1.1" 200 946
0:0:0:0:0:0:0:1 - - [22/Feb/2018:18:49:46 +0900] "GET /test?name=1 HTTP/1.1" 200 31
0:0:0:0:0:0:0:1 - - [22/Feb/2018:18:49:46 +0900] "GET /favicon.ico HTTP/1.1" 200 946
0:0:0:0:0:0:0:1 - - [22/Feb/2018:18:49:46 +0900] "GET /test?name=1 HTTP/1.1" 200 31
0:0:0:0:0:0:0:1 - - [22/Feb/2018:18:49:46 +0900] "GET /favicon.ico HTTP/1.1" 200 946
0:0:0:0:0:0:0:1 - - [22/Feb/2018:18:49:46 +0900] "GET /test?name=1 HTTP/1.1" 200 31
0:0:0:0:0:0:0:1 - - [22/Feb/2018:18:49:46 +0900] "GET /favicon.ico HTTP/1.1" 200 946
0:0:0:0:0:0:0:1 - - [22/Feb/2018:18:49:46 +0900] "GET /test?name=1 HTTP/1.1" 200 31
0:0:0:0:0:0:0:1 - - [22/Feb/2018:18:49:46 +0900] "GET /favicon.ico HTTP/1.1" 200 946
0:0:0:0:0:0:0:1 - - [22/Feb/2018:18:49:46 +0900] "GET /test?name=1 HTTP/1.1" 200 31
0:0:0:0:0:0:0:1 - - [22/Feb/2018:18:49:46 +0900] "GET /favicon.ico HTTP/1.1" 200 946
0:0:0:0:0:0:0:1 - - [22/Feb/2018:18:49:52 +0900] "GET /test/1 HTTP/1.1" 200 31
0:0:0:0:0:0:0:1 - - [22/Feb/2018:18:50:00 +0900] "GET /test/2 HTTP/1.1" 200 31
0:0:0:0:0:0:0:1 - - [22/Feb/2018:18:50:06 +0900] "GET /test/223423 HTTP/1.1" 200 -
0:0:0:0:0:0:0:1 - - [22/Feb/2018:18:50:10 +0900] "GET /test/22 HTTP/1.1" 200 -
0:0:0:0:0:0:0:1 - - [22/Feb/2018:18:50:14 +0900] "GET /test/1 HTTP/1.1" 200 31
0:0:0:0:0:0:0:1 - - [22/Feb/2018:18:50:17 +0900] "GET /test/2 HTTP/1.1" 200 31
0:0:0:0:0:0:0:1 - - [22/Feb/2018:18:50:21 +0900] "GET /test/3 HTTP/1.1" 200 31
0:0:0:0:0:0:0:1 - - [22/Feb/2018:18:50:23 +0900] "GET /test/4 HTTP/1.1" 200 31
