0:0:0:0:0:0:0:1 - - [21/Feb/2018:14:20:35 +0900] "GET /test?name=1 HTTP/1.1" 500 318
0:0:0:0:0:0:0:1 - - [21/Feb/2018:14:21:03 +0900] "GET /test?name=1 HTTP/1.1" 500 430
0:0:0:0:0:0:0:1 - - [21/Feb/2018:14:21:03 +0900] "GET /favicon.ico HTTP/1.1" 200 946
0:0:0:0:0:0:0:1 - - [21/Feb/2018:14:24:58 +0900] "GET /test?name=1 HTTP/1.1" 200 31
0:0:0:0:0:0:0:1 - - [21/Feb/2018:14:24:58 +0900] "GET /favicon.ico HTTP/1.1" 200 946
0:0:0:0:0:0:0:1 - - [21/Feb/2018:14:25:03 +0900] "GET /test?name=2 HTTP/1.1" 200 31
0:0:0:0:0:0:0:1 - - [21/Feb/2018:14:25:07 +0900] "GET /test/1 HTTP/1.1" 500 374
0:0:0:0:0:0:0:1 - - [21/Feb/2018:14:25:51 +0900] "GET /test/1 HTTP/1.1" 200 -
0:0:0:0:0:0:0:1 - - [21/Feb/2018:14:25:51 +0900] "GET /favicon.ico HTTP/1.1" 200 946
0:0:0:0:0:0:0:1 - - [21/Feb/2018:14:25:56 +0900] "GET /test/1 HTTP/1.1" 200 -
0:0:0:0:0:0:0:1 - - [21/Feb/2018:14:25:56 +0900] "GET /favicon.ico HTTP/1.1" 200 946
0:0:0:0:0:0:0:1 - - [21/Feb/2018:14:25:58 +0900] "GET /test/1 HTTP/1.1" 200 -
0:0:0:0:0:0:0:1 - - [21/Feb/2018:14:25:58 +0900] "GET /favicon.ico HTTP/1.1" 200 946
0:0:0:0:0:0:0:1 - - [21/Feb/2018:14:26:04 +0900] "GET /test?name=1 HTTP/1.1" 200 31
0:0:0:0:0:0:0:1 - - [21/Feb/2018:14:26:08 +0900] "GET /test?name=2 HTTP/1.1" 200 31
0:0:0:0:0:0:0:1 - - [21/Feb/2018:14:26:15 +0900] "GET /test/1 HTTP/1.1" 200 31
0:0:0:0:0:0:0:1 - - [21/Feb/2018:14:26:20 +0900] "GET /test/2 HTTP/1.1" 200 31
0:0:0:0:0:0:0:1 - - [21/Feb/2018:16:05:16 +0900] "GET /test?name=1 HTTP/1.1" 500 436
0:0:0:0:0:0:0:1 - - [21/Feb/2018:16:06:42 +0900] "GET /test?name=1 HTTP/1.1" 500 436
0:0:0:0:0:0:0:1 - - [21/Feb/2018:16:06:43 +0900] "GET /favicon.ico HTTP/1.1" 200 946
0:0:0:0:0:0:0:1 - - [21/Feb/2018:16:11:08 +0900] "GET /test?name=1 HTTP/1.1" 500 436
0:0:0:0:0:0:0:1 - - [21/Feb/2018:16:11:08 +0900] "GET /favicon.ico HTTP/1.1" 200 946
0:0:0:0:0:0:0:1 - - [21/Feb/2018:16:11:45 +0900] "GET /test?name=1 HTTP/1.1" 200 31
0:0:0:0:0:0:0:1 - - [21/Feb/2018:16:11:45 +0900] "GET /favicon.ico HTTP/1.1" 200 946
0:0:0:0:0:0:0:1 - - [21/Feb/2018:16:23:03 +0900] "GET /test?name=1 HTTP/1.1" 200 31
0:0:0:0:0:0:0:1 - - [21/Feb/2018:16:27:32 +0900] "GET /test?name=1 HTTP/1.1" 200 31
0:0:0:0:0:0:0:1 - - [21/Feb/2018:16:27:33 +0900] "GET /favicon.ico HTTP/1.1" 200 946
0:0:0:0:0:0:0:1 - - [21/Feb/2018:17:08:54 +0900] "GET /test?name=1 HTTP/1.1" 500 490
0:0:0:0:0:0:0:1 - - [21/Feb/2018:17:08:54 +0900] "GET /favicon.ico HTTP/1.1" 200 946
0:0:0:0:0:0:0:1 - - [21/Feb/2018:17:08:57 +0900] "GET /test?name=1 HTTP/1.1" 500 490
0:0:0:0:0:0:0:1 - - [21/Feb/2018:17:08:57 +0900] "GET /favicon.ico HTTP/1.1" 200 946
0:0:0:0:0:0:0:1 - - [21/Feb/2018:17:08:58 +0900] "GET /test?name=1 HTTP/1.1" 500 490
0:0:0:0:0:0:0:1 - - [21/Feb/2018:17:08:58 +0900] "GET /favicon.ico HTTP/1.1" 200 946
0:0:0:0:0:0:0:1 - - [21/Feb/2018:17:11:18 +0900] "GET /test?name=1 HTTP/1.1" 500 490
0:0:0:0:0:0:0:1 - - [21/Feb/2018:17:11:18 +0900] "GET /favicon.ico HTTP/1.1" 200 946
0:0:0:0:0:0:0:1 - - [21/Feb/2018:17:22:47 +0900] "GET /test?name=1 HTTP/1.1" 200 31
0:0:0:0:0:0:0:1 - - [21/Feb/2018:17:22:47 +0900] "GET /favicon.ico HTTP/1.1" 200 946
0:0:0:0:0:0:0:1 - - [21/Feb/2018:17:27:01 +0900] "GET /test?name=1 HTTP/1.1" 200 31
0:0:0:0:0:0:0:1 - - [21/Feb/2018:17:27:01 +0900] "GET /favicon.ico HTTP/1.1" 200 946
0:0:0:0:0:0:0:1 - - [21/Feb/2018:17:27:03 +0900] "GET /test?name=1 HTTP/1.1" 200 31
0:0:0:0:0:0:0:1 - - [21/Feb/2018:17:27:03 +0900] "GET /favicon.ico HTTP/1.1" 200 946
0:0:0:0:0:0:0:1 - - [21/Feb/2018:17:27:59 +0900] "GET /test?name=1 HTTP/1.1" 200 31
0:0:0:0:0:0:0:1 - - [21/Feb/2018:17:28:03 +0900] "GET /test?name=2 HTTP/1.1" 200 31
0:0:0:0:0:0:0:1 - - [21/Feb/2018:17:28:08 +0900] "GET /test2?name=3 HTTP/1.1" 200 31
0:0:0:0:0:0:0:1 - - [21/Feb/2018:17:29:40 +0900] "GET /test?name=3 HTTP/1.1" 200 31
0:0:0:0:0:0:0:1 - - [21/Feb/2018:17:31:09 +0900] "GET /test?name=3 HTTP/1.1" 200 31
0:0:0:0:0:0:0:1 - - [21/Feb/2018:17:31:09 +0900] "GET /favicon.ico HTTP/1.1" 200 946
0:0:0:0:0:0:0:1 - - [21/Feb/2018:17:31:11 +0900] "GET /test?name=3 HTTP/1.1" 200 31
0:0:0:0:0:0:0:1 - - [21/Feb/2018:17:31:11 +0900] "GET /favicon.ico HTTP/1.1" 200 946
0:0:0:0:0:0:0:1 - - [21/Feb/2018:17:31:12 +0900] "GET /test?name=3 HTTP/1.1" 200 31
0:0:0:0:0:0:0:1 - - [21/Feb/2018:17:31:12 +0900] "GET /favicon.ico HTTP/1.1" 200 946
0:0:0:0:0:0:0:1 - - [21/Feb/2018:17:31:17 +0900] "GET /test2?name=3 HTTP/1.1" 200 31
0:0:0:0:0:0:0:1 - - [21/Feb/2018:17:31:22 +0900] "GET /test2?name=3 HTTP/1.1" 200 31
0:0:0:0:0:0:0:1 - - [21/Feb/2018:17:31:22 +0900] "GET /favicon.ico HTTP/1.1" 200 946
0:0:0:0:0:0:0:1 - - [21/Feb/2018:17:31:22 +0900] "GET /test2?name=3 HTTP/1.1" 200 31
0:0:0:0:0:0:0:1 - - [21/Feb/2018:17:31:22 +0900] "GET /favicon.ico HTTP/1.1" 200 946
0:0:0:0:0:0:0:1 - - [21/Feb/2018:17:31:23 +0900] "GET /test2?name=3 HTTP/1.1" 200 31
0:0:0:0:0:0:0:1 - - [21/Feb/2018:17:31:23 +0900] "GET /favicon.ico HTTP/1.1" 200 946
0:0:0:0:0:0:0:1 - - [21/Feb/2018:17:31:23 +0900] "GET /test2?name=3 HTTP/1.1" 200 31
0:0:0:0:0:0:0:1 - - [21/Feb/2018:17:31:23 +0900] "GET /favicon.ico HTTP/1.1" 200 946
0:0:0:0:0:0:0:1 - - [21/Feb/2018:17:31:23 +0900] "GET /test2?name=3 HTTP/1.1" 200 31
0:0:0:0:0:0:0:1 - - [21/Feb/2018:17:31:23 +0900] "GET /favicon.ico HTTP/1.1" 200 946
0:0:0:0:0:0:0:1 - - [21/Feb/2018:17:31:26 +0900] "GET /test?name=3 HTTP/1.1" 200 32
0:0:0:0:0:0:0:1 - - [21/Feb/2018:17:34:55 +0900] "GET /test?name=3 HTTP/1.1" 200 31
0:0:0:0:0:0:0:1 - - [21/Feb/2018:17:34:55 +0900] "GET /favicon.ico HTTP/1.1" 200 946
0:0:0:0:0:0:0:1 - - [21/Feb/2018:17:35:00 +0900] "GET /test2?name=3 HTTP/1.1" 200 31
0:0:0:0:0:0:0:1 - - [21/Feb/2018:17:40:48 +0900] "GET /test?name=1 HTTP/1.1" 200 31
0:0:0:0:0:0:0:1 - - [21/Feb/2018:17:40:53 +0900] "GET /test2?name=1 HTTP/1.1" 200 31
0:0:0:0:0:0:0:1 - - [21/Feb/2018:17:40:58 +0900] "GET /test2?name=1 HTTP/1.1" 200 31
0:0:0:0:0:0:0:1 - - [21/Feb/2018:17:41:03 +0900] "GET /test?name=1 HTTP/1.1" 200 31
0:0:0:0:0:0:0:1 - - [21/Feb/2018:17:44:34 +0900] "GET /test?name=1 HTTP/1.1" 200 31
0:0:0:0:0:0:0:1 - - [21/Feb/2018:17:44:34 +0900] "GET /favicon.ico HTTP/1.1" 200 946
0:0:0:0:0:0:0:1 - - [21/Feb/2018:17:44:39 +0900] "GET /test?name=1 HTTP/1.1" 200 31
0:0:0:0:0:0:0:1 - - [21/Feb/2018:17:44:39 +0900] "GET /favicon.ico HTTP/1.1" 200 946
0:0:0:0:0:0:0:1 - - [21/Feb/2018:17:44:43 +0900] "GET /test2?name=1 HTTP/1.1" 200 31
0:0:0:0:0:0:0:1 - - [21/Feb/2018:18:37:57 +0900] "GET /test2?name=1 HTTP/1.1" 200 31
0:0:0:0:0:0:0:1 - - [21/Feb/2018:18:37:58 +0900] "GET /favicon.ico HTTP/1.1" 200 946
0:0:0:0:0:0:0:1 - - [21/Feb/2018:18:38:02 +0900] "GET /test?name=1 HTTP/1.1" 200 31
0:0:0:0:0:0:0:1 - - [21/Feb/2018:18:38:04 +0900] "GET /test?name=1 HTTP/1.1" 200 31
0:0:0:0:0:0:0:1 - - [21/Feb/2018:18:38:04 +0900] "GET /favicon.ico HTTP/1.1" 200 946
0:0:0:0:0:0:0:1 - - [21/Feb/2018:18:38:08 +0900] "GET /test2?name=1 HTTP/1.1" 200 31
0:0:0:0:0:0:0:1 - - [21/Feb/2018:18:47:54 +0900] "GET /test?name=1 HTTP/1.1" 200 31
0:0:0:0:0:0:0:1 - - [21/Feb/2018:18:47:58 +0900] "GET /test2?name=1 HTTP/1.1" 200 31
0:0:0:0:0:0:0:1 - - [21/Feb/2018:18:48:06 +0900] "GET /test3?name=1 HTTP/1.1" 404 306
0:0:0:0:0:0:0:1 - - [21/Feb/2018:18:48:11 +0900] "GET /test?name=1 HTTP/1.1" 200 31
0:0:0:0:0:0:0:1 - - [21/Feb/2018:18:48:16 +0900] "GET /test2?name=1 HTTP/1.1" 200 31
0:0:0:0:0:0:0:1 - - [21/Feb/2018:18:54:40 +0900] "GET /test2?name=1 HTTP/1.1" 200 31
0:0:0:0:0:0:0:1 - - [21/Feb/2018:18:54:40 +0900] "GET /favicon.ico HTTP/1.1" 200 946
0:0:0:0:0:0:0:1 - - [21/Feb/2018:18:54:58 +0900] "GET /test?name=1 HTTP/1.1" 200 31
